15/01/2014 00:21:57 (Std) 	+-+-+-+-+-+-+-+-+-+-+-+-+-+-+-+-+-+-+-+-+-+-+-+-+-+-+-+-+-+-+-+-+-+-+-+-+-+-+-+
15/01/2014 00:21:57 (Std) 	+                     Crazy Eddie's GUI System - Event log                    +
15/01/2014 00:21:57 (Std) 	+                          (http://www.cegui.org.uk/)                         +
15/01/2014 00:21:57 (Std) 	+-+-+-+-+-+-+-+-+-+-+-+-+-+-+-+-+-+-+-+-+-+-+-+-+-+-+-+-+-+-+-+-+-+-+-+-+-+-+-+

15/01/2014 00:21:57 (Std) 	CEGUI::Logger singleton created. (0x1003150)
15/01/2014 00:21:57 (Std) 	
15/01/2014 00:21:57 (Std) 	********************************************************************************
15/01/2014 00:21:57 (Std) 	* Important:                                                                   *
15/01/2014 00:21:57 (Std) 	*     To get support at the CEGUI forums, you must post _at least_ the section *
15/01/2014 00:21:57 (Std) 	*     of this log file indicated below.  Failure to do this will result in no  *
15/01/2014 00:21:57 (Std) 	*     support being given; please do not waste our time.                       *
15/01/2014 00:21:57 (Std) 	********************************************************************************
15/01/2014 00:21:57 (Std) 	********************************************************************************
15/01/2014 00:21:57 (Std) 	* -------- START OF ESSENTIAL SECTION TO BE POSTED ON THE FORUM       -------- *
15/01/2014 00:21:57 (Std) 	********************************************************************************
15/01/2014 00:21:57 (Std) 	---- Version: 0.8.3 (Build: Jan 13 2014 GNU/Linux g++ 4.8.1 64 bit) ----
15/01/2014 00:21:57 (Std) 	---- Renderer module is: CEGUI::OgreRenderer - Official OGRE based 2nd generation renderer module. ----
15/01/2014 00:21:57 (Std) 	---- XML Parser module is: CEGUI::ExpatParser - Official expat based parser module for CEGUI ----
15/01/2014 00:21:57 (Std) 	---- Image Codec module is: OgreImageCodec - Integrated ImageCodec using the Ogre engine. ----
15/01/2014 00:21:57 (Std) 	---- Scripting module is: None ----
15/01/2014 00:21:57 (Std) 	********************************************************************************
15/01/2014 00:21:57 (Std) 	* -------- END OF ESSENTIAL SECTION TO BE POSTED ON THE FORUM         -------- *
15/01/2014 00:21:57 (Std) 	********************************************************************************
15/01/2014 00:21:57 (Std) 	
15/01/2014 00:21:57 (Std) 	---- Begining CEGUI System initialisation ----
15/01/2014 00:21:57 (Std) 	[CEGUI::ImageManager] Singleton created (0xf2d320)
15/01/2014 00:21:57 (Std) 	[CEGUI::ImageManager] Registered Image type: BasicImage
15/01/2014 00:21:57 (Std) 	CEGUI::FontManager singleton created. (0xf2f870)
15/01/2014 00:21:57 (Std) 	CEGUI::WindowFactoryManager singleton created
15/01/2014 00:21:57 (Std) 	CEGUI::WindowManager singleton created (0xfb6260)
15/01/2014 00:21:57 (Std) 	CEGUI::SchemeManager singleton created. (0xf86760)
15/01/2014 00:21:57 (Std) 	CEGUI::GlobalEventSet singleton created. (0xfbddb0)
15/01/2014 00:21:57 (Std) 	CEGUI::AnimationManager singleton created (0xd9da50)
15/01/2014 00:21:57 (Std) 	CEGUI::WidgetLookManager singleton created. (0xffdfc0)
15/01/2014 00:21:57 (Std) 	CEGUI::WindowRendererManager singleton created (0xe46460)
15/01/2014 00:21:57 (Std) 	CEGUI::RenderEffectManager singleton created (0xfe8240)
15/01/2014 00:21:57 (Std) 	Created WindowFactory for 'DefaultWindow' windows.
15/01/2014 00:21:57 (Std) 	WindowFactory for 'DefaultWindow' windows added. (0xfc3a60)
15/01/2014 00:21:57 (Std) 	Created WindowFactory for 'DragContainer' windows.
15/01/2014 00:21:57 (Std) 	WindowFactory for 'DragContainer' windows added. (0xe22c60)
15/01/2014 00:21:57 (Std) 	Created WindowFactory for 'ScrolledContainer' windows.
15/01/2014 00:21:57 (Std) 	WindowFactory for 'ScrolledContainer' windows added. (0xffdcb0)
15/01/2014 00:21:57 (Std) 	Created WindowFactory for 'ClippedContainer' windows.
15/01/2014 00:21:57 (Std) 	WindowFactory for 'ClippedContainer' windows added. (0xf226e0)
15/01/2014 00:21:57 (Std) 	Created WindowFactory for 'CEGUI/PushButton' windows.
15/01/2014 00:21:57 (Std) 	WindowFactory for 'CEGUI/PushButton' windows added. (0xfc1cf0)
15/01/2014 00:21:57 (Std) 	Created WindowFactory for 'CEGUI/RadioButton' windows.
15/01/2014 00:21:57 (Std) 	WindowFactory for 'CEGUI/RadioButton' windows added. (0xf2f5a0)
15/01/2014 00:21:57 (Std) 	Created WindowFactory for 'CEGUI/Combobox' windows.
15/01/2014 00:21:57 (Std) 	WindowFactory for 'CEGUI/Combobox' windows added. (0xfbb210)
15/01/2014 00:21:57 (Std) 	Created WindowFactory for 'CEGUI/ComboDropList' windows.
15/01/2014 00:21:57 (Std) 	WindowFactory for 'CEGUI/ComboDropList' windows added. (0x101d360)
15/01/2014 00:21:57 (Std) 	Created WindowFactory for 'CEGUI/Editbox' windows.
15/01/2014 00:21:57 (Std) 	WindowFactory for 'CEGUI/Editbox' windows added. (0xfe7680)
15/01/2014 00:21:57 (Std) 	Created WindowFactory for 'CEGUI/FrameWindow' windows.
15/01/2014 00:21:57 (Std) 	WindowFactory for 'CEGUI/FrameWindow' windows added. (0xfe7dc0)
15/01/2014 00:21:57 (Std) 	Created WindowFactory for 'CEGUI/ItemEntry' windows.
15/01/2014 00:21:57 (Std) 	WindowFactory for 'CEGUI/ItemEntry' windows added. (0xfe6f90)
15/01/2014 00:21:57 (Std) 	Created WindowFactory for 'CEGUI/Listbox' windows.
15/01/2014 00:21:57 (Std) 	WindowFactory for 'CEGUI/Listbox' windows added. (0xf29ba0)
15/01/2014 00:21:57 (Std) 	Created WindowFactory for 'CEGUI/ListHeader' windows.
15/01/2014 00:21:57 (Std) 	WindowFactory for 'CEGUI/ListHeader' windows added. (0xfab440)
15/01/2014 00:21:57 (Std) 	Created WindowFactory for 'CEGUI/ListHeaderSegment' windows.
15/01/2014 00:21:57 (Std) 	WindowFactory for 'CEGUI/ListHeaderSegment' windows added. (0xff9170)
15/01/2014 00:21:57 (Std) 	Created WindowFactory for 'CEGUI/Menubar' windows.
15/01/2014 00:21:57 (Std) 	WindowFactory for 'CEGUI/Menubar' windows added. (0xf31b20)
15/01/2014 00:21:57 (Std) 	Created WindowFactory for 'CEGUI/PopupMenu' windows.
15/01/2014 00:21:57 (Std) 	WindowFactory for 'CEGUI/PopupMenu' windows added. (0x100c180)
15/01/2014 00:21:57 (Std) 	Created WindowFactory for 'CEGUI/MenuItem' windows.
15/01/2014 00:21:57 (Std) 	WindowFactory for 'CEGUI/MenuItem' windows added. (0xfe78d0)
15/01/2014 00:21:57 (Std) 	Created WindowFactory for 'CEGUI/MultiColumnList' windows.
15/01/2014 00:21:57 (Std) 	WindowFactory for 'CEGUI/MultiColumnList' windows added. (0xfc9da0)
15/01/2014 00:21:57 (Std) 	Created WindowFactory for 'CEGUI/MultiLineEditbox' windows.
15/01/2014 00:21:57 (Std) 	WindowFactory for 'CEGUI/MultiLineEditbox' windows added. (0xf29270)
15/01/2014 00:21:57 (Std) 	Created WindowFactory for 'CEGUI/ProgressBar' windows.
15/01/2014 00:21:57 (Std) 	WindowFactory for 'CEGUI/ProgressBar' windows added. (0xf29330)
15/01/2014 00:21:57 (Std) 	Created WindowFactory for 'CEGUI/ScrollablePane' windows.
15/01/2014 00:21:57 (Std) 	WindowFactory for 'CEGUI/ScrollablePane' windows added. (0xfc5bc0)
15/01/2014 00:21:57 (Std) 	Created WindowFactory for 'CEGUI/Scrollbar' windows.
15/01/2014 00:21:57 (Std) 	WindowFactory for 'CEGUI/Scrollbar' windows added. (0xfc5d60)
15/01/2014 00:21:57 (Std) 	Created WindowFactory for 'CEGUI/Slider' windows.
15/01/2014 00:21:57 (Std) 	WindowFactory for 'CEGUI/Slider' windows added. (0x100bf50)
15/01/2014 00:21:57 (Std) 	Created WindowFactory for 'CEGUI/Spinner' windows.
15/01/2014 00:21:57 (Std) 	WindowFactory for 'CEGUI/Spinner' windows added. (0xff6640)
15/01/2014 00:21:57 (Std) 	Created WindowFactory for 'CEGUI/TabButton' windows.
15/01/2014 00:21:57 (Std) 	WindowFactory for 'CEGUI/TabButton' windows added. (0xff67e0)
15/01/2014 00:21:57 (Std) 	Created WindowFactory for 'CEGUI/TabControl' windows.
15/01/2014 00:21:57 (Std) 	WindowFactory for 'CEGUI/TabControl' windows added. (0xfd0250)
15/01/2014 00:21:57 (Std) 	Created WindowFactory for 'CEGUI/Thumb' windows.
15/01/2014 00:21:57 (Std) 	WindowFactory for 'CEGUI/Thumb' windows added. (0xf310f0)
15/01/2014 00:21:57 (Std) 	Created WindowFactory for 'CEGUI/Titlebar' windows.
15/01/2014 00:21:57 (Std) 	WindowFactory for 'CEGUI/Titlebar' windows added. (0xf31290)
15/01/2014 00:21:57 (Std) 	Created WindowFactory for 'CEGUI/ToggleButton' windows.
15/01/2014 00:21:57 (Std) 	WindowFactory for 'CEGUI/ToggleButton' windows added. (0xf2acf0)
15/01/2014 00:21:57 (Std) 	Created WindowFactory for 'CEGUI/Tooltip' windows.
15/01/2014 00:21:57 (Std) 	WindowFactory for 'CEGUI/Tooltip' windows added. (0x100d250)
15/01/2014 00:21:57 (Std) 	Created WindowFactory for 'CEGUI/ItemListbox' windows.
15/01/2014 00:21:57 (Std) 	WindowFactory for 'CEGUI/ItemListbox' windows added. (0x100d3f0)
15/01/2014 00:21:57 (Std) 	Created WindowFactory for 'CEGUI/GroupBox' windows.
15/01/2014 00:21:57 (Std) 	WindowFactory for 'CEGUI/GroupBox' windows added. (0xff7b00)
15/01/2014 00:21:57 (Std) 	Created WindowFactory for 'CEGUI/Tree' windows.
15/01/2014 00:21:57 (Std) 	WindowFactory for 'CEGUI/Tree' windows added. (0xfca350)
15/01/2014 00:21:57 (Std) 	Created WindowFactory for 'LayoutCell' windows.
15/01/2014 00:21:57 (Std) 	WindowFactory for 'LayoutCell' windows added. (0xfb8490)
15/01/2014 00:21:57 (Std) 	Created WindowFactory for 'HorizontalLayoutContainer' windows.
15/01/2014 00:21:57 (Std) 	WindowFactory for 'HorizontalLayoutContainer' windows added. (0xfca4f0)
15/01/2014 00:21:57 (Std) 	Created WindowFactory for 'VerticalLayoutContainer' windows.
15/01/2014 00:21:57 (Std) 	WindowFactory for 'VerticalLayoutContainer' windows added. (0xff8f10)
15/01/2014 00:21:57 (Std) 	Created WindowFactory for 'GridLayoutContainer' windows.
15/01/2014 00:21:57 (Std) 	WindowFactory for 'GridLayoutContainer' windows added. (0xfc19b0)
15/01/2014 00:21:57 (Std) 	CEGUI::System singleton created. (0xfceae0)
15/01/2014 00:21:57 (Std) 	---- CEGUI System initialisation completed ----
15/01/2014 00:21:57 (Std) 	
15/01/2014 00:21:57 (Std) 	Started creation of Scheme from XML specification:
15/01/2014 00:21:57 (Std) 	---- CEGUI GUIScheme name: TaharezLook
15/01/2014 00:21:57 (Std) 	[ImageManager] Started creation of Imageset from XML specification:
15/01/2014 00:21:57 (Std) 	[ImageManager] ---- CEGUI Imageset name: TaharezLook
15/01/2014 00:21:57 (Std) 	[ImageManager] ---- Source texture file: TaharezLook.png
15/01/2014 00:21:57 (Std) 	[ImageManager] ---- Source texture resource group: (Default)
15/01/2014 00:21:57 (Std) 	[OgreRenderer] Created texture: TaharezLook
15/01/2014 00:21:57 (Std) 	[ImageManager] Created image: 'TaharezLook/ClientBrush' (0x100e0d0) of type: BasicImage
15/01/2014 00:21:57 (Std) 	[ImageManager] Created image: 'TaharezLook/GenericBrush' (0x100df40) of type: BasicImage
15/01/2014 00:21:57 (Std) 	[ImageManager] Created image: 'TaharezLook/WindowLeftEdge' (0x1010560) of type: BasicImage
15/01/2014 00:21:57 (Std) 	[ImageManager] Created image: 'TaharezLook/WindowRightEdge' (0x1010770) of type: BasicImage
15/01/2014 00:21:57 (Std) 	[ImageManager] Created image: 'TaharezLook/WindowTopEdge' (0x100ff20) of type: BasicImage
15/01/2014 00:21:57 (Std) 	[ImageManager] Created image: 'TaharezLook/WindowBottomEdge' (0x100dc20) of type: BasicImage
15/01/2014 00:21:57 (Std) 	[ImageManager] Created image: 'TaharezLook/WindowTopLeft' (0x1010980) of type: BasicImage
15/01/2014 00:21:57 (Std) 	[ImageManager] Created image: 'TaharezLook/WindowTopRight' (0x1010b90) of type: BasicImage
15/01/2014 00:21:57 (Std) 	[ImageManager] Created image: 'TaharezLook/WindowBottomLeft' (0x10102c0) of type: BasicImage
15/01/2014 00:21:57 (Std) 	[ImageManager] Created image: 'TaharezLook/WindowBottomRight' (0x101d5a0) of type: BasicImage
15/01/2014 00:21:57 (Std) 	[ImageManager] Created image: 'TaharezLook/ButtonLeftNormal' (0x101d7b0) of type: BasicImage
15/01/2014 00:21:57 (Std) 	[ImageManager] Created image: 'TaharezLook/ButtonMiddleNormal' (0x101d9c0) of type: BasicImage
15/01/2014 00:21:57 (Std) 	[ImageManager] Created image: 'TaharezLook/ButtonRightNormal' (0x101dbd0) of type: BasicImage
15/01/2014 00:21:57 (Std) 	[ImageManager] Created image: 'TaharezLook/ButtonLeftPushed' (0x101dde0) of type: BasicImage
15/01/2014 00:21:57 (Std) 	[ImageManager] Created image: 'TaharezLook/ButtonMiddlePushed' (0x101dff0) of type: BasicImage
15/01/2014 00:21:57 (Std) 	[ImageManager] Created image: 'TaharezLook/ButtonRightPushed' (0x101e200) of type: BasicImage
15/01/2014 00:21:57 (Std) 	[ImageManager] Created image: 'TaharezLook/ButtonLeftHighlight' (0x101e410) of type: BasicImage
15/01/2014 00:21:57 (Std) 	[ImageManager] Created image: 'TaharezLook/ButtonMiddleHighlight' (0x101e620) of type: BasicImage
15/01/2014 00:21:57 (Std) 	[ImageManager] Created image: 'TaharezLook/ButtonRightHighlight' (0x1016130) of type: BasicImage
15/01/2014 00:21:57 (Std) 	[ImageManager] Created image: 'TaharezLook/CheckboxNormal' (0x10164f0) of type: BasicImage
15/01/2014 00:21:57 (Std) 	[ImageManager] Created image: 'TaharezLook/CheckboxHover' (0x1016700) of type: BasicImage
15/01/2014 00:21:57 (Std) 	[ImageManager] Created image: 'TaharezLook/CheckboxMark' (0x1016910) of type: BasicImage
15/01/2014 00:21:57 (Std) 	[ImageManager] Created image: 'TaharezLook/RadioButtonNormal' (0x1016b20) of type: BasicImage
15/01/2014 00:21:57 (Std) 	[ImageManager] Created image: 'TaharezLook/RadioButtonHover' (0x1016d30) of type: BasicImage
15/01/2014 00:21:57 (Std) 	[ImageManager] Created image: 'TaharezLook/RadioButtonMark' (0x1016f40) of type: BasicImage
15/01/2014 00:21:57 (Std) 	[ImageManager] Created image: 'TaharezLook/TitlebarLeft' (0xfad470) of type: BasicImage
15/01/2014 00:21:57 (Std) 	[ImageManager] Created image: 'TaharezLook/TitlebarMiddle' (0x100e240) of type: BasicImage
15/01/2014 00:21:57 (Std) 	[ImageManager] Created image: 'TaharezLook/TitlebarRight' (0x100e450) of type: BasicImage
15/01/2014 00:21:57 (Std) 	[ImageManager] Created image: 'TaharezLook/NewTitlebarLeft' (0x100e660) of type: BasicImage
15/01/2014 00:21:57 (Std) 	[ImageManager] Created image: 'TaharezLook/NewTitlebarMiddle' (0x100e870) of type: BasicImage
15/01/2014 00:21:57 (Std) 	[ImageManager] Created image: 'TaharezLook/NewTitlebarRight' (0x100ea80) of type: BasicImage
15/01/2014 00:21:57 (Std) 	[ImageManager] Created image: 'TaharezLook/SysAreaMiddle' (0x100ec90) of type: BasicImage
15/01/2014 00:21:57 (Std) 	[ImageManager] Created image: 'TaharezLook/SysAreaRight' (0x100eea0) of type: BasicImage
15/01/2014 00:21:57 (Std) 	[ImageManager] Created image: 'TaharezLook/StaticLeft' (0x100f0b0) of type: BasicImage
15/01/2014 00:21:57 (Std) 	[ImageManager] Created image: 'TaharezLook/StaticRight' (0x100f2c0) of type: BasicImage
15/01/2014 00:21:57 (Std) 	[ImageManager] Created image: 'TaharezLook/StaticTop' (0x100f4d0) of type: BasicImage
15/01/2014 00:21:57 (Std) 	[ImageManager] Created image: 'TaharezLook/StaticBottom' (0x100f6e0) of type: BasicImage
15/01/2014 00:21:57 (Std) 	[ImageManager] Created image: 'TaharezLook/StaticTopLeft' (0x100f8f0) of type: BasicImage
15/01/2014 00:21:57 (Std) 	[ImageManager] Created image: 'TaharezLook/StaticTopRight' (0x100da90) of type: BasicImage
15/01/2014 00:21:57 (Std) 	[ImageManager] Created image: 'TaharezLook/StaticBottomLeft' (0x1011060) of type: BasicImage
15/01/2014 00:21:57 (Std) 	[ImageManager] Created image: 'TaharezLook/StaticBottomRight' (0x1011270) of type: BasicImage
15/01/2014 00:21:57 (Std) 	[ImageManager] Created image: 'TaharezLook/StaticBackdrop' (0x1011480) of type: BasicImage
15/01/2014 00:21:57 (Std) 	[ImageManager] Created image: 'TaharezLook/ProgressBarLeft' (0x1011690) of type: BasicImage
15/01/2014 00:21:57 (Std) 	[ImageManager] Created image: 'TaharezLook/ProgressBarMiddle' (0x10118a0) of type: BasicImage
15/01/2014 00:21:57 (Std) 	[ImageManager] Created image: 'TaharezLook/ProgressBarRight' (0x1011ab0) of type: BasicImage
15/01/2014 00:21:57 (Std) 	[ImageManager] Created image: 'TaharezLook/ProgressBarDimSegment' (0x1011cc0) of type: BasicImage
15/01/2014 00:21:57 (Std) 	[ImageManager] Created image: 'TaharezLook/ProgressBarLitSegment' (0x1011f60) of type: BasicImage
15/01/2014 00:21:57 (Std) 	[ImageManager] Created image: 'TaharezLook/EditBoxLeft' (0x1012290) of type: BasicImage
15/01/2014 00:21:57 (Std) 	[ImageManager] Created image: 'TaharezLook/EditBoxMiddle' (0x10124a0) of type: BasicImage
15/01/2014 00:21:57 (Std) 	[ImageManager] Created image: 'TaharezLook/EditBoxRight' (0x10126b0) of type: BasicImage
15/01/2014 00:21:57 (Std) 	[ImageManager] Created image: 'TaharezLook/EditBoxCaret' (0x10128c0) of type: BasicImage
15/01/2014 00:21:57 (Std) 	[ImageManager] Created image: 'TaharezLook/SpinnerUpNormal' (0x1012ad0) of type: BasicImage
15/01/2014 00:21:57 (Std) 	[ImageManager] Created image: 'TaharezLook/SpinnerDownNormal' (0x1012ce0) of type: BasicImage
15/01/2014 00:21:57 (Std) 	[ImageManager] Created image: 'TaharezLook/SpinnerUpHover' (0x1012f80) of type: BasicImage
15/01/2014 00:21:57 (Std) 	[ImageManager] Created image: 'TaharezLook/SpinnerDownHover' (0x1013190) of type: BasicImage
15/01/2014 00:21:57 (Std) 	[ImageManager] Created image: 'TaharezLook/TextSelectionBrush' (0x10133a0) of type: BasicImage
15/01/2014 00:21:57 (Std) 	[ImageManager] Created image: 'TaharezLook/VertScrollTop' (0x10135b0) of type: BasicImage
15/01/2014 00:21:57 (Std) 	[ImageManager] Created image: 'TaharezLook/VertScrollMiddle' (0x10137c0) of type: BasicImage
15/01/2014 00:21:57 (Std) 	[ImageManager] Created image: 'TaharezLook/VertScrollBottom' (0x10139d0) of type: BasicImage
15/01/2014 00:21:57 (Std) 	[ImageManager] Created image: 'TaharezLook/VertScrollBarSegment' (0x1013be0) of type: BasicImage
15/01/2014 00:21:57 (Std) 	[ImageManager] Created image: 'TaharezLook/VertScrollThumbNormal' (0x1013f10) of type: BasicImage
15/01/2014 00:21:57 (Std) 	[ImageManager] Created image: 'TaharezLook/VertScrollThumbHover' (0x1014240) of type: BasicImage
15/01/2014 00:21:57 (Std) 	[ImageManager] Created image: 'TaharezLook/VertScrollUpNormal' (0x1014570) of type: BasicImage
15/01/2014 00:21:57 (Std) 	[ImageManager] Created image: 'TaharezLook/VertScrollDownNormal' (0x1014780) of type: BasicImage
15/01/2014 00:21:57 (Std) 	[ImageManager] Created image: 'TaharezLook/VertScrollUpHover' (0x1014ab0) of type: BasicImage
15/01/2014 00:21:57 (Std) 	[ImageManager] Created image: 'TaharezLook/VertScrollDownHover' (0x1014cc0) of type: BasicImage
15/01/2014 00:21:57 (Std) 	[ImageManager] Created image: 'TaharezLook/MiniVertScrollBarSegment' (0x10151f0) of type: BasicImage
15/01/2014 00:21:57 (Std) 	[ImageManager] Created image: 'TaharezLook/MiniVertScrollThumbNormal' (0x100c580) of type: BasicImage
15/01/2014 00:21:57 (Std) 	[ImageManager] Created image: 'TaharezLook/MiniVertScrollThumbTopNormal' (0x1015ae0) of type: BasicImage
15/01/2014 00:21:57 (Std) 	[ImageManager] Created image: 'TaharezLook/MiniVertScrollThumbMiddleNormal' (0x101e7d0) of type: BasicImage
15/01/2014 00:21:57 (Std) 	[ImageManager] Created image: 'TaharezLook/MiniVertScrollThumbBottomNormal' (0x1015950) of type: BasicImage
15/01/2014 00:21:57 (Std) 	[ImageManager] Created image: 'TaharezLook/MiniVertScrollThumbTopHover' (0x101ee90) of type: BasicImage
15/01/2014 00:21:57 (Std) 	[ImageManager] Created image: 'TaharezLook/MiniVertScrollThumbMiddleHover' (0x101f2b0) of type: BasicImage
15/01/2014 00:21:57 (Std) 	[ImageManager] Created image: 'TaharezLook/MiniVertScrollThumbBottomHover' (0x101f640) of type: BasicImage
15/01/2014 00:21:57 (Std) 	[ImageManager] Created image: 'TaharezLook/MiniVertScrollThumbHover' (0x101f9d0) of type: BasicImage
15/01/2014 00:21:57 (Std) 	[ImageManager] Created image: 'TaharezLook/MiniVertScrollUpNormal' (0x101fd20) of type: BasicImage
15/01/2014 00:21:57 (Std) 	[ImageManager] Created image: 'TaharezLook/MiniVertScrollDownNormal' (0x1020070) of type: BasicImage
15/01/2014 00:21:57 (Std) 	[ImageManager] Created image: 'TaharezLook/MiniVertScrollUpHover' (0x10203c0) of type: BasicImage
15/01/2014 00:21:57 (Std) 	[ImageManager] Created image: 'TaharezLook/MiniVertScrollDownHover' (0x10206f0) of type: BasicImage
15/01/2014 00:21:57 (Std) 	[ImageManager] Created image: 'TaharezLook/VertSliderBody' (0x1020a40) of type: BasicImage
15/01/2014 00:21:57 (Std) 	[ImageManager] Created image: 'TaharezLook/VertSliderThumbNormal' (0x1020c50) of type: BasicImage
15/01/2014 00:21:57 (Std) 	[ImageManager] Created image: 'TaharezLook/VertSliderThumbHover' (0x1020f80) of type: BasicImage
15/01/2014 00:21:57 (Std) 	[ImageManager] Created image: 'TaharezLook/MiniHorzScrollBarSegment' (0x10212b0) of type: BasicImage
15/01/2014 00:21:57 (Std) 	[ImageManager] Created image: 'TaharezLook/MiniHorzScrollThumbNormal' (0x1021600) of type: BasicImage
15/01/2014 00:21:57 (Std) 	[ImageManager] Created image: 'TaharezLook/MiniHorzScrollThumbLeftNormal' (0x1021950) of type: BasicImage
15/01/2014 00:21:57 (Std) 	[ImageManager] Created image: 'TaharezLook/MiniHorzScrollThumbMiddleNormal' (0x1021d70) of type: BasicImage
15/01/2014 00:21:57 (Std) 	[ImageManager] Created image: 'TaharezLook/MiniHorzScrollThumbRightNormal' (0x1022100) of type: BasicImage
15/01/2014 00:21:57 (Std) 	[ImageManager] Created image: 'TaharezLook/MiniHorzScrollThumbHover' (0x1022490) of type: BasicImage
15/01/2014 00:21:57 (Std) 	[ImageManager] Created image: 'TaharezLook/MiniHorzScrollThumbLeftHover' (0x10227e0) of type: BasicImage
15/01/2014 00:21:57 (Std) 	[ImageManager] Created image: 'TaharezLook/MiniHorzScrollThumbMiddleHover' (0x1022b50) of type: BasicImage
15/01/2014 00:21:57 (Std) 	[ImageManager] Created image: 'TaharezLook/MiniHorzScrollThumbRightHover' (0x1022ee0) of type: BasicImage
15/01/2014 00:21:57 (Std) 	[ImageManager] Created image: 'TaharezLook/MiniHorzScrollLeftNormal' (0x1023250) of type: BasicImage
15/01/2014 00:21:57 (Std) 	[ImageManager] Created image: 'TaharezLook/MiniHorzScrollRightNormal' (0x10235a0) of type: BasicImage
15/01/2014 00:21:57 (Std) 	[ImageManager] Created image: 'TaharezLook/MiniHorzScrollLeftHover' (0x10238f0) of type: BasicImage
15/01/2014 00:21:57 (Std) 	[ImageManager] Created image: 'TaharezLook/MiniHorzScrollRightHover' (0x1023c40) of type: BasicImage
15/01/2014 00:21:57 (Std) 	[ImageManager] Created image: 'TaharezLook/ListboxLeft' (0x1023f90) of type: BasicImage
15/01/2014 00:21:57 (Std) 	[ImageManager] Created image: 'TaharezLook/ListboxRight' (0x10241a0) of type: BasicImage
15/01/2014 00:21:57 (Std) 	[ImageManager] Created image: 'TaharezLook/ListboxTop' (0x10243b0) of type: BasicImage
15/01/2014 00:21:57 (Std) 	[ImageManager] Created image: 'TaharezLook/ListboxBottom' (0x10245c0) of type: BasicImage
15/01/2014 00:21:57 (Std) 	[ImageManager] Created image: 'TaharezLook/ListboxTopLeft' (0x10247d0) of type: BasicImage
15/01/2014 00:21:57 (Std) 	[ImageManager] Created image: 'TaharezLook/ListboxTopRight' (0x10249e0) of type: BasicImage
15/01/2014 00:21:57 (Std) 	[ImageManager] Created image: 'TaharezLook/ListboxBottomLeft' (0x1024bf0) of type: BasicImage
15/01/2014 00:21:57 (Std) 	[ImageManager] Created image: 'TaharezLook/ListboxBottomRight' (0x1015060) of type: BasicImage
15/01/2014 00:21:57 (Std) 	[ImageManager] Created image: 'TaharezLook/ListboxBackdrop' (0x103b2f0) of type: BasicImage
15/01/2014 00:21:57 (Std) 	[ImageManager] Created image: 'TaharezLook/ListboxSelectionBrush' (0x103b500) of type: BasicImage
15/01/2014 00:21:57 (Std) 	[ImageManager] Created image: 'TaharezLook/ComboboxEditLeft' (0x103b710) of type: BasicImage
15/01/2014 00:21:57 (Std) 	[ImageManager] Created image: 'TaharezLook/ComboboxEditMiddle' (0x103b920) of type: BasicImage
15/01/2014 00:21:57 (Std) 	[ImageManager] Created image: 'TaharezLook/ComboboxListButtonNormal' (0x103bb30) of type: BasicImage
15/01/2014 00:21:57 (Std) 	[ImageManager] Created image: 'TaharezLook/ComboboxListButtonHover' (0x103bd40) of type: BasicImage
15/01/2014 00:21:57 (Std) 	[ImageManager] Created image: 'TaharezLook/ComboboxListLeft' (0x103bf50) of type: BasicImage
15/01/2014 00:21:57 (Std) 	[ImageManager] Created image: 'TaharezLook/ComboboxListRight' (0x103c160) of type: BasicImage
15/01/2014 00:21:57 (Std) 	[ImageManager] Created image: 'TaharezLook/ComboboxListTop' (0x103c370) of type: BasicImage
15/01/2014 00:21:57 (Std) 	[ImageManager] Created image: 'TaharezLook/ComboboxListBottom' (0x103c580) of type: BasicImage
15/01/2014 00:21:57 (Std) 	[ImageManager] Created image: 'TaharezLook/ComboboxListTopLeft' (0x103c790) of type: BasicImage
15/01/2014 00:21:57 (Std) 	[ImageManager] Created image: 'TaharezLook/ComboboxListTopRight' (0x103c9a0) of type: BasicImage
15/01/2014 00:21:57 (Std) 	[ImageManager] Created image: 'TaharezLook/ComboboxListBottomLeft' (0x103cbb0) of type: BasicImage
15/01/2014 00:21:57 (Std) 	[ImageManager] Created image: 'TaharezLook/ComboboxListBottomRight' (0x103cfa0) of type: BasicImage
15/01/2014 00:21:57 (Std) 	[ImageManager] Created image: 'TaharezLook/ComboboxListBackdrop' (0x103d2f0) of type: BasicImage
15/01/2014 00:21:57 (Std) 	[ImageManager] Created image: 'TaharezLook/ComboboxSelectionBrush' (0x103d690) of type: BasicImage
15/01/2014 00:21:57 (Std) 	[ImageManager] Created image: 'TaharezLook/ComboboxDividerLeft' (0x103d9e0) of type: BasicImage
15/01/2014 00:21:57 (Std) 	[ImageManager] Created image: 'TaharezLook/ComboboxDividerMiddle' (0x103dbf0) of type: BasicImage
15/01/2014 00:21:57 (Std) 	[ImageManager] Created image: 'TaharezLook/ComboboxDividerRight' (0x103de00) of type: BasicImage
15/01/2014 00:21:57 (Std) 	[ImageManager] Created image: 'TaharezLook/HeaderBarBackdropNormal' (0x103e2c0) of type: BasicImage
15/01/2014 00:21:57 (Std) 	[ImageManager] Created image: 'TaharezLook/HeaderBarBackdropHover' (0x103e6b0) of type: BasicImage
15/01/2014 00:21:57 (Std) 	[ImageManager] Created image: 'TaharezLook/HeaderBarSplitterNormal' (0x103ea00) of type: BasicImage
15/01/2014 00:21:57 (Std) 	[ImageManager] Created image: 'TaharezLook/HeaderBarSplitterHover' (0x103ed50) of type: BasicImage
15/01/2014 00:21:57 (Std) 	[ImageManager] Created image: 'TaharezLook/HeaderBarSortUp' (0x103f0a0) of type: BasicImage
15/01/2014 00:21:57 (Std) 	[ImageManager] Created image: 'TaharezLook/HeaderBarSortDown' (0x103f2b0) of type: BasicImage
15/01/2014 00:21:57 (Std) 	[ImageManager] Created image: 'TaharezLook/MultiListLeft' (0x103f4c0) of type: BasicImage
15/01/2014 00:21:57 (Std) 	[ImageManager] Created image: 'TaharezLook/MultiListRight' (0x103f6d0) of type: BasicImage
15/01/2014 00:21:57 (Std) 	[ImageManager] Created image: 'TaharezLook/MultiListTop' (0x103f8e0) of type: BasicImage
15/01/2014 00:21:57 (Std) 	[ImageManager] Created image: 'TaharezLook/MultiListBottom' (0x103faf0) of type: BasicImage
15/01/2014 00:21:57 (Std) 	[ImageManager] Created image: 'TaharezLook/MultiListTopLeft' (0x103fd00) of type: BasicImage
15/01/2014 00:21:57 (Std) 	[ImageManager] Created image: 'TaharezLook/MultiListTopRight' (0x103ff10) of type: BasicImage
15/01/2014 00:21:57 (Std) 	[ImageManager] Created image: 'TaharezLook/MultiListBottomLeft' (0x1040120) of type: BasicImage
15/01/2014 00:21:57 (Std) 	[ImageManager] Created image: 'TaharezLook/MultiListBottomRight' (0x1040330) of type: BasicImage
15/01/2014 00:21:57 (Std) 	[ImageManager] Created image: 'TaharezLook/MultiListBackdrop' (0x1040540) of type: BasicImage
15/01/2014 00:21:57 (Std) 	[ImageManager] Created image: 'TaharezLook/MultiListSelectionBrush' (0x1040750) of type: BasicImage
15/01/2014 00:21:57 (Std) 	[ImageManager] Created image: 'TaharezLook/AltProgressLeft' (0x1040b40) of type: BasicImage
15/01/2014 00:21:57 (Std) 	[ImageManager] Created image: 'TaharezLook/AltProgressMiddle' (0x1040d50) of type: BasicImage
15/01/2014 00:21:57 (Std) 	[ImageManager] Created image: 'TaharezLook/AltProgressRight' (0x1040f60) of type: BasicImage
15/01/2014 00:21:57 (Std) 	[ImageManager] Created image: 'TaharezLook/AltProgressQuarter' (0x1041170) of type: BasicImage
15/01/2014 00:21:57 (Std) 	[ImageManager] Created image: 'TaharezLook/AltProgressHalf' (0x1041380) of type: BasicImage
15/01/2014 00:21:57 (Std) 	[ImageManager] Created image: 'TaharezLook/AltProgressLight1' (0x1041590) of type: BasicImage
15/01/2014 00:21:57 (Std) 	[ImageManager] Created image: 'TaharezLook/AltProgressLight2' (0x10417a0) of type: BasicImage
15/01/2014 00:21:57 (Std) 	[ImageManager] Created image: 'TaharezLook/AltProgressLight3' (0x10419b0) of type: BasicImage
15/01/2014 00:21:57 (Std) 	[ImageManager] Created image: 'TaharezLook/AltProgressLight4' (0x1041bc0) of type: BasicImage
15/01/2014 00:21:57 (Std) 	[ImageManager] Created image: 'TaharezLook/AltProgressLight5' (0x1041dd0) of type: BasicImage
15/01/2014 00:21:57 (Std) 	[ImageManager] Created image: 'TaharezLook/AltProgressLight6' (0x1041fe0) of type: BasicImage
15/01/2014 00:21:57 (Std) 	[ImageManager] Created image: 'TaharezLook/AltProgressLight7' (0x10421f0) of type: BasicImage
15/01/2014 00:21:57 (Std) 	[ImageManager] Created image: 'TaharezLook/AltProgressLight8' (0x1042400) of type: BasicImage
15/01/2014 00:21:57 (Std) 	[ImageManager] Created image: 'TaharezLook/AltProgressLight9' (0x1042610) of type: BasicImage
15/01/2014 00:21:57 (Std) 	[ImageManager] Created image: 'TaharezLook/AltProgressLight10' (0x1042820) of type: BasicImage
15/01/2014 00:21:57 (Std) 	[ImageManager] Created image: 'TaharezLook/CloseButtonNormal' (0x1042a30) of type: BasicImage
15/01/2014 00:21:57 (Std) 	[ImageManager] Created image: 'TaharezLook/CloseButtonHover' (0x1042c40) of type: BasicImage
15/01/2014 00:21:57 (Std) 	[ImageManager] Created image: 'TaharezLook/CloseButtonPressed' (0x1042e50) of type: BasicImage
15/01/2014 00:21:57 (Std) 	[ImageManager] Created image: 'TaharezLook/NewCloseButtonNormal' (0x1043060) of type: BasicImage
15/01/2014 00:21:57 (Std) 	[ImageManager] Created image: 'TaharezLook/NewCloseButtonHover' (0x1043270) of type: BasicImage
15/01/2014 00:21:57 (Std) 	[ImageManager] Created image: 'TaharezLook/NewCloseButtonPressed' (0x1043480) of type: BasicImage
15/01/2014 00:21:57 (Std) 	[ImageManager] Created image: 'TaharezLook/MultiLineEditboxLeft' (0x10437b0) of type: BasicImage
15/01/2014 00:21:57 (Std) 	[ImageManager] Created image: 'TaharezLook/MultiLineEditboxRight' (0x1043ae0) of type: BasicImage
15/01/2014 00:21:57 (Std) 	[ImageManager] Created image: 'TaharezLook/MultiLineEditboxTop' (0x1043e10) of type: BasicImage
15/01/2014 00:21:57 (Std) 	[ImageManager] Created image: 'TaharezLook/MultiLineEditboxBottom' (0x10441b0) of type: BasicImage
15/01/2014 00:21:57 (Std) 	[ImageManager] Created image: 'TaharezLook/MultiLineEditboxTopLeft' (0x10445a0) of type: BasicImage
15/01/2014 00:21:57 (Std) 	[ImageManager] Created image: 'TaharezLook/MultiLineEditboxTopRight' (0x10448f0) of type: BasicImage
15/01/2014 00:21:57 (Std) 	[ImageManager] Created image: 'TaharezLook/MultiLineEditboxBottomLeft' (0x1044dd0) of type: BasicImage
15/01/2014 00:21:57 (Std) 	[ImageManager] Created image: 'TaharezLook/MultiLineEditboxBottomRight' (0x10451f0) of type: BasicImage
15/01/2014 00:21:57 (Std) 	[ImageManager] Created image: 'TaharezLook/MultiLineEditboxBackdrop' (0x1045560) of type: BasicImage
15/01/2014 00:21:57 (Std) 	[ImageManager] Created image: 'TaharezLook/MultiLineEditboxSelectionBrush' (0x1045900) of type: BasicImage
15/01/2014 00:21:57 (Std) 	[ImageManager] Created image: 'TaharezLook/MouseTarget' (0x1046200) of type: BasicImage
15/01/2014 00:21:57 (Std) 	[ImageManager] Created image: 'TaharezLook/MouseArrow' (0xdac4e0) of type: BasicImage
15/01/2014 00:21:57 (Std) 	[ImageManager] Created image: 'TaharezLook/MouseMoveCursor' (0x1046730) of type: BasicImage
15/01/2014 00:21:57 (Std) 	[ImageManager] Created image: 'TaharezLook/MouseNoSoCursor' (0x1046940) of type: BasicImage
15/01/2014 00:21:57 (Std) 	[ImageManager] Created image: 'TaharezLook/MouseEsWeCursor' (0x1046b50) of type: BasicImage
15/01/2014 00:21:57 (Std) 	[ImageManager] Created image: 'TaharezLook/MouseNeSwCursor' (0x1046d60) of type: BasicImage
15/01/2014 00:21:57 (Std) 	[ImageManager] Created image: 'TaharezLook/MouseNwSeCursor' (0x1046f70) of type: BasicImage
15/01/2014 00:21:57 (Std) 	[ImageManager] Created image: 'TaharezLook/MouseTextBar' (0x1047180) of type: BasicImage
15/01/2014 00:21:57 (Std) 	[ImageManager] Created image: 'TaharezLook/TabHorizontalFiller' (0x1046410) of type: BasicImage
15/01/2014 00:21:57 (Std) 	[ImageManager] Created image: 'TaharezLook/TabContentPaneUpperLeft' (0x1045e40) of type: BasicImage
15/01/2014 00:21:57 (Std) 	[ImageManager] Created image: 'TaharezLook/TabContentPaneUpper' (0x1047390) of type: BasicImage
15/01/2014 00:21:57 (Std) 	[ImageManager] Created image: 'TaharezLook/TabContentPaneUpperRight' (0x10474b0) of type: BasicImage
15/01/2014 00:21:57 (Std) 	[ImageManager] Created image: 'TaharezLook/TabContentPaneLeft' (0x10476c0) of type: BasicImage
15/01/2014 00:21:57 (Std) 	[ImageManager] Created image: 'TaharezLook/TabContentPaneRight' (0x10478d0) of type: BasicImage
15/01/2014 00:21:57 (Std) 	[ImageManager] Created image: 'TaharezLook/TabContentPaneLower' (0x1047ae0) of type: BasicImage
15/01/2014 00:21:57 (Std) 	[ImageManager] Created image: 'TaharezLook/TabContentPaneLowerLeft' (0x1047cf0) of type: BasicImage
15/01/2014 00:21:57 (Std) 	[ImageManager] Created image: 'TaharezLook/TabContentPaneLowerRight' (0x1047fa0) of type: BasicImage
15/01/2014 00:21:57 (Std) 	[ImageManager] Created image: 'TaharezLook/TabContentPaneMiddle' (0x10482f0) of type: BasicImage
15/01/2014 00:21:57 (Std) 	[ImageManager] Created image: 'TaharezLook/TabButtonScrollLeftNormal' (0x1048500) of type: BasicImage
15/01/2014 00:21:57 (Std) 	[ImageManager] Created image: 'TaharezLook/TabButtonScrollRightNormal' (0x1048a80) of type: BasicImage
15/01/2014 00:21:57 (Std) 	[ImageManager] Created image: 'TaharezLook/TabButtonScrollLeftHover' (0x100cc20) of type: BasicImage
15/01/2014 00:21:57 (Std) 	[ImageManager] Created image: 'TaharezLook/TabButtonScrollRightHover' (0x1048f90) of type: BasicImage
15/01/2014 00:21:57 (Std) 	[ImageManager] Created image: 'TaharezLook/TabButtonLeftNormal' (0x10492e0) of type: BasicImage
15/01/2014 00:21:57 (Std) 	[ImageManager] Created image: 'TaharezLook/TabButtonRightNormal' (0x10494f0) of type: BasicImage
15/01/2014 00:21:57 (Std) 	[ImageManager] Created image: 'TaharezLook/TabButtonUpperNormal' (0x1049700) of type: BasicImage
15/01/2014 00:21:57 (Std) 	[ImageManager] Created image: 'TaharezLook/TabButtonLowerNormal' (0x1049a30) of type: BasicImage
15/01/2014 00:21:57 (Std) 	[ImageManager] Created image: 'TaharezLook/TabButtonUpperLeftNormal' (0x1049ef0) of type: BasicImage
15/01/2014 00:21:57 (Std) 	[ImageManager] Created image: 'TaharezLook/TabButtonUpperLeft2Normal' (0x104a2e0) of type: BasicImage
15/01/2014 00:21:57 (Std) 	[ImageManager] Created image: 'TaharezLook/TabButtonUpperRightNormal' (0x104a630) of type: BasicImage
15/01/2014 00:21:57 (Std) 	[ImageManager] Created image: 'TaharezLook/TabButtonLowerLeftNormal' (0x104a980) of type: BasicImage
15/01/2014 00:21:57 (Std) 	[ImageManager] Created image: 'TaharezLook/TabButtonLowerRightNormal' (0x104acd0) of type: BasicImage
15/01/2014 00:21:57 (Std) 	[ImageManager] Created image: 'TaharezLook/TabButtonLowerRight2Normal' (0x104b1b0) of type: BasicImage
15/01/2014 00:21:57 (Std) 	[ImageManager] Created image: 'TaharezLook/TabButtonMiddleNormal' (0x1024e00) of type: BasicImage
15/01/2014 00:21:57 (Std) 	[ImageManager] Created image: 'TaharezLook/TabButtonLeftSelected' (0x104b6c0) of type: BasicImage
15/01/2014 00:21:57 (Std) 	[ImageManager] Created image: 'TaharezLook/TabButtonRightSelected' (0x104b8d0) of type: BasicImage
15/01/2014 00:21:57 (Std) 	[ImageManager] Created image: 'TaharezLook/TabButtonUpperSelected' (0x104bcc0) of type: BasicImage
15/01/2014 00:21:57 (Std) 	[ImageManager] Created image: 'TaharezLook/TabButtonLowerSelected' (0x104c010) of type: BasicImage
15/01/2014 00:21:57 (Std) 	[ImageManager] Created image: 'TaharezLook/TabButtonUpperLeftSelected' (0x104c4f0) of type: BasicImage
15/01/2014 00:21:57 (Std) 	[ImageManager] Created image: 'TaharezLook/TabButtonUpperRightSelected' (0x104c910) of type: BasicImage
15/01/2014 00:21:57 (Std) 	[ImageManager] Created image: 'TaharezLook/TabButtonLowerLeftSelected' (0x104cc80) of type: BasicImage
15/01/2014 00:21:57 (Std) 	[ImageManager] Created image: 'TaharezLook/TabButtonLowerRightSelected' (0x104cff0) of type: BasicImage
15/01/2014 00:21:57 (Std) 	[ImageManager] Created image: 'TaharezLook/TabButtonMiddleSelected' (0x104d360) of type: BasicImage
15/01/2014 00:21:57 (Std) 	[ImageManager] Created image: 'TaharezLook/TooltipTopLeft' (0x104d570) of type: BasicImage
15/01/2014 00:21:57 (Std) 	[ImageManager] Created image: 'TaharezLook/TooltipTopRight' (0x104d780) of type: BasicImage
15/01/2014 00:21:57 (Std) 	[ImageManager] Created image: 'TaharezLook/TooltipBottomLeft' (0x104d990) of type: BasicImage
15/01/2014 00:21:57 (Std) 	[ImageManager] Created image: 'TaharezLook/TooltipBottomRight' (0x104dba0) of type: BasicImage
15/01/2014 00:21:57 (Std) 	[ImageManager] Created image: 'TaharezLook/TooltipLeftEdge' (0x104ddb0) of type: BasicImage
15/01/2014 00:21:57 (Std) 	[ImageManager] Created image: 'TaharezLook/TooltipRightEdge' (0x104dfc0) of type: BasicImage
15/01/2014 00:21:57 (Std) 	[ImageManager] Created image: 'TaharezLook/TooltipTopEdge' (0x104e1d0) of type: BasicImage
15/01/2014 00:21:57 (Std) 	[ImageManager] Created image: 'TaharezLook/TooltipBottomEdge' (0x104e3e0) of type: BasicImage
15/01/2014 00:21:57 (Std) 	[ImageManager] Created image: 'TaharezLook/TooltipMiddle' (0x104e5f0) of type: BasicImage
15/01/2014 00:21:57 (Std) 	[ImageManager] Created image: 'TaharezLook/MenuTopLeft' (0x104e800) of type: BasicImage
15/01/2014 00:21:57 (Std) 	[ImageManager] Created image: 'TaharezLook/MenuTopRight' (0x104ea10) of type: BasicImage
15/01/2014 00:21:57 (Std) 	[ImageManager] Created image: 'TaharezLook/MenuBottomLeft' (0x104ec20) of type: BasicImage
15/01/2014 00:21:57 (Std) 	[ImageManager] Created image: 'TaharezLook/MenuBottomRight' (0x104ee30) of type: BasicImage
15/01/2014 00:21:57 (Std) 	[ImageManager] Created image: 'TaharezLook/MenuLeft' (0x104f040) of type: BasicImage
15/01/2014 00:21:57 (Std) 	[ImageManager] Created image: 'TaharezLook/MenuRight' (0x104f250) of type: BasicImage
15/01/2014 00:21:57 (Std) 	[ImageManager] Created image: 'TaharezLook/MenuTop' (0x104f460) of type: BasicImage
15/01/2014 00:21:57 (Std) 	[ImageManager] Created image: 'TaharezLook/MenuBottom' (0x104f670) of type: BasicImage
15/01/2014 00:21:57 (Std) 	[ImageManager] Created image: 'TaharezLook/MenuMiddle' (0x104f880) of type: BasicImage
15/01/2014 00:21:57 (Std) 	[ImageManager] Created image: 'TaharezLook/PopupMenuFrameTopLeft' (0x104fa90) of type: BasicImage
15/01/2014 00:21:57 (Std) 	[ImageManager] Created image: 'TaharezLook/PopupMenuFrameTopRight' (0x104fca0) of type: BasicImage
15/01/2014 00:21:57 (Std) 	[ImageManager] Created image: 'TaharezLook/PopupMenuFrameBottomLeft' (0x1050090) of type: BasicImage
15/01/2014 00:21:57 (Std) 	[ImageManager] Created image: 'TaharezLook/PopupMenuFrameBottomRight' (0x10503e0) of type: BasicImage
15/01/2014 00:21:57 (Std) 	[ImageManager] Created image: 'TaharezLook/PopupMenuFrameLeft' (0x1050730) of type: BasicImage
15/01/2014 00:21:57 (Std) 	[ImageManager] Created image: 'TaharezLook/PopupMenuFrameRight' (0x1050940) of type: BasicImage
15/01/2014 00:21:57 (Std) 	[ImageManager] Created image: 'TaharezLook/PopupMenuFrameTop' (0x1050b50) of type: BasicImage
15/01/2014 00:21:57 (Std) 	[ImageManager] Created image: 'TaharezLook/PopupMenuFrameBottom' (0x1050d60) of type: BasicImage
15/01/2014 00:21:57 (Std) 	[ImageManager] Created image: 'TaharezLook/PopupMenuMiddle' (0x1050f70) of type: BasicImage
15/01/2014 00:21:57 (Std) 	[ImageManager] Created image: 'TaharezLook/PopupMenuArrowRight' (0x1051180) of type: BasicImage
15/01/2014 00:21:57 (Std) 	[ImageManager] Created image: 'TaharezLook/PopupMenuArrowLeft' (0x1051390) of type: BasicImage
15/01/2014 00:21:57 (Std) 	[ImageManager] Created image: 'TaharezLook/TreeListClosed' (0x10515a0) of type: BasicImage
15/01/2014 00:21:57 (Std) 	[ImageManager] Created image: 'TaharezLook/TreeListOpened' (0x10517b0) of type: BasicImage
15/01/2014 00:21:57 (Std) 	===== Falagard 'root' element: look and feel parsing begins =====
15/01/2014 00:21:57 (Std) 	===== Look and feel parsing completed =====
15/01/2014 00:21:57 (Std) 	No window renderer factories specified for module 'CEGUICoreWindowRendererSet' - adding all available factories...
15/01/2014 00:21:57 (Std) 	Created WindowRendererFactory for 'Core/Button' WindowRenderers.
15/01/2014 00:21:57 (Std) 	WindowRendererFactory 'Core/Button' added. (0xfdda80)
15/01/2014 00:21:57 (Std) 	Created WindowRendererFactory for 'Core/Default' WindowRenderers.
15/01/2014 00:21:57 (Std) 	WindowRendererFactory 'Core/Default' added. (0xfddc20)
15/01/2014 00:21:57 (Std) 	Created WindowRendererFactory for 'Core/Editbox' WindowRenderers.
15/01/2014 00:21:57 (Std) 	WindowRendererFactory 'Core/Editbox' added. (0x120d9d0)
15/01/2014 00:21:57 (Std) 	Created WindowRendererFactory for 'Core/FrameWindow' WindowRenderers.
15/01/2014 00:21:57 (Std) 	WindowRendererFactory 'Core/FrameWindow' added. (0x122cd70)
15/01/2014 00:21:57 (Std) 	Created WindowRendererFactory for 'Core/ItemEntry' WindowRenderers.
15/01/2014 00:21:57 (Std) 	WindowRendererFactory 'Core/ItemEntry' added. (0x122cf10)
15/01/2014 00:21:57 (Std) 	Created WindowRendererFactory for 'Core/ListHeader' WindowRenderers.
15/01/2014 00:21:57 (Std) 	WindowRendererFactory 'Core/ListHeader' added. (0x1221bf0)
15/01/2014 00:21:57 (Std) 	Created WindowRendererFactory for 'Core/ListHeaderSegment' WindowRenderers.
15/01/2014 00:21:57 (Std) 	WindowRendererFactory 'Core/ListHeaderSegment' added. (0x11bd590)
15/01/2014 00:21:57 (Std) 	Created WindowRendererFactory for 'Core/Listbox' WindowRenderers.
15/01/2014 00:21:57 (Std) 	WindowRendererFactory 'Core/Listbox' added. (0x11bd730)
15/01/2014 00:21:57 (Std) 	Created WindowRendererFactory for 'Core/Menubar' WindowRenderers.
15/01/2014 00:21:57 (Std) 	WindowRendererFactory 'Core/Menubar' added. (0x11bd8d0)
15/01/2014 00:21:57 (Std) 	Created WindowRendererFactory for 'Core/MenuItem' WindowRenderers.
15/01/2014 00:21:57 (Std) 	WindowRendererFactory 'Core/MenuItem' added. (0x117f380)
15/01/2014 00:21:57 (Std) 	Created WindowRendererFactory for 'Core/MultiColumnList' WindowRenderers.
15/01/2014 00:21:57 (Std) 	WindowRendererFactory 'Core/MultiColumnList' added. (0x117f520)
15/01/2014 00:21:57 (Std) 	Created WindowRendererFactory for 'Core/MultiLineEditbox' WindowRenderers.
15/01/2014 00:21:57 (Std) 	WindowRendererFactory 'Core/MultiLineEditbox' added. (0x117f5e0)
15/01/2014 00:21:57 (Std) 	Created WindowRendererFactory for 'Core/PopupMenu' WindowRenderers.
15/01/2014 00:21:57 (Std) 	WindowRendererFactory 'Core/PopupMenu' added. (0x100bbd0)
15/01/2014 00:21:57 (Std) 	Created WindowRendererFactory for 'Core/ProgressBar' WindowRenderers.
15/01/2014 00:21:57 (Std) 	WindowRendererFactory 'Core/ProgressBar' added. (0x100bd70)
15/01/2014 00:21:57 (Std) 	Created WindowRendererFactory for 'Core/ScrollablePane' WindowRenderers.
15/01/2014 00:21:57 (Std) 	WindowRendererFactory 'Core/ScrollablePane' added. (0x10a6c50)
15/01/2014 00:21:57 (Std) 	Created WindowRendererFactory for 'Core/Scrollbar' WindowRenderers.
15/01/2014 00:21:57 (Std) 	WindowRendererFactory 'Core/Scrollbar' added. (0x10a6df0)
15/01/2014 00:21:57 (Std) 	Created WindowRendererFactory for 'Core/Slider' WindowRenderers.
15/01/2014 00:21:57 (Std) 	WindowRendererFactory 'Core/Slider' added. (0x120efc0)
15/01/2014 00:21:57 (Std) 	Created WindowRendererFactory for 'Core/Static' WindowRenderers.
15/01/2014 00:21:57 (Std) 	WindowRendererFactory 'Core/Static' added. (0x120f270)
15/01/2014 00:21:57 (Std) 	Created WindowRendererFactory for 'Core/StaticImage' WindowRenderers.
15/01/2014 00:21:57 (Std) 	WindowRendererFactory 'Core/StaticImage' added. (0x120f330)
15/01/2014 00:21:57 (Std) 	Created WindowRendererFactory for 'Core/StaticText' WindowRenderers.
15/01/2014 00:21:57 (Std) 	WindowRendererFactory 'Core/StaticText' added. (0x122d7a0)
15/01/2014 00:21:57 (Std) 	Created WindowRendererFactory for 'Core/TabButton' WindowRenderers.
15/01/2014 00:21:57 (Std) 	WindowRendererFactory 'Core/TabButton' added. (0x122d940)
15/01/2014 00:21:57 (Std) 	Created WindowRendererFactory for 'Core/TabControl' WindowRenderers.
15/01/2014 00:21:57 (Std) 	WindowRendererFactory 'Core/TabControl' added. (0x122dae0)
15/01/2014 00:21:57 (Std) 	Created WindowRendererFactory for 'Core/Titlebar' WindowRenderers.
15/01/2014 00:21:57 (Std) 	WindowRendererFactory 'Core/Titlebar' added. (0x122dc80)
15/01/2014 00:21:57 (Std) 	Created WindowRendererFactory for 'Core/ToggleButton' WindowRenderers.
15/01/2014 00:21:57 (Std) 	WindowRendererFactory 'Core/ToggleButton' added. (0x122de20)
15/01/2014 00:21:57 (Std) 	Created WindowRendererFactory for 'Core/Tooltip' WindowRenderers.
15/01/2014 00:21:57 (Std) 	WindowRendererFactory 'Core/Tooltip' added. (0xfe1ea0)
15/01/2014 00:21:57 (Std) 	Created WindowRendererFactory for 'Core/ItemListbox' WindowRenderers.
15/01/2014 00:21:57 (Std) 	WindowRendererFactory 'Core/ItemListbox' added. (0xfe2040)
15/01/2014 00:21:57 (Std) 	Created WindowRendererFactory for 'Core/Tree' WindowRenderers.
15/01/2014 00:21:57 (Std) 	WindowRendererFactory 'Core/Tree' added. (0xfe21e0)
15/01/2014 00:21:57 (Std) 	Creating falagard mapping for type 'TaharezLook/Label' using base type 'DefaultWindow', window renderer 'Core/Default' Look'N'Feel 'TaharezLook/Label' and RenderEffect ''. (0x7fff17f681f0)
15/01/2014 00:21:57 (Std) 	Creating falagard mapping for type 'TaharezLook/Button' using base type 'CEGUI/PushButton', window renderer 'Core/Button' Look'N'Feel 'TaharezLook/Button' and RenderEffect ''. (0x7fff17f681f0)
15/01/2014 00:21:57 (Std) 	Creating falagard mapping for type 'TaharezLook/Checkbox' using base type 'CEGUI/ToggleButton', window renderer 'Core/ToggleButton' Look'N'Feel 'TaharezLook/Checkbox' and RenderEffect ''. (0x7fff17f681f0)
15/01/2014 00:21:57 (Std) 	Creating falagard mapping for type 'TaharezLook/ImageButton' using base type 'CEGUI/PushButton', window renderer 'Core/Button' Look'N'Feel 'TaharezLook/ImageButton' and RenderEffect ''. (0x7fff17f681f0)
15/01/2014 00:21:57 (Std) 	Creating falagard mapping for type 'TaharezLook/RadioButton' using base type 'CEGUI/RadioButton', window renderer 'Core/ToggleButton' Look'N'Feel 'TaharezLook/RadioButton' and RenderEffect ''. (0x7fff17f681f0)
15/01/2014 00:21:57 (Std) 	Creating falagard mapping for type 'TaharezLook/FrameWindow' using base type 'CEGUI/FrameWindow', window renderer 'Core/FrameWindow' Look'N'Feel 'TaharezLook/FrameWindow' and RenderEffect ''. (0x7fff17f681f0)
15/01/2014 00:21:57 (Std) 	Creating falagard mapping for type 'TaharezLook/Titlebar' using base type 'CEGUI/Titlebar', window renderer 'Core/Titlebar' Look'N'Feel 'TaharezLook/Titlebar' and RenderEffect ''. (0x7fff17f681f0)
15/01/2014 00:21:57 (Std) 	Creating falagard mapping for type 'TaharezLook/Editbox' using base type 'CEGUI/Editbox', window renderer 'Core/Editbox' Look'N'Feel 'TaharezLook/Editbox' and RenderEffect ''. (0x7fff17f681f0)
15/01/2014 00:21:57 (Std) 	Creating falagard mapping for type 'TaharezLook/MultiLineEditbox' using base type 'CEGUI/MultiLineEditbox', window renderer 'Core/MultiLineEditbox' Look'N'Feel 'TaharezLook/MultiLineEditbox' and RenderEffect ''. (0x7fff17f681f0)
15/01/2014 00:21:57 (Std) 	Creating falagard mapping for type 'TaharezLook/Menubar' using base type 'CEGUI/Menubar', window renderer 'Core/Menubar' Look'N'Feel 'TaharezLook/Menubar' and RenderEffect ''. (0x7fff17f681f0)
15/01/2014 00:21:57 (Std) 	Creating falagard mapping for type 'TaharezLook/PopupMenu' using base type 'CEGUI/PopupMenu', window renderer 'Core/PopupMenu' Look'N'Feel 'TaharezLook/PopupMenu' and RenderEffect ''. (0x7fff17f681f0)
15/01/2014 00:21:57 (Std) 	Creating falagard mapping for type 'TaharezLook/MenuItem' using base type 'CEGUI/MenuItem', window renderer 'Core/MenuItem' Look'N'Feel 'TaharezLook/MenuItem' and RenderEffect ''. (0x7fff17f681f0)
15/01/2014 00:21:57 (Std) 	Creating falagard mapping for type 'TaharezLook/AlternateProgressBar' using base type 'CEGUI/ProgressBar', window renderer 'Core/ProgressBar' Look'N'Feel 'TaharezLook/AltProgressBar' and RenderEffect ''. (0x7fff17f681f0)
15/01/2014 00:21:57 (Std) 	Creating falagard mapping for type 'TaharezLook/ProgressBar' using base type 'CEGUI/ProgressBar', window renderer 'Core/ProgressBar' Look'N'Feel 'TaharezLook/ProgressBar' and RenderEffect ''. (0x7fff17f681f0)
15/01/2014 00:21:57 (Std) 	Creating falagard mapping for type 'TaharezLook/VUMeter' using base type 'CEGUI/ProgressBar', window renderer 'Core/ProgressBar' Look'N'Feel 'TaharezLook/VUMeter' and RenderEffect ''. (0x7fff17f681f0)
15/01/2014 00:21:57 (Std) 	Creating falagard mapping for type 'TaharezLook/VerticalScrollbar' using base type 'CEGUI/Scrollbar', window renderer 'Core/Scrollbar' Look'N'Feel 'TaharezLook/VerticalScrollbar' and RenderEffect ''. (0x7fff17f681f0)
15/01/2014 00:21:57 (Std) 	Creating falagard mapping for type 'TaharezLook/HorizontalScrollbar' using base type 'CEGUI/Scrollbar', window renderer 'Core/Scrollbar' Look'N'Feel 'TaharezLook/HorizontalScrollbar' and RenderEffect ''. (0x7fff17f681f0)
15/01/2014 00:21:57 (Std) 	Creating falagard mapping for type 'TaharezLook/VerticalScrollbarThumb' using base type 'CEGUI/Thumb', window renderer 'Core/Button' Look'N'Feel 'TaharezLook/VerticalScrollbarThumb' and RenderEffect ''. (0x7fff17f681f0)
15/01/2014 00:21:57 (Std) 	Creating falagard mapping for type 'TaharezLook/HorizontalScrollbarThumb' using base type 'CEGUI/Thumb', window renderer 'Core/Button' Look'N'Feel 'TaharezLook/HorizontalScrollbarThumb' and RenderEffect ''. (0x7fff17f681f0)
15/01/2014 00:21:57 (Std) 	Creating falagard mapping for type 'TaharezLook/LargeVerticalScrollbar' using base type 'CEGUI/Scrollbar', window renderer 'Core/Scrollbar' Look'N'Feel 'TaharezLook/LargeVerticalScrollbar' and RenderEffect ''. (0x7fff17f681f0)
15/01/2014 00:21:57 (Std) 	Creating falagard mapping for type 'TaharezLook/LargeVerticalScrollbarThumb' using base type 'CEGUI/Thumb', window renderer 'Core/Button' Look'N'Feel 'TaharezLook/LargeVerticalScrollbarThumb' and RenderEffect ''. (0x7fff17f681f0)
15/01/2014 00:21:57 (Std) 	Creating falagard mapping for type 'TaharezLook/TabButton' using base type 'CEGUI/TabButton', window renderer 'Core/TabButton' Look'N'Feel 'TaharezLook/TabButton' and RenderEffect ''. (0x7fff17f681f0)
15/01/2014 00:21:57 (Std) 	Creating falagard mapping for type 'TaharezLook/TabControl' using base type 'CEGUI/TabControl', window renderer 'Core/TabControl' Look'N'Feel 'TaharezLook/TabControl' and RenderEffect ''. (0x7fff17f681f0)
15/01/2014 00:21:57 (Std) 	Creating falagard mapping for type 'TaharezLook/TabContentPane' using base type 'DefaultWindow', window renderer 'Core/Default' Look'N'Feel 'TaharezLook/TabContentPane' and RenderEffect ''. (0x7fff17f681f0)
15/01/2014 00:21:57 (Std) 	Creating falagard mapping for type 'TaharezLook/TabButtonPane' using base type 'DefaultWindow', window renderer 'Core/Default' Look'N'Feel 'TaharezLook/TabButtonPane' and RenderEffect ''. (0x7fff17f681f0)
15/01/2014 00:21:57 (Std) 	Creating falagard mapping for type 'TaharezLook/ComboDropList' using base type 'CEGUI/ComboDropList', window renderer 'Core/Listbox' Look'N'Feel 'TaharezLook/ComboDropList' and RenderEffect ''. (0x7fff17f681f0)
15/01/2014 00:21:57 (Std) 	Creating falagard mapping for type 'TaharezLook/ComboEditbox' using base type 'CEGUI/Editbox', window renderer 'Core/Editbox' Look'N'Feel 'TaharezLook/ComboEditbox' and RenderEffect ''. (0x7fff17f681f0)
15/01/2014 00:21:57 (Std) 	Creating falagard mapping for type 'TaharezLook/Combobox' using base type 'CEGUI/Combobox', window renderer 'Core/Default' Look'N'Feel 'TaharezLook/Combobox' and RenderEffect ''. (0x7fff17f681f0)
15/01/2014 00:21:57 (Std) 	Creating falagard mapping for type 'TaharezLook/Listbox' using base type 'CEGUI/Listbox', window renderer 'Core/Listbox' Look'N'Feel 'TaharezLook/Listbox' and RenderEffect ''. (0x7fff17f681f0)
15/01/2014 00:21:57 (Std) 	Creating falagard mapping for type 'TaharezLook/ListHeader' using base type 'CEGUI/ListHeader', window renderer 'Core/ListHeader' Look'N'Feel 'TaharezLook/ListHeader' and RenderEffect ''. (0x7fff17f681f0)
15/01/2014 00:21:57 (Std) 	Creating falagard mapping for type 'TaharezLook/ListHeaderSegment' using base type 'CEGUI/ListHeaderSegment', window renderer 'Core/ListHeaderSegment' Look'N'Feel 'TaharezLook/ListHeaderSegment' and RenderEffect ''. (0x7fff17f681f0)
15/01/2014 00:21:57 (Std) 	Creating falagard mapping for type 'TaharezLook/MultiColumnList' using base type 'CEGUI/MultiColumnList', window renderer 'Core/MultiColumnList' Look'N'Feel 'TaharezLook/MultiColumnList' and RenderEffect ''. (0x7fff17f681f0)
15/01/2014 00:21:57 (Std) 	Creating falagard mapping for type 'TaharezLook/Slider' using base type 'CEGUI/Slider', window renderer 'Core/Slider' Look'N'Feel 'TaharezLook/Slider' and RenderEffect ''. (0x7fff17f681f0)
15/01/2014 00:21:57 (Std) 	Creating falagard mapping for type 'TaharezLook/SliderThumb' using base type 'CEGUI/Thumb', window renderer 'Core/Button' Look'N'Feel 'TaharezLook/SliderThumb' and RenderEffect ''. (0x7fff17f681f0)
15/01/2014 00:21:57 (Std) 	Creating falagard mapping for type 'TaharezLook/ScrollablePane' using base type 'CEGUI/ScrollablePane', window renderer 'Core/ScrollablePane' Look'N'Feel 'TaharezLook/ScrollablePane' and RenderEffect ''. (0x7fff17f681f0)
15/01/2014 00:21:57 (Std) 	Creating falagard mapping for type 'TaharezLook/Spinner' using base type 'CEGUI/Spinner', window renderer 'Core/Default' Look'N'Feel 'TaharezLook/Spinner' and RenderEffect ''. (0x7fff17f681f0)
15/01/2014 00:21:57 (Std) 	Creating falagard mapping for type 'TaharezLook/Tooltip' using base type 'CEGUI/Tooltip', window renderer 'Core/Tooltip' Look'N'Feel 'TaharezLook/Tooltip' and RenderEffect ''. (0x7fff17f681f0)
15/01/2014 00:21:57 (Std) 	Creating falagard mapping for type 'TaharezLook/StaticImage' using base type 'DefaultWindow', window renderer 'Core/StaticImage' Look'N'Feel 'TaharezLook/StaticImage' and RenderEffect ''. (0x7fff17f681f0)
15/01/2014 00:21:57 (Std) 	Creating falagard mapping for type 'TaharezLook/StaticText' using base type 'DefaultWindow', window renderer 'Core/StaticText' Look'N'Feel 'TaharezLook/StaticText' and RenderEffect ''. (0x7fff17f681f0)
15/01/2014 00:21:57 (Std) 	Creating falagard mapping for type 'TaharezLook/ItemListbox' using base type 'CEGUI/ItemListbox', window renderer 'Core/ItemListbox' Look'N'Feel 'TaharezLook/ItemListbox' and RenderEffect ''. (0x7fff17f681f0)
15/01/2014 00:21:57 (Std) 	Creating falagard mapping for type 'TaharezLook/ListboxItem' using base type 'CEGUI/ItemEntry', window renderer 'Core/ItemEntry' Look'N'Feel 'TaharezLook/ListboxItem' and RenderEffect ''. (0x7fff17f681f0)
15/01/2014 00:21:57 (Std) 	Creating falagard mapping for type 'TaharezLook/GroupBox' using base type 'DefaultWindow', window renderer 'Core/Default' Look'N'Feel 'TaharezLook/GroupBox' and RenderEffect ''. (0x7fff17f681f0)
15/01/2014 00:21:57 (Std) 	Creating falagard mapping for type 'TaharezLook/Tree' using base type 'CEGUI/Tree', window renderer 'Core/Tree' Look'N'Feel 'TaharezLook/Tree' and RenderEffect ''. (0x7fff17f681f0)
15/01/2014 00:21:57 (Std) 	[OgreRenderer] Created texture: guiTex
15/01/2014 00:21:57 (Std) 	[ImageManager] Created image: 'RTTImage' (0x1107290) of type: BasicImage
15/01/2014 00:21:57 (Std) 	[OgreRenderer] Created texture: DejaVuSans-12_auto_glyph_images_32
15/01/2014 00:21:59 (Std) 	---- Begining CEGUI System destruction ----
15/01/2014 00:21:59 (Std) 	WindowFactory for 'CEGUI/Tree' windows removed. (0xfca350)
15/01/2014 00:21:59 (Std) 	Deleted WindowFactory for 'CEGUI/Tree' windows.
15/01/2014 00:21:59 (Std) 	WindowFactory for 'LayoutCell' windows removed. (0xfb8490)
15/01/2014 00:21:59 (Std) 	Deleted WindowFactory for 'LayoutCell' windows.
15/01/2014 00:21:59 (Std) 	WindowFactory for 'CEGUI/Thumb' windows removed. (0xf310f0)
15/01/2014 00:21:59 (Std) 	Deleted WindowFactory for 'CEGUI/Thumb' windows.
15/01/2014 00:21:59 (Std) 	WindowFactory for 'CEGUI/Slider' windows removed. (0x100bf50)
15/01/2014 00:21:59 (Std) 	Deleted WindowFactory for 'CEGUI/Slider' windows.
15/01/2014 00:21:59 (Std) 	WindowFactory for 'CEGUI/Editbox' windows removed. (0xfe7680)
15/01/2014 00:21:59 (Std) 	Deleted WindowFactory for 'CEGUI/Editbox' windows.
15/01/2014 00:21:59 (Std) 	WindowFactory for 'CEGUI/Listbox' windows removed. (0xf29ba0)
15/01/2014 00:21:59 (Std) 	Deleted WindowFactory for 'CEGUI/Listbox' windows.
15/01/2014 00:21:59 (Std) 	WindowFactory for 'CEGUI/Menubar' windows removed. (0xf31b20)
15/01/2014 00:21:59 (Std) 	Deleted WindowFactory for 'CEGUI/Menubar' windows.
15/01/2014 00:21:59 (Std) 	WindowFactory for 'CEGUI/Spinner' windows removed. (0xff6640)
15/01/2014 00:21:59 (Std) 	Deleted WindowFactory for 'CEGUI/Spinner' windows.
15/01/2014 00:21:59 (Std) 	WindowFactory for 'CEGUI/Tooltip' windows removed. (0x100d250)
15/01/2014 00:21:59 (Std) 	Deleted WindowFactory for 'CEGUI/Tooltip' windows.
15/01/2014 00:21:59 (Std) 	WindowFactory for 'DefaultWindow' windows removed. (0xfc3a60)
15/01/2014 00:21:59 (Std) 	Deleted WindowFactory for 'DefaultWindow' windows.
15/01/2014 00:21:59 (Std) 	WindowFactory for 'DragContainer' windows removed. (0xe22c60)
15/01/2014 00:21:59 (Std) 	Deleted WindowFactory for 'DragContainer' windows.
15/01/2014 00:21:59 (Std) 	WindowFactory for 'CEGUI/Combobox' windows removed. (0xfbb210)
15/01/2014 00:21:59 (Std) 	Deleted WindowFactory for 'CEGUI/Combobox' windows.
15/01/2014 00:21:59 (Std) 	WindowFactory for 'CEGUI/GroupBox' windows removed. (0xff7b00)
15/01/2014 00:21:59 (Std) 	Deleted WindowFactory for 'CEGUI/GroupBox' windows.
15/01/2014 00:21:59 (Std) 	WindowFactory for 'CEGUI/MenuItem' windows removed. (0xfe78d0)
15/01/2014 00:21:59 (Std) 	Deleted WindowFactory for 'CEGUI/MenuItem' windows.
15/01/2014 00:21:59 (Std) 	WindowFactory for 'CEGUI/Titlebar' windows removed. (0xf31290)
15/01/2014 00:21:59 (Std) 	Deleted WindowFactory for 'CEGUI/Titlebar' windows.
15/01/2014 00:21:59 (Std) 	WindowFactory for 'CEGUI/ItemEntry' windows removed. (0xfe6f90)
15/01/2014 00:21:59 (Std) 	Deleted WindowFactory for 'CEGUI/ItemEntry' windows.
15/01/2014 00:21:59 (Std) 	WindowFactory for 'CEGUI/PopupMenu' windows removed. (0x100c180)
15/01/2014 00:21:59 (Std) 	Deleted WindowFactory for 'CEGUI/PopupMenu' windows.
15/01/2014 00:21:59 (Std) 	WindowFactory for 'CEGUI/Scrollbar' windows removed. (0xfc5d60)
15/01/2014 00:21:59 (Std) 	Deleted WindowFactory for 'CEGUI/Scrollbar' windows.
15/01/2014 00:21:59 (Std) 	WindowFactory for 'CEGUI/TabButton' windows removed. (0xff67e0)
15/01/2014 00:21:59 (Std) 	Deleted WindowFactory for 'CEGUI/TabButton' windows.
15/01/2014 00:21:59 (Std) 	WindowFactory for 'CEGUI/ListHeader' windows removed. (0xfab440)
15/01/2014 00:21:59 (Std) 	Deleted WindowFactory for 'CEGUI/ListHeader' windows.
15/01/2014 00:21:59 (Std) 	WindowFactory for 'CEGUI/PushButton' windows removed. (0xfc1cf0)
15/01/2014 00:21:59 (Std) 	Deleted WindowFactory for 'CEGUI/PushButton' windows.
15/01/2014 00:21:59 (Std) 	WindowFactory for 'CEGUI/TabControl' windows removed. (0xfd0250)
15/01/2014 00:21:59 (Std) 	Deleted WindowFactory for 'CEGUI/TabControl' windows.
15/01/2014 00:21:59 (Std) 	WindowFactory for 'ClippedContainer' windows removed. (0xf226e0)
15/01/2014 00:21:59 (Std) 	Deleted WindowFactory for 'ClippedContainer' windows.
15/01/2014 00:21:59 (Std) 	WindowFactory for 'CEGUI/FrameWindow' windows removed. (0xfe7dc0)
15/01/2014 00:21:59 (Std) 	Deleted WindowFactory for 'CEGUI/FrameWindow' windows.
15/01/2014 00:21:59 (Std) 	WindowFactory for 'CEGUI/ItemListbox' windows removed. (0x100d3f0)
15/01/2014 00:21:59 (Std) 	Deleted WindowFactory for 'CEGUI/ItemListbox' windows.
15/01/2014 00:21:59 (Std) 	WindowFactory for 'CEGUI/ProgressBar' windows removed. (0xf29330)
15/01/2014 00:21:59 (Std) 	Deleted WindowFactory for 'CEGUI/ProgressBar' windows.
15/01/2014 00:21:59 (Std) 	WindowFactory for 'CEGUI/RadioButton' windows removed. (0xf2f5a0)
15/01/2014 00:21:59 (Std) 	Deleted WindowFactory for 'CEGUI/RadioButton' windows.
15/01/2014 00:21:59 (Std) 	WindowFactory for 'ScrolledContainer' windows removed. (0xffdcb0)
15/01/2014 00:21:59 (Std) 	Deleted WindowFactory for 'ScrolledContainer' windows.
15/01/2014 00:21:59 (Std) 	WindowFactory for 'CEGUI/ToggleButton' windows removed. (0xf2acf0)
15/01/2014 00:21:59 (Std) 	Deleted WindowFactory for 'CEGUI/ToggleButton' windows.
15/01/2014 00:21:59 (Std) 	WindowFactory for 'CEGUI/ComboDropList' windows removed. (0x101d360)
15/01/2014 00:21:59 (Std) 	Deleted WindowFactory for 'CEGUI/ComboDropList' windows.
15/01/2014 00:21:59 (Std) 	WindowFactory for 'GridLayoutContainer' windows removed. (0xfc19b0)
15/01/2014 00:21:59 (Std) 	Deleted WindowFactory for 'GridLayoutContainer' windows.
15/01/2014 00:21:59 (Std) 	WindowFactory for 'CEGUI/ScrollablePane' windows removed. (0xfc5bc0)
15/01/2014 00:21:59 (Std) 	Deleted WindowFactory for 'CEGUI/ScrollablePane' windows.
15/01/2014 00:21:59 (Std) 	WindowFactory for 'CEGUI/MultiColumnList' windows removed. (0xfc9da0)
15/01/2014 00:21:59 (Std) 	Deleted WindowFactory for 'CEGUI/MultiColumnList' windows.
15/01/2014 00:21:59 (Std) 	WindowFactory for 'CEGUI/MultiLineEditbox' windows removed. (0xf29270)
15/01/2014 00:21:59 (Std) 	Deleted WindowFactory for 'CEGUI/MultiLineEditbox' windows.
15/01/2014 00:21:59 (Std) 	WindowFactory for 'CEGUI/ListHeaderSegment' windows removed. (0xff9170)
15/01/2014 00:21:59 (Std) 	Deleted WindowFactory for 'CEGUI/ListHeaderSegment' windows.
15/01/2014 00:21:59 (Std) 	WindowFactory for 'VerticalLayoutContainer' windows removed. (0xff8f10)
15/01/2014 00:21:59 (Std) 	Deleted WindowFactory for 'VerticalLayoutContainer' windows.
15/01/2014 00:21:59 (Std) 	WindowFactory for 'HorizontalLayoutContainer' windows removed. (0xfca4f0)
15/01/2014 00:21:59 (Std) 	Deleted WindowFactory for 'HorizontalLayoutContainer' windows.
15/01/2014 00:21:59 (Std) 	---- Begining cleanup of GUI Scheme system ----
15/01/2014 00:21:59 (Std) 	WindowRendererFactory for 'Core/Button' WindowRenderers removed. (0xfdda80)
15/01/2014 00:21:59 (Std) 	Deleted WindowRendererFactory for 'Core/Button' WindowRenderers.
15/01/2014 00:21:59 (Std) 	WindowRendererFactory for 'Core/Default' WindowRenderers removed. (0xfddc20)
15/01/2014 00:21:59 (Std) 	Deleted WindowRendererFactory for 'Core/Default' WindowRenderers.
15/01/2014 00:21:59 (Std) 	WindowRendererFactory for 'Core/Editbox' WindowRenderers removed. (0x120d9d0)
15/01/2014 00:21:59 (Std) 	Deleted WindowRendererFactory for 'Core/Editbox' WindowRenderers.
15/01/2014 00:21:59 (Std) 	WindowRendererFactory for 'Core/FrameWindow' WindowRenderers removed. (0x122cd70)
15/01/2014 00:21:59 (Std) 	Deleted WindowRendererFactory for 'Core/FrameWindow' WindowRenderers.
15/01/2014 00:21:59 (Std) 	WindowRendererFactory for 'Core/ItemEntry' WindowRenderers removed. (0x122cf10)
15/01/2014 00:21:59 (Std) 	Deleted WindowRendererFactory for 'Core/ItemEntry' WindowRenderers.
15/01/2014 00:21:59 (Std) 	WindowRendererFactory for 'Core/ListHeader' WindowRenderers removed. (0x1221bf0)
15/01/2014 00:21:59 (Std) 	Deleted WindowRendererFactory for 'Core/ListHeader' WindowRenderers.
15/01/2014 00:21:59 (Std) 	WindowRendererFactory for 'Core/ListHeaderSegment' WindowRenderers removed. (0x11bd590)
15/01/2014 00:21:59 (Std) 	Deleted WindowRendererFactory for 'Core/ListHeaderSegment' WindowRenderers.
15/01/2014 00:21:59 (Std) 	WindowRendererFactory for 'Core/Listbox' WindowRenderers removed. (0x11bd730)
15/01/2014 00:21:59 (Std) 	Deleted WindowRendererFactory for 'Core/Listbox' WindowRenderers.
15/01/2014 00:21:59 (Std) 	WindowRendererFactory for 'Core/Menubar' WindowRenderers removed. (0x11bd8d0)
15/01/2014 00:21:59 (Std) 	Deleted WindowRendererFactory for 'Core/Menubar' WindowRenderers.
15/01/2014 00:21:59 (Std) 	WindowRendererFactory for 'Core/MenuItem' WindowRenderers removed. (0x117f380)
15/01/2014 00:21:59 (Std) 	Deleted WindowRendererFactory for 'Core/MenuItem' WindowRenderers.
15/01/2014 00:21:59 (Std) 	WindowRendererFactory for 'Core/MultiColumnList' WindowRenderers removed. (0x117f520)
15/01/2014 00:21:59 (Std) 	Deleted WindowRendererFactory for 'Core/MultiColumnList' WindowRenderers.
15/01/2014 00:21:59 (Std) 	WindowRendererFactory for 'Core/MultiLineEditbox' WindowRenderers removed. (0x117f5e0)
15/01/2014 00:21:59 (Std) 	Deleted WindowRendererFactory for 'Core/MultiLineEditbox' WindowRenderers.
15/01/2014 00:21:59 (Std) 	WindowRendererFactory for 'Core/PopupMenu' WindowRenderers removed. (0x100bbd0)
15/01/2014 00:21:59 (Std) 	Deleted WindowRendererFactory for 'Core/PopupMenu' WindowRenderers.
15/01/2014 00:21:59 (Std) 	WindowRendererFactory for 'Core/ProgressBar' WindowRenderers removed. (0x100bd70)
15/01/2014 00:21:59 (Std) 	Deleted WindowRendererFactory for 'Core/ProgressBar' WindowRenderers.
15/01/2014 00:21:59 (Std) 	WindowRendererFactory for 'Core/ScrollablePane' WindowRenderers removed. (0x10a6c50)
15/01/2014 00:21:59 (Std) 	Deleted WindowRendererFactory for 'Core/ScrollablePane' WindowRenderers.
15/01/2014 00:21:59 (Std) 	WindowRendererFactory for 'Core/Scrollbar' WindowRenderers removed. (0x10a6df0)
15/01/2014 00:21:59 (Std) 	Deleted WindowRendererFactory for 'Core/Scrollbar' WindowRenderers.
15/01/2014 00:21:59 (Std) 	WindowRendererFactory for 'Core/Slider' WindowRenderers removed. (0x120efc0)
15/01/2014 00:21:59 (Std) 	Deleted WindowRendererFactory for 'Core/Slider' WindowRenderers.
15/01/2014 00:21:59 (Std) 	WindowRendererFactory for 'Core/Static' WindowRenderers removed. (0x120f270)
15/01/2014 00:21:59 (Std) 	Deleted WindowRendererFactory for 'Core/Static' WindowRenderers.
15/01/2014 00:21:59 (Std) 	WindowRendererFactory for 'Core/StaticImage' WindowRenderers removed. (0x120f330)
15/01/2014 00:21:59 (Std) 	Deleted WindowRendererFactory for 'Core/StaticImage' WindowRenderers.
15/01/2014 00:21:59 (Std) 	WindowRendererFactory for 'Core/StaticText' WindowRenderers removed. (0x122d7a0)
15/01/2014 00:21:59 (Std) 	Deleted WindowRendererFactory for 'Core/StaticText' WindowRenderers.
15/01/2014 00:21:59 (Std) 	WindowRendererFactory for 'Core/TabButton' WindowRenderers removed. (0x122d940)
15/01/2014 00:21:59 (Std) 	Deleted WindowRendererFactory for 'Core/TabButton' WindowRenderers.
15/01/2014 00:21:59 (Std) 	WindowRendererFactory for 'Core/TabControl' WindowRenderers removed. (0x122dae0)
15/01/2014 00:21:59 (Std) 	Deleted WindowRendererFactory for 'Core/TabControl' WindowRenderers.
15/01/2014 00:21:59 (Std) 	WindowRendererFactory for 'Core/Titlebar' WindowRenderers removed. (0x122dc80)
15/01/2014 00:21:59 (Std) 	Deleted WindowRendererFactory for 'Core/Titlebar' WindowRenderers.
15/01/2014 00:21:59 (Std) 	WindowRendererFactory for 'Core/ToggleButton' WindowRenderers removed. (0x122de20)
15/01/2014 00:21:59 (Std) 	Deleted WindowRendererFactory for 'Core/ToggleButton' WindowRenderers.
15/01/2014 00:21:59 (Std) 	WindowRendererFactory for 'Core/Tooltip' WindowRenderers removed. (0xfe1ea0)
15/01/2014 00:21:59 (Std) 	Deleted WindowRendererFactory for 'Core/Tooltip' WindowRenderers.
15/01/2014 00:21:59 (Std) 	WindowRendererFactory for 'Core/ItemListbox' WindowRenderers removed. (0xfe2040)
15/01/2014 00:21:59 (Std) 	Deleted WindowRendererFactory for 'Core/ItemListbox' WindowRenderers.
15/01/2014 00:21:59 (Std) 	WindowRendererFactory for 'Core/Tree' WindowRenderers removed. (0xfe21e0)
15/01/2014 00:21:59 (Std) 	Deleted WindowRendererFactory for 'Core/Tree' WindowRenderers.
15/01/2014 00:21:59 (Std) 	CEGUI::SchemeManager singleton destroyed. (0xf86760)
15/01/2014 00:21:59 (Std) 	CEGUI::WindowManager singleton destroyed (0xfb6260)
15/01/2014 00:21:59 (Std) 	CEGUI::WindowFactoryManager singleton destroyed
15/01/2014 00:21:59 (Std) 	CEGUI::WidgetLookManager singleton destroyed. (0xffdfc0)
15/01/2014 00:21:59 (Std) 	CEGUI::WindowRendererManager singleton destroyed (0xe46460)
15/01/2014 00:21:59 (Std) 	CEGUI::AnimationManager singleton destroyed (0xd9da50)
15/01/2014 00:21:59 (Std) 	CEGUI::RenderEffectManager singleton destroyed (0xfe8240)
15/01/2014 00:21:59 (Std) 	---- Begining cleanup of Font system ----
15/01/2014 00:21:59 (Std) 	[OgreRenderer] Destroyed texture: DejaVuSans-12_auto_glyph_images_32
15/01/2014 00:21:59 (Std) 	CEGUI::FontManager singleton destroyed. (0xf2f870)
15/01/2014 00:21:59 (Std) 	[ImageManager] Deleted image: RTTImage
15/01/2014 00:21:59 (Std) 	[ImageManager] Deleted image: TaharezLook/MenuTop
15/01/2014 00:21:59 (Std) 	[ImageManager] Deleted image: TaharezLook/MenuLeft
15/01/2014 00:21:59 (Std) 	[ImageManager] Deleted image: TaharezLook/MenuRight
15/01/2014 00:21:59 (Std) 	[ImageManager] Deleted image: TaharezLook/StaticTop
15/01/2014 00:21:59 (Std) 	[ImageManager] Deleted image: TaharezLook/ListboxTop
15/01/2014 00:21:59 (Std) 	[ImageManager] Deleted image: TaharezLook/MenuBottom
15/01/2014 00:21:59 (Std) 	[ImageManager] Deleted image: TaharezLook/MenuMiddle
15/01/2014 00:21:59 (Std) 	[ImageManager] Deleted image: TaharezLook/MouseArrow
15/01/2014 00:21:59 (Std) 	[ImageManager] Deleted image: TaharezLook/StaticLeft
15/01/2014 00:21:59 (Std) 	[ImageManager] Deleted image: TaharezLook/ClientBrush
15/01/2014 00:21:59 (Std) 	[ImageManager] Deleted image: TaharezLook/EditBoxLeft
15/01/2014 00:21:59 (Std) 	[ImageManager] Deleted image: TaharezLook/ListboxLeft
15/01/2014 00:21:59 (Std) 	[ImageManager] Deleted image: TaharezLook/MenuTopLeft
15/01/2014 00:21:59 (Std) 	[ImageManager] Deleted image: TaharezLook/MouseTarget
15/01/2014 00:21:59 (Std) 	[ImageManager] Deleted image: TaharezLook/StaticRight
15/01/2014 00:21:59 (Std) 	[ImageManager] Deleted image: TaharezLook/CheckboxMark
15/01/2014 00:21:59 (Std) 	[ImageManager] Deleted image: TaharezLook/EditBoxCaret
15/01/2014 00:21:59 (Std) 	[ImageManager] Deleted image: TaharezLook/EditBoxRight
15/01/2014 00:21:59 (Std) 	[ImageManager] Deleted image: TaharezLook/GenericBrush
15/01/2014 00:21:59 (Std) 	[ImageManager] Deleted image: TaharezLook/ListboxRight
15/01/2014 00:21:59 (Std) 	[ImageManager] Deleted image: TaharezLook/MenuTopRight
15/01/2014 00:21:59 (Std) 	[ImageManager] Deleted image: TaharezLook/MouseTextBar
15/01/2014 00:21:59 (Std) 	[ImageManager] Deleted image: TaharezLook/MultiListTop
15/01/2014 00:21:59 (Std) 	[ImageManager] Deleted image: TaharezLook/StaticBottom
15/01/2014 00:21:59 (Std) 	[ImageManager] Deleted image: TaharezLook/SysAreaRight
15/01/2014 00:21:59 (Std) 	[ImageManager] Deleted image: TaharezLook/TitlebarLeft
15/01/2014 00:21:59 (Std) 	[ImageManager] Deleted image: TaharezLook/CheckboxHover
15/01/2014 00:21:59 (Std) 	[ImageManager] Deleted image: TaharezLook/EditBoxMiddle
15/01/2014 00:21:59 (Std) 	[ImageManager] Deleted image: TaharezLook/ListboxBottom
15/01/2014 00:21:59 (Std) 	[ImageManager] Deleted image: TaharezLook/MultiListLeft
15/01/2014 00:21:59 (Std) 	[ImageManager] Deleted image: TaharezLook/StaticTopLeft
15/01/2014 00:21:59 (Std) 	[ImageManager] Deleted image: TaharezLook/SysAreaMiddle
15/01/2014 00:21:59 (Std) 	[ImageManager] Deleted image: TaharezLook/TitlebarRight
15/01/2014 00:21:59 (Std) 	[ImageManager] Deleted image: TaharezLook/TooltipMiddle
15/01/2014 00:21:59 (Std) 	[ImageManager] Deleted image: TaharezLook/VertScrollTop
15/01/2014 00:21:59 (Std) 	[ImageManager] Deleted image: TaharezLook/WindowTopEdge
15/01/2014 00:21:59 (Std) 	[ImageManager] Deleted image: TaharezLook/WindowTopLeft
15/01/2014 00:21:59 (Std) 	[ImageManager] Deleted image: TaharezLook/CheckboxNormal
15/01/2014 00:21:59 (Std) 	[ImageManager] Deleted image: TaharezLook/ListboxTopLeft
15/01/2014 00:21:59 (Std) 	[ImageManager] Deleted image: TaharezLook/MenuBottomLeft
15/01/2014 00:21:59 (Std) 	[ImageManager] Deleted image: TaharezLook/MultiListRight
15/01/2014 00:21:59 (Std) 	[ImageManager] Deleted image: TaharezLook/SpinnerUpHover
15/01/2014 00:21:59 (Std) 	[ImageManager] Deleted image: TaharezLook/StaticBackdrop
15/01/2014 00:21:59 (Std) 	[ImageManager] Deleted image: TaharezLook/StaticTopRight
15/01/2014 00:21:59 (Std) 	[ImageManager] Deleted image: TaharezLook/TitlebarMiddle
15/01/2014 00:21:59 (Std) 	[ImageManager] Deleted image: TaharezLook/TooltipTopEdge
15/01/2014 00:21:59 (Std) 	[ImageManager] Deleted image: TaharezLook/TooltipTopLeft
15/01/2014 00:21:59 (Std) 	[ImageManager] Deleted image: TaharezLook/TreeListClosed
15/01/2014 00:21:59 (Std) 	[ImageManager] Deleted image: TaharezLook/TreeListOpened
15/01/2014 00:21:59 (Std) 	[ImageManager] Deleted image: TaharezLook/VertSliderBody
15/01/2014 00:21:59 (Std) 	[ImageManager] Deleted image: TaharezLook/WindowLeftEdge
15/01/2014 00:21:59 (Std) 	[ImageManager] Deleted image: TaharezLook/WindowTopRight
15/01/2014 00:21:59 (Std) 	[ImageManager] Deleted image: TaharezLook/AltProgressHalf
15/01/2014 00:21:59 (Std) 	[ImageManager] Deleted image: TaharezLook/AltProgressLeft
15/01/2014 00:21:59 (Std) 	[ImageManager] Deleted image: TaharezLook/ComboboxListTop
15/01/2014 00:21:59 (Std) 	[ImageManager] Deleted image: TaharezLook/HeaderBarSortUp
15/01/2014 00:21:59 (Std) 	[ImageManager] Deleted image: TaharezLook/ListboxBackdrop
15/01/2014 00:21:59 (Std) 	[ImageManager] Deleted image: TaharezLook/ListboxTopRight
15/01/2014 00:21:59 (Std) 	[ImageManager] Deleted image: TaharezLook/MenuBottomRight
15/01/2014 00:21:59 (Std) 	[ImageManager] Deleted image: TaharezLook/MouseEsWeCursor
15/01/2014 00:21:59 (Std) 	[ImageManager] Deleted image: TaharezLook/MouseMoveCursor
15/01/2014 00:21:59 (Std) 	[ImageManager] Deleted image: TaharezLook/MouseNeSwCursor
15/01/2014 00:21:59 (Std) 	[ImageManager] Deleted image: TaharezLook/MouseNoSoCursor
15/01/2014 00:21:59 (Std) 	[ImageManager] Deleted image: TaharezLook/MouseNwSeCursor
15/01/2014 00:21:59 (Std) 	[ImageManager] Deleted image: TaharezLook/MultiListBottom
15/01/2014 00:21:59 (Std) 	[ImageManager] Deleted image: TaharezLook/NewTitlebarLeft
15/01/2014 00:21:59 (Std) 	[ImageManager] Deleted image: TaharezLook/PopupMenuMiddle
15/01/2014 00:21:59 (Std) 	[ImageManager] Deleted image: TaharezLook/ProgressBarLeft
15/01/2014 00:21:59 (Std) 	[ImageManager] Deleted image: TaharezLook/RadioButtonMark
15/01/2014 00:21:59 (Std) 	[ImageManager] Deleted image: TaharezLook/SpinnerUpNormal
15/01/2014 00:21:59 (Std) 	[ImageManager] Deleted image: TaharezLook/TooltipLeftEdge
15/01/2014 00:21:59 (Std) 	[ImageManager] Deleted image: TaharezLook/TooltipTopRight
15/01/2014 00:21:59 (Std) 	[ImageManager] Deleted image: TaharezLook/WindowRightEdge
15/01/2014 00:21:59 (Std) 	[ImageManager] Deleted image: TaharezLook/AltProgressRight
15/01/2014 00:21:59 (Std) 	[ImageManager] Deleted image: TaharezLook/ButtonLeftNormal
15/01/2014 00:21:59 (Std) 	[ImageManager] Deleted image: TaharezLook/ButtonLeftPushed
15/01/2014 00:21:59 (Std) 	[ImageManager] Deleted image: TaharezLook/CloseButtonHover
15/01/2014 00:21:59 (Std) 	[ImageManager] Deleted image: TaharezLook/ComboboxEditLeft
15/01/2014 00:21:59 (Std) 	[ImageManager] Deleted image: TaharezLook/ComboboxListLeft
15/01/2014 00:21:59 (Std) 	[ImageManager] Deleted image: TaharezLook/MultiListTopLeft
15/01/2014 00:21:59 (Std) 	[ImageManager] Deleted image: TaharezLook/NewTitlebarRight
15/01/2014 00:21:59 (Std) 	[ImageManager] Deleted image: TaharezLook/ProgressBarRight
15/01/2014 00:21:59 (Std) 	[ImageManager] Deleted image: TaharezLook/RadioButtonHover
15/01/2014 00:21:59 (Std) 	[ImageManager] Deleted image: TaharezLook/SpinnerDownHover
15/01/2014 00:21:59 (Std) 	[ImageManager] Deleted image: TaharezLook/StaticBottomLeft
15/01/2014 00:21:59 (Std) 	[ImageManager] Deleted image: TaharezLook/TooltipRightEdge
15/01/2014 00:21:59 (Std) 	[ImageManager] Deleted image: TaharezLook/VertScrollBottom
15/01/2014 00:21:59 (Std) 	[ImageManager] Deleted image: TaharezLook/VertScrollMiddle
15/01/2014 00:21:59 (Std) 	[ImageManager] Deleted image: TaharezLook/WindowBottomEdge
15/01/2014 00:21:59 (Std) 	[ImageManager] Deleted image: TaharezLook/WindowBottomLeft
15/01/2014 00:21:59 (Std) 	[ImageManager] Deleted image: TaharezLook/AltProgressLight1
15/01/2014 00:21:59 (Std) 	[ImageManager] Deleted image: TaharezLook/AltProgressLight2
15/01/2014 00:21:59 (Std) 	[ImageManager] Deleted image: TaharezLook/AltProgressLight3
15/01/2014 00:21:59 (Std) 	[ImageManager] Deleted image: TaharezLook/AltProgressLight4
15/01/2014 00:21:59 (Std) 	[ImageManager] Deleted image: TaharezLook/AltProgressLight5
15/01/2014 00:21:59 (Std) 	[ImageManager] Deleted image: TaharezLook/AltProgressLight6
15/01/2014 00:21:59 (Std) 	[ImageManager] Deleted image: TaharezLook/AltProgressLight7
15/01/2014 00:21:59 (Std) 	[ImageManager] Deleted image: TaharezLook/AltProgressLight8
15/01/2014 00:21:59 (Std) 	[ImageManager] Deleted image: TaharezLook/AltProgressLight9
15/01/2014 00:21:59 (Std) 	[ImageManager] Deleted image: TaharezLook/AltProgressMiddle
15/01/2014 00:21:59 (Std) 	[ImageManager] Deleted image: TaharezLook/ButtonRightNormal
15/01/2014 00:21:59 (Std) 	[ImageManager] Deleted image: TaharezLook/ButtonRightPushed
15/01/2014 00:21:59 (Std) 	[ImageManager] Deleted image: TaharezLook/CloseButtonNormal
15/01/2014 00:21:59 (Std) 	[ImageManager] Deleted image: TaharezLook/ComboboxListRight
15/01/2014 00:21:59 (Std) 	[ImageManager] Deleted image: TaharezLook/HeaderBarSortDown
15/01/2014 00:21:59 (Std) 	[ImageManager] Deleted image: TaharezLook/ListboxBottomLeft
15/01/2014 00:21:59 (Std) 	[ImageManager] Deleted image: TaharezLook/MultiListBackdrop
15/01/2014 00:21:59 (Std) 	[ImageManager] Deleted image: TaharezLook/MultiListTopRight
15/01/2014 00:21:59 (Std) 	[ImageManager] Deleted image: TaharezLook/NewTitlebarMiddle
15/01/2014 00:21:59 (Std) 	[ImageManager] Deleted image: TaharezLook/PopupMenuFrameTop
15/01/2014 00:21:59 (Std) 	[ImageManager] Deleted image: TaharezLook/ProgressBarMiddle
15/01/2014 00:21:59 (Std) 	[ImageManager] Deleted image: TaharezLook/RadioButtonNormal
15/01/2014 00:21:59 (Std) 	[ImageManager] Deleted image: TaharezLook/SpinnerDownNormal
15/01/2014 00:21:59 (Std) 	[ImageManager] Deleted image: TaharezLook/StaticBottomRight
15/01/2014 00:21:59 (Std) 	[ImageManager] Deleted image: TaharezLook/TooltipBottomEdge
15/01/2014 00:21:59 (Std) 	[ImageManager] Deleted image: TaharezLook/TooltipBottomLeft
15/01/2014 00:21:59 (Std) 	[ImageManager] Deleted image: TaharezLook/VertScrollUpHover
15/01/2014 00:21:59 (Std) 	[ImageManager] Deleted image: TaharezLook/WindowBottomRight
15/01/2014 00:21:59 (Std) 	[ImageManager] Deleted image: TaharezLook/AltProgressLight10
15/01/2014 00:21:59 (Std) 	[ImageManager] Deleted image: TaharezLook/AltProgressQuarter
15/01/2014 00:21:59 (Std) 	[ImageManager] Deleted image: TaharezLook/ButtonMiddleNormal
15/01/2014 00:21:59 (Std) 	[ImageManager] Deleted image: TaharezLook/ButtonMiddlePushed
15/01/2014 00:21:59 (Std) 	[ImageManager] Deleted image: TaharezLook/CloseButtonPressed
15/01/2014 00:21:59 (Std) 	[ImageManager] Deleted image: TaharezLook/ComboboxEditMiddle
15/01/2014 00:21:59 (Std) 	[ImageManager] Deleted image: TaharezLook/ComboboxListBottom
15/01/2014 00:21:59 (Std) 	[ImageManager] Deleted image: TaharezLook/ListboxBottomRight
15/01/2014 00:21:59 (Std) 	[ImageManager] Deleted image: TaharezLook/PopupMenuArrowLeft
15/01/2014 00:21:59 (Std) 	[ImageManager] Deleted image: TaharezLook/PopupMenuFrameLeft
15/01/2014 00:21:59 (Std) 	[ImageManager] Deleted image: TaharezLook/TabContentPaneLeft
15/01/2014 00:21:59 (Std) 	[ImageManager] Deleted image: TaharezLook/TextSelectionBrush
15/01/2014 00:21:59 (Std) 	[ImageManager] Deleted image: TaharezLook/TooltipBottomRight
15/01/2014 00:21:59 (Std) 	[ImageManager] Deleted image: TaharezLook/VertScrollUpNormal
15/01/2014 00:21:59 (Std) 	[ImageManager] Deleted image: TaharezLook/ButtonLeftHighlight
15/01/2014 00:21:59 (Std) 	[ImageManager] Deleted image: TaharezLook/ComboboxDividerLeft
15/01/2014 00:21:59 (Std) 	[ImageManager] Deleted image: TaharezLook/ComboboxListTopLeft
15/01/2014 00:21:59 (Std) 	[ImageManager] Deleted image: TaharezLook/MultiLineEditboxTop
15/01/2014 00:21:59 (Std) 	[ImageManager] Deleted image: TaharezLook/MultiListBottomLeft
15/01/2014 00:21:59 (Std) 	[ImageManager] Deleted image: TaharezLook/NewCloseButtonHover
15/01/2014 00:21:59 (Std) 	[ImageManager] Deleted image: TaharezLook/PopupMenuArrowRight
15/01/2014 00:21:59 (Std) 	[ImageManager] Deleted image: TaharezLook/PopupMenuFrameRight
15/01/2014 00:21:59 (Std) 	[ImageManager] Deleted image: TaharezLook/TabButtonLeftNormal
15/01/2014 00:21:59 (Std) 	[ImageManager] Deleted image: TaharezLook/TabContentPaneLower
15/01/2014 00:21:59 (Std) 	[ImageManager] Deleted image: TaharezLook/TabContentPaneRight
15/01/2014 00:21:59 (Std) 	[ImageManager] Deleted image: TaharezLook/TabContentPaneUpper
15/01/2014 00:21:59 (Std) 	[ImageManager] Deleted image: TaharezLook/TabHorizontalFiller
15/01/2014 00:21:59 (Std) 	[ImageManager] Deleted image: TaharezLook/VertScrollDownHover
15/01/2014 00:21:59 (Std) 	[ImageManager] Deleted image: TaharezLook/ButtonRightHighlight
15/01/2014 00:21:59 (Std) 	[ImageManager] Deleted image: TaharezLook/ComboboxDividerRight
15/01/2014 00:21:59 (Std) 	[ImageManager] Deleted image: TaharezLook/ComboboxListBackdrop
15/01/2014 00:21:59 (Std) 	[ImageManager] Deleted image: TaharezLook/ComboboxListTopRight
15/01/2014 00:21:59 (Std) 	[ImageManager] Deleted image: TaharezLook/MultiLineEditboxLeft
15/01/2014 00:21:59 (Std) 	[ImageManager] Deleted image: TaharezLook/MultiListBottomRight
15/01/2014 00:21:59 (Std) 	[ImageManager] Deleted image: TaharezLook/NewCloseButtonNormal
15/01/2014 00:21:59 (Std) 	[ImageManager] Deleted image: TaharezLook/PopupMenuFrameBottom
15/01/2014 00:21:59 (Std) 	[ImageManager] Deleted image: TaharezLook/TabButtonLowerNormal
15/01/2014 00:21:59 (Std) 	[ImageManager] Deleted image: TaharezLook/TabButtonRightNormal
15/01/2014 00:21:59 (Std) 	[ImageManager] Deleted image: TaharezLook/TabButtonUpperNormal
15/01/2014 00:21:59 (Std) 	[ImageManager] Deleted image: TaharezLook/TabContentPaneMiddle
15/01/2014 00:21:59 (Std) 	[ImageManager] Deleted image: TaharezLook/VertScrollBarSegment
15/01/2014 00:21:59 (Std) 	[ImageManager] Deleted image: TaharezLook/VertScrollDownNormal
15/01/2014 00:21:59 (Std) 	[ImageManager] Deleted image: TaharezLook/VertScrollThumbHover
15/01/2014 00:21:59 (Std) 	[ImageManager] Deleted image: TaharezLook/VertSliderThumbHover
15/01/2014 00:21:59 (Std) 	[ImageManager] Deleted image: TaharezLook/ButtonMiddleHighlight
15/01/2014 00:21:59 (Std) 	[ImageManager] Deleted image: TaharezLook/ComboboxDividerMiddle
15/01/2014 00:21:59 (Std) 	[ImageManager] Deleted image: TaharezLook/ListboxSelectionBrush
15/01/2014 00:21:59 (Std) 	[ImageManager] Deleted image: TaharezLook/MiniVertScrollUpHover
15/01/2014 00:21:59 (Std) 	[ImageManager] Deleted image: TaharezLook/MultiLineEditboxRight
15/01/2014 00:21:59 (Std) 	[ImageManager] Deleted image: TaharezLook/NewCloseButtonPressed
15/01/2014 00:21:59 (Std) 	[ImageManager] Deleted image: TaharezLook/PopupMenuFrameTopLeft
15/01/2014 00:21:59 (Std) 	[ImageManager] Deleted image: TaharezLook/ProgressBarDimSegment
15/01/2014 00:21:59 (Std) 	[ImageManager] Deleted image: TaharezLook/ProgressBarLitSegment
15/01/2014 00:21:59 (Std) 	[ImageManager] Deleted image: TaharezLook/TabButtonLeftSelected
15/01/2014 00:21:59 (Std) 	[ImageManager] Deleted image: TaharezLook/TabButtonMiddleNormal
15/01/2014 00:21:59 (Std) 	[ImageManager] Deleted image: TaharezLook/VertScrollThumbNormal
15/01/2014 00:21:59 (Std) 	[ImageManager] Deleted image: TaharezLook/VertSliderThumbNormal
15/01/2014 00:21:59 (Std) 	[ImageManager] Deleted image: TaharezLook/ComboboxListBottomLeft
15/01/2014 00:21:59 (Std) 	[ImageManager] Deleted image: TaharezLook/ComboboxSelectionBrush
15/01/2014 00:21:59 (Std) 	[ImageManager] Deleted image: TaharezLook/HeaderBarBackdropHover
15/01/2014 00:21:59 (Std) 	[ImageManager] Deleted image: TaharezLook/HeaderBarSplitterHover
15/01/2014 00:21:59 (Std) 	[ImageManager] Deleted image: TaharezLook/MiniVertScrollUpNormal
15/01/2014 00:21:59 (Std) 	[ImageManager] Deleted image: TaharezLook/MultiLineEditboxBottom
15/01/2014 00:21:59 (Std) 	[ImageManager] Deleted image: TaharezLook/PopupMenuFrameTopRight
15/01/2014 00:21:59 (Std) 	[ImageManager] Deleted image: TaharezLook/TabButtonLowerSelected
15/01/2014 00:21:59 (Std) 	[ImageManager] Deleted image: TaharezLook/TabButtonRightSelected
15/01/2014 00:21:59 (Std) 	[ImageManager] Deleted image: TaharezLook/TabButtonUpperSelected
15/01/2014 00:21:59 (Std) 	[ImageManager] Deleted image: TaharezLook/ComboboxListBottomRight
15/01/2014 00:21:59 (Std) 	[ImageManager] Deleted image: TaharezLook/ComboboxListButtonHover
15/01/2014 00:21:59 (Std) 	[ImageManager] Deleted image: TaharezLook/HeaderBarBackdropNormal
15/01/2014 00:21:59 (Std) 	[ImageManager] Deleted image: TaharezLook/HeaderBarSplitterNormal
15/01/2014 00:21:59 (Std) 	[ImageManager] Deleted image: TaharezLook/MiniHorzScrollLeftHover
15/01/2014 00:21:59 (Std) 	[ImageManager] Deleted image: TaharezLook/MiniVertScrollDownHover
15/01/2014 00:21:59 (Std) 	[ImageManager] Deleted image: TaharezLook/MultiLineEditboxTopLeft
15/01/2014 00:21:59 (Std) 	[ImageManager] Deleted image: TaharezLook/MultiListSelectionBrush
15/01/2014 00:21:59 (Std) 	[ImageManager] Deleted image: TaharezLook/TabButtonMiddleSelected
15/01/2014 00:21:59 (Std) 	[ImageManager] Deleted image: TaharezLook/TabContentPaneLowerLeft
15/01/2014 00:21:59 (Std) 	[ImageManager] Deleted image: TaharezLook/TabContentPaneUpperLeft
15/01/2014 00:21:59 (Std) 	[ImageManager] Deleted image: TaharezLook/ComboboxListButtonNormal
15/01/2014 00:21:59 (Std) 	[ImageManager] Deleted image: TaharezLook/MiniHorzScrollBarSegment
15/01/2014 00:21:59 (Std) 	[ImageManager] Deleted image: TaharezLook/MiniHorzScrollLeftNormal
15/01/2014 00:21:59 (Std) 	[ImageManager] Deleted image: TaharezLook/MiniHorzScrollRightHover
15/01/2014 00:21:59 (Std) 	[ImageManager] Deleted image: TaharezLook/MiniHorzScrollThumbHover
15/01/2014 00:21:59 (Std) 	[ImageManager] Deleted image: TaharezLook/MiniVertScrollBarSegment
15/01/2014 00:21:59 (Std) 	[ImageManager] Deleted image: TaharezLook/MiniVertScrollDownNormal
15/01/2014 00:21:59 (Std) 	[ImageManager] Deleted image: TaharezLook/MiniVertScrollThumbHover
15/01/2014 00:21:59 (Std) 	[ImageManager] Deleted image: TaharezLook/MultiLineEditboxBackdrop
15/01/2014 00:21:59 (Std) 	[ImageManager] Deleted image: TaharezLook/MultiLineEditboxTopRight
15/01/2014 00:21:59 (Std) 	[ImageManager] Deleted image: TaharezLook/PopupMenuFrameBottomLeft
15/01/2014 00:21:59 (Std) 	[ImageManager] Deleted image: TaharezLook/TabButtonLowerLeftNormal
15/01/2014 00:21:59 (Std) 	[ImageManager] Deleted image: TaharezLook/TabButtonScrollLeftHover
15/01/2014 00:21:59 (Std) 	[ImageManager] Deleted image: TaharezLook/TabButtonUpperLeftNormal
15/01/2014 00:21:59 (Std) 	[ImageManager] Deleted image: TaharezLook/TabContentPaneLowerRight
15/01/2014 00:21:59 (Std) 	[ImageManager] Deleted image: TaharezLook/TabContentPaneUpperRight
15/01/2014 00:21:59 (Std) 	[ImageManager] Deleted image: TaharezLook/MiniHorzScrollRightNormal
15/01/2014 00:21:59 (Std) 	[ImageManager] Deleted image: TaharezLook/MiniHorzScrollThumbNormal
15/01/2014 00:21:59 (Std) 	[ImageManager] Deleted image: TaharezLook/MiniVertScrollThumbNormal
15/01/2014 00:21:59 (Std) 	[ImageManager] Deleted image: TaharezLook/PopupMenuFrameBottomRight
15/01/2014 00:21:59 (Std) 	[ImageManager] Deleted image: TaharezLook/TabButtonLowerRightNormal
15/01/2014 00:21:59 (Std) 	[ImageManager] Deleted image: TaharezLook/TabButtonScrollLeftNormal
15/01/2014 00:21:59 (Std) 	[ImageManager] Deleted image: TaharezLook/TabButtonScrollRightHover
15/01/2014 00:21:59 (Std) 	[ImageManager] Deleted image: TaharezLook/TabButtonUpperLeft2Normal
15/01/2014 00:21:59 (Std) 	[ImageManager] Deleted image: TaharezLook/TabButtonUpperRightNormal
15/01/2014 00:21:59 (Std) 	[ImageManager] Deleted image: TaharezLook/MultiLineEditboxBottomLeft
15/01/2014 00:21:59 (Std) 	[ImageManager] Deleted image: TaharezLook/TabButtonLowerLeftSelected
15/01/2014 00:21:59 (Std) 	[ImageManager] Deleted image: TaharezLook/TabButtonLowerRight2Normal
15/01/2014 00:21:59 (Std) 	[ImageManager] Deleted image: TaharezLook/TabButtonScrollRightNormal
15/01/2014 00:21:59 (Std) 	[ImageManager] Deleted image: TaharezLook/TabButtonUpperLeftSelected
15/01/2014 00:21:59 (Std) 	[ImageManager] Deleted image: TaharezLook/MiniVertScrollThumbTopHover
15/01/2014 00:21:59 (Std) 	[ImageManager] Deleted image: TaharezLook/MultiLineEditboxBottomRight
15/01/2014 00:21:59 (Std) 	[ImageManager] Deleted image: TaharezLook/TabButtonLowerRightSelected
15/01/2014 00:21:59 (Std) 	[ImageManager] Deleted image: TaharezLook/TabButtonUpperRightSelected
15/01/2014 00:21:59 (Std) 	[ImageManager] Deleted image: TaharezLook/MiniHorzScrollThumbLeftHover
15/01/2014 00:21:59 (Std) 	[ImageManager] Deleted image: TaharezLook/MiniVertScrollThumbTopNormal
15/01/2014 00:21:59 (Std) 	[ImageManager] Deleted image: TaharezLook/MiniHorzScrollThumbLeftNormal
15/01/2014 00:21:59 (Std) 	[ImageManager] Deleted image: TaharezLook/MiniHorzScrollThumbRightHover
15/01/2014 00:21:59 (Std) 	[ImageManager] Deleted image: TaharezLook/MiniHorzScrollThumbMiddleHover
15/01/2014 00:21:59 (Std) 	[ImageManager] Deleted image: TaharezLook/MiniHorzScrollThumbRightNormal
15/01/2014 00:21:59 (Std) 	[ImageManager] Deleted image: TaharezLook/MiniVertScrollThumbBottomHover
15/01/2014 00:21:59 (Std) 	[ImageManager] Deleted image: TaharezLook/MiniVertScrollThumbMiddleHover
15/01/2014 00:21:59 (Std) 	[ImageManager] Deleted image: TaharezLook/MultiLineEditboxSelectionBrush
15/01/2014 00:21:59 (Std) 	[ImageManager] Deleted image: TaharezLook/MiniHorzScrollThumbMiddleNormal
15/01/2014 00:21:59 (Std) 	[ImageManager] Deleted image: TaharezLook/MiniVertScrollThumbBottomNormal
15/01/2014 00:21:59 (Std) 	[ImageManager] Deleted image: TaharezLook/MiniVertScrollThumbMiddleNormal
15/01/2014 00:21:59 (Std) 	[CEGUI::ImageManager] Unregistered Image type: BasicImage
15/01/2014 00:21:59 (Std) 	[CEGUI::ImageManager] Singleton destroyed (0xf2d320)
15/01/2014 00:21:59 (Std) 	CEGUI::GlobalEventSet singleton destroyed. (0xfbddb0)
15/01/2014 00:21:59 (Std) 	CEGUI::System singleton destroyed. (0xfceae0)
15/01/2014 00:21:59 (Std) 	---- CEGUI System destruction completed ----
15/01/2014 00:21:59 (Std) 	CEGUI::Logger singleton destroyed. (0x1003150)
