23:27:36: Creating resource group General
23:27:36: Creating resource group Internal
23:27:36: Creating resource group Autodetect
23:27:36: SceneManagerFactory for type 'DefaultSceneManager' registered.
23:27:36: Registering ResourceManager for type Material
23:27:36: Registering ResourceManager for type Mesh
23:27:36: Registering ResourceManager for type Skeleton
23:27:36: MovableObjectFactory for type 'ParticleSystem' registered.
23:27:36: OverlayElementFactory for type Panel registered.
23:27:36: OverlayElementFactory for type BorderPanel registered.
23:27:36: OverlayElementFactory for type TextArea registered.
23:27:36: Registering ResourceManager for type Font
23:27:36: ArchiveFactory for archive type FileSystem registered.
23:27:36: ArchiveFactory for archive type Zip registered.
23:27:36: ArchiveFactory for archive type EmbeddedZip registered.
23:27:36: DDS codec registering
23:27:36: FreeImage version: 3.15.1
23:27:36: This program uses FreeImage, a free, open source image library supporting all common bitmap formats. See http://freeimage.sourceforge.net for details
23:27:36: Supported formats: bmp,ico,jpg,jif,jpeg,jpe,jng,koa,iff,lbm,mng,pbm,pbm,pcd,pcx,pgm,pgm,png,ppm,ppm,ras,tga,targa,tif,tiff,wap,wbmp,wbm,psd,cut,xbm,xpm,gif,hdr,g3,sgi,exr,j2k,j2c,jp2,pfm,pct,pict,pic,3fr,arw,bay,bmq,cap,cine,cr2,crw,cs1,dc2,dcr,drf,dsc,dng,erf,fff,ia,iiq,k25,kc2,kdc,mdc,mef,mos,mrw,nef,nrw,orf,pef,ptx,pxn,qtk,raf,raw,rdc,rw2,rwl,rwz,sr2,srf,sti
23:27:36: Registering ResourceManager for type HighLevelGpuProgram
23:27:36: Registering ResourceManager for type Compositor
23:27:36: MovableObjectFactory for type 'Entity' registered.
23:27:36: MovableObjectFactory for type 'Light' registered.
23:27:36: MovableObjectFactory for type 'BillboardSet' registered.
23:27:36: MovableObjectFactory for type 'ManualObject' registered.
23:27:36: MovableObjectFactory for type 'BillboardChain' registered.
23:27:36: MovableObjectFactory for type 'RibbonTrail' registered.
23:27:36: Loading library /usr/local/lib/OGRE/RenderSystem_GL.so
23:27:36: Installing plugin: GL RenderSystem
23:27:36: OpenGL Rendering Subsystem created.
23:27:36: Plugin successfully installed
23:27:36: Loading library /usr/local/lib/OGRE/Plugin_ParticleFX.so
23:27:36: Installing plugin: ParticleFX
23:27:36: Particle Emitter Type 'Point' registered
23:27:36: Particle Emitter Type 'Box' registered
23:27:36: Particle Emitter Type 'Ellipsoid' registered
23:27:36: Particle Emitter Type 'Cylinder' registered
23:27:36: Particle Emitter Type 'Ring' registered
23:27:36: Particle Emitter Type 'HollowEllipsoid' registered
23:27:36: Particle Affector Type 'LinearForce' registered
23:27:36: Particle Affector Type 'ColourFader' registered
23:27:36: Particle Affector Type 'ColourFader2' registered
23:27:36: Particle Affector Type 'ColourImage' registered
23:27:36: Particle Affector Type 'ColourInterpolator' registered
23:27:36: Particle Affector Type 'Scaler' registered
23:27:36: Particle Affector Type 'Rotator' registered
23:27:36: Particle Affector Type 'DirectionRandomiser' registered
23:27:36: Particle Affector Type 'DeflectorPlane' registered
23:27:36: Plugin successfully installed
23:27:36: Loading library /usr/local/lib/OGRE/Plugin_BSPSceneManager.so
23:27:36: Installing plugin: BSP Scene Manager
23:27:36: Plugin successfully installed
23:27:36: Loading library /usr/local/lib/OGRE/Plugin_CgProgramManager.so
23:27:36: Installing plugin: Cg Program Manager
23:27:36: Plugin successfully installed
23:27:36: Loading library /usr/local/lib/OGRE/Plugin_PCZSceneManager.so
23:27:36: Installing plugin: Portal Connected Zone Scene Manager
23:27:36: PCZone Factory Type 'ZoneType_Default' registered
23:27:36: Plugin successfully installed
23:27:36: Loading library /usr/local/lib/OGRE/Plugin_OctreeZone.so
23:27:36: Installing plugin: Octree Zone Factory
23:27:36: Plugin successfully installed
23:27:36: Loading library /usr/local/lib/OGRE/Plugin_OctreeSceneManager.so
23:27:36: Installing plugin: Octree Scene Manager
23:27:36: Plugin successfully installed
23:27:36: *-*-* OGRE Initialising
23:27:36: *-*-* Version 1.8.1 (Byatis)
23:27:36: Creating resource group Essential
23:27:36: Added resource location 'Media/thumbnails' of type 'FileSystem' to resource group 'Essential'
23:27:36: Added resource location 'Media/packs/SdkTrays.zip' of type 'Zip' to resource group 'Essential'
23:27:36: Added resource location 'Media/packs/profiler.zip' of type 'Zip' to resource group 'Essential'
23:27:36: Creating resource group Fonts
23:27:36: Added resource location 'Media/cegui/fonts' of type 'FileSystem' to resource group 'Fonts'
23:27:36: Added resource location 'Media' of type 'FileSystem' to resource group 'General'
23:27:36: Creating resource group Imagesets
23:27:36: Added resource location 'Media/cegui/imagesets' of type 'FileSystem' to resource group 'Imagesets'
23:27:36: Creating resource group Layouts
23:27:36: Added resource location 'Media/cegui/layouts' of type 'FileSystem' to resource group 'Layouts'
23:27:36: Creating resource group LookNFeel
23:27:36: Added resource location 'Media/cegui/looknfeel' of type 'FileSystem' to resource group 'LookNFeel'
23:27:36: Creating resource group Popular
23:27:36: Added resource location 'Media/fonts' of type 'FileSystem' to resource group 'Popular'
23:27:36: Added resource location 'Media/materials/programs' of type 'FileSystem' to resource group 'Popular'
23:27:36: Added resource location 'Media/materials/scripts' of type 'FileSystem' to resource group 'Popular'
23:27:36: Added resource location 'Media/materials/textures' of type 'FileSystem' to resource group 'Popular'
23:27:36: Added resource location 'Media/materials/textures/nvidia' of type 'FileSystem' to resource group 'Popular'
23:27:36: Added resource location 'Media/models' of type 'FileSystem' to resource group 'Popular'
23:27:36: Added resource location 'Media/materials/scripts/SSAO' of type 'FileSystem' to resource group 'Popular'
23:27:36: Added resource location 'Media/materials/textures/SSAO' of type 'FileSystem' to resource group 'Popular'
23:27:36: Added resource location 'Media/packs/skybox.zip' of type 'Zip' to resource group 'Popular'
23:27:36: Creating resource group Schemes
23:27:36: Added resource location 'Media/cegui/schemes' of type 'FileSystem' to resource group 'Schemes'
23:27:36: CPU Identifier & Features
23:27:36: -------------------------
23:27:36:  *   CPU ID: GenuineIntel: Intel(R) Core(TM) i5-2450M CPU @ 2.50GHz
23:27:36:  *      SSE: yes
23:27:36:  *     SSE2: yes
23:27:36:  *     SSE3: yes
23:27:36:  *      MMX: yes
23:27:36:  *   MMXEXT: yes
23:27:36:  *    3DNOW: no
23:27:36:  * 3DNOWEXT: no
23:27:36:  *     CMOV: yes
23:27:36:  *      TSC: yes
23:27:36:  *      FPU: yes
23:27:36:  *      PRO: yes
23:27:36:  *       HT: no
23:27:36: -------------------------
23:27:36: ******************************
*** Starting GLX Subsystem ***
******************************
23:27:36: Registering ResourceManager for type Texture
23:27:36: GLRenderSystem::_createRenderWindow "TutorialApplication Render Window", 1366x768 fullscreen  miscParams: FSAA=0 displayFrequency=60 Hz gamma=No vsync=No 
23:27:36: GLXWindow::create used FBConfigID = 142
23:27:36: GL_VERSION = 3.0 Mesa 9.2.1
23:27:36: GL_VENDOR = Intel Open Source Technology Center
23:27:36: GL_RENDERER = Mesa DRI Intel(R) Sandybridge Mobile 
23:27:36: GL_EXTENSIONS = GL_ARB_multisample GL_EXT_abgr GL_EXT_bgra GL_EXT_blend_color GL_EXT_blend_minmax GL_EXT_blend_subtract GL_EXT_copy_texture GL_EXT_polygon_offset GL_EXT_subtexture GL_EXT_texture_object GL_EXT_vertex_array GL_EXT_compiled_vertex_array GL_EXT_texture GL_EXT_texture3D GL_IBM_rasterpos_clip GL_ARB_point_parameters GL_EXT_draw_range_elements GL_EXT_packed_pixels GL_EXT_point_parameters GL_EXT_rescale_normal GL_EXT_separate_specular_color GL_EXT_texture_edge_clamp GL_SGIS_generate_mipmap GL_SGIS_texture_border_clamp GL_SGIS_texture_edge_clamp GL_SGIS_texture_lod GL_ARB_framebuffer_sRGB GL_ARB_multitexture GL_EXT_framebuffer_sRGB GL_IBM_multimode_draw_arrays GL_IBM_texture_mirrored_repeat GL_3DFX_texture_compression_FXT1 GL_ARB_texture_cube_map GL_ARB_texture_env_add GL_ARB_transpose_matrix GL_EXT_blend_func_separate GL_EXT_fog_coord GL_EXT_multi_draw_arrays GL_EXT_secondary_color GL_EXT_texture_env_add GL_EXT_texture_filter_anisotropic GL_EXT_texture_lod_bias GL_INGR_blend_func_separate GL_NV_blend_square GL_NV_light_max_exponent GL_NV_texgen_reflection GL_NV_texture_env_combine4 GL_S3_s3tc GL_SUN_multi_draw_arrays GL_ARB_texture_border_clamp GL_ARB_texture_compression GL_EXT_framebuffer_object GL_EXT_texture_compression_s3tc GL_EXT_texture_env_combine GL_EXT_texture_env_dot3 GL_MESA_window_pos GL_NV_packed_depth_stencil GL_NV_texture_rectangle GL_ARB_depth_texture GL_ARB_occlusion_query GL_ARB_shadow GL_ARB_texture_env_combine GL_ARB_texture_env_crossbar GL_ARB_texture_env_dot3 GL_ARB_texture_mirrored_repeat GL_ARB_window_pos GL_ATI_envmap_bumpmap GL_EXT_stencil_two_side GL_EXT_texture_cube_map GL_NV_depth_clamp GL_APPLE_packed_pixels GL_APPLE_vertex_array_object GL_ARB_draw_buffers GL_ARB_fragment_program GL_ARB_fragment_shader GL_ARB_shader_objects GL_ARB_vertex_program GL_ARB_vertex_shader GL_ATI_draw_buffers GL_ATI_texture_env_combine3 GL_ATI_texture_float GL_EXT_shadow_funcs GL_EXT_stencil_wrap GL_MESA_pack_invert GL_MESA_ycbcr_texture GL_NV_primitive_restart GL_ARB_depth_clamp GL_ARB_fragment_program_shadow GL_ARB_half_float_pixel GL_ARB_occlusion_query2 GL_ARB_point_sprite GL_ARB_shading_language_100 GL_ARB_sync GL_ARB_texture_non_power_of_two GL_ARB_vertex_buffer_object GL_ATI_blend_equation_separate GL_EXT_blend_equation_separate GL_OES_read_format GL_ARB_color_buffer_float GL_ARB_pixel_buffer_object GL_ARB_texture_compression_rgtc GL_ARB_texture_float GL_ARB_texture_rectangle GL_EXT_packed_float GL_EXT_pixel_buffer_object GL_EXT_texture_compression_dxt1 GL_EXT_texture_compression_rgtc GL_EXT_texture_rectangle GL_EXT_texture_sRGB GL_EXT_texture_shared_exponent GL_ARB_framebuffer_object GL_EXT_framebuffer_blit GL_EXT_framebuffer_multisample GL_EXT_packed_depth_stencil GL_APPLE_object_purgeable GL_ARB_vertex_array_object GL_ATI_separate_stencil GL_EXT_draw_buffers2 GL_EXT_draw_instanced GL_EXT_gpu_program_parameters GL_EXT_texture_array GL_EXT_texture_integer GL_EXT_texture_sRGB_decode GL_EXT_timer_query GL_OES_EGL_image GL_MESA_texture_array GL_ARB_copy_buffer GL_ARB_depth_buffer_float GL_ARB_draw_instanced GL_ARB_half_float_vertex GL_ARB_instanced_arrays GL_ARB_map_buffer_range GL_ARB_texture_rg GL_ARB_texture_swizzle GL_ARB_vertex_array_bgra GL_EXT_separate_shader_objects GL_EXT_texture_swizzle GL_EXT_vertex_array_bgra GL_NV_conditional_render GL_AMD_draw_buffers_blend GL_ARB_ES2_compatibility GL_ARB_blend_func_extended GL_ARB_debug_output GL_ARB_draw_buffers_blend GL_ARB_draw_elements_base_vertex GL_ARB_explicit_attrib_location GL_ARB_fragment_coord_conventions GL_ARB_provoking_vertex GL_ARB_sampler_objects GL_ARB_seamless_cube_map GL_ARB_shader_texture_lod GL_ARB_texture_cube_map_array GL_ARB_texture_multisample GL_ARB_texture_query_lod GL_ARB_texture_rgb10_a2ui GL_ARB_uniform_buffer_object GL_ARB_vertex_type_2_10_10_10_rev GL_EXT_provoking_vertex GL_EXT_texture_snorm GL_MESA_texture_signed_rgba GL_ARB_get_program_binary GL_ARB_robustness GL_ARB_shader_bit_encoding GL_ARB_timer_query GL_ANGLE_texture_compression_dxt3 GL_ANGLE_texture_compression_dxt5 GL_ARB_internalformat_query GL_ARB_shading_language_420pack GL_ARB_shading_language_packing GL_ARB_texture_storage GL_EXT_framebuffer_multisample_blit_scaled GL_EXT_transform_feedback GL_ARB_ES3_compatibility GL_ARB_invalidate_subdata GL_ARB_texture_storage_multisample 
23:27:36: Supported GLX extensions: GLX_ARB_create_context GLX_ARB_create_context_profile GLX_ARB_get_proc_address GLX_ARB_multisample GLX_EXT_import_context GLX_EXT_visual_info GLX_EXT_visual_rating GLX_EXT_create_context_es2_profile GLX_MESA_copy_sub_buffer GLX_MESA_multithread_makecurrent GLX_MESA_swap_control GLX_OML_swap_method GLX_OML_sync_control GLX_SGI_make_current_read GLX_SGI_swap_control GLX_SGI_video_sync GLX_SGIS_multisample GLX_SGIX_fbconfig GLX_SGIX_pbuffer GLX_SGIX_visual_select_group GLX_EXT_texture_from_pixmap GLX_INTEL_swap_event 
23:27:36: ***************************
23:27:36: *** GL Renderer Started ***
23:27:36: ***************************
23:27:36: Registering ResourceManager for type GpuProgram
23:27:36: GLSL support detected
23:27:36: GL: Using GL_EXT_framebuffer_object for rendering to textures (best)
23:27:36: FBO PF_UNKNOWN depth/stencil support: D0S1 D0S4 D0S8 D0S16 D16S0 D16S1 D16S4 D16S8 D16S16 D24S0 D24S1 D24S4 D24S8 D24S16 D32S0 D32S1 D32S4 D32S8 D32S16 Packed-D24S8 
23:27:36: FBO PF_A8 depth/stencil support: D0S0 D0S1 D0S4 D0S8 D0S16 D16S0 D16S1 D16S4 D16S8 D16S16 D24S0 D24S1 D24S4 D24S8 D24S16 D32S0 D32S1 D32S4 D32S8 D32S16 Packed-D24S8 
23:27:36: FBO PF_R5G6B5 depth/stencil support: D0S0 D0S1 D0S4 D0S8 D0S16 D16S0 D16S1 D16S4 D16S8 D16S16 D24S0 D24S1 D24S4 D24S8 D24S16 D32S0 D32S1 D32S4 D32S8 D32S16 Packed-D24S8 
23:27:36: FBO PF_B5G6R5 depth/stencil support: D0S0 D0S1 D0S4 D0S8 D0S16 D16S0 D16S1 D16S4 D16S8 D16S16 D24S0 D24S1 D24S4 D24S8 D24S16 D32S0 D32S1 D32S4 D32S8 D32S16 Packed-D24S8 
23:27:36: FBO PF_A4R4G4B4 depth/stencil support: D0S0 D0S1 D0S4 D0S8 D0S16 D16S0 D16S1 D16S4 D16S8 D16S16 D24S0 D24S1 D24S4 D24S8 D24S16 D32S0 D32S1 D32S4 D32S8 D32S16 Packed-D24S8 
23:27:36: FBO PF_A1R5G5B5 depth/stencil support: D0S0 D0S1 D0S4 D0S8 D0S16 D16S0 D16S1 D16S4 D16S8 D16S16 D24S0 D24S1 D24S4 D24S8 D24S16 D32S0 D32S1 D32S4 D32S8 D32S16 Packed-D24S8 
23:27:36: FBO PF_R8G8B8 depth/stencil support: D0S0 D0S1 D0S4 D0S8 D0S16 D16S0 D16S1 D16S4 D16S8 D16S16 D24S0 D24S1 D24S4 D24S8 D24S16 D32S0 D32S1 D32S4 D32S8 D32S16 Packed-D24S8 
23:27:36: FBO PF_B8G8R8 depth/stencil support: D0S0 D0S1 D0S4 D0S8 D0S16 D16S0 D16S1 D16S4 D16S8 D16S16 D24S0 D24S1 D24S4 D24S8 D24S16 D32S0 D32S1 D32S4 D32S8 D32S16 Packed-D24S8 
23:27:36: FBO PF_A8R8G8B8 depth/stencil support: D0S0 D0S1 D0S4 D0S8 D0S16 D16S0 D16S1 D16S4 D16S8 D16S16 D24S0 D24S1 D24S4 D24S8 D24S16 D32S0 D32S1 D32S4 D32S8 D32S16 Packed-D24S8 
23:27:36: FBO PF_B8G8R8A8 depth/stencil support: D0S0 D0S1 D0S4 D0S8 D0S16 D16S0 D16S1 D16S4 D16S8 D16S16 D24S0 D24S1 D24S4 D24S8 D24S16 D32S0 D32S1 D32S4 D32S8 D32S16 Packed-D24S8 
23:27:36: FBO PF_A2R10G10B10 depth/stencil support: D0S0 D0S1 D0S4 D0S8 D0S16 D16S0 D16S1 D16S4 D16S8 D16S16 D24S0 D24S1 D24S4 D24S8 D24S16 D32S0 D32S1 D32S4 D32S8 D32S16 Packed-D24S8 
23:27:36: FBO PF_A2B10G10R10 depth/stencil support: D0S0 D0S1 D0S4 D0S8 D0S16 D16S0 D16S1 D16S4 D16S8 D16S16 D24S0 D24S1 D24S4 D24S8 D24S16 D32S0 D32S1 D32S4 D32S8 D32S16 Packed-D24S8 
23:27:36: FBO PF_FLOAT16_RGBA depth/stencil support: D0S0 D0S1 D0S4 D0S8 D0S16 D16S0 D16S1 D16S4 D16S8 D16S16 D24S0 D24S1 D24S4 D24S8 D24S16 D32S0 D32S1 D32S4 D32S8 D32S16 Packed-D24S8 
23:27:36: FBO PF_FLOAT32_RGBA depth/stencil support: D0S0 D0S1 D0S4 D0S8 D0S16 D16S0 D16S1 D16S4 D16S8 D16S16 D24S0 D24S1 D24S4 D24S8 D24S16 D32S0 D32S1 D32S4 D32S8 D32S16 Packed-D24S8 
23:27:36: FBO PF_X8R8G8B8 depth/stencil support: D0S0 D0S1 D0S4 D0S8 D0S16 D16S0 D16S1 D16S4 D16S8 D16S16 D24S0 D24S1 D24S4 D24S8 D24S16 D32S0 D32S1 D32S4 D32S8 D32S16 Packed-D24S8 
23:27:36: FBO PF_X8B8G8R8 depth/stencil support: D0S0 D0S1 D0S4 D0S8 D0S16 D16S0 D16S1 D16S4 D16S8 D16S16 D24S0 D24S1 D24S4 D24S8 D24S16 D32S0 D32S1 D32S4 D32S8 D32S16 Packed-D24S8 
23:27:36: FBO PF_SHORT_RGBA depth/stencil support: D0S0 D0S1 D0S4 D0S8 D0S16 D16S0 D16S1 D16S4 D16S8 D16S16 D24S0 D24S1 D24S4 D24S8 D24S16 D32S0 D32S1 D32S4 D32S8 D32S16 Packed-D24S8 
23:27:36: FBO PF_R3G3B2 depth/stencil support: D0S0 D0S1 D0S4 D0S8 D0S16 D16S0 D16S1 D16S4 D16S8 D16S16 D24S0 D24S1 D24S4 D24S8 D24S16 D32S0 D32S1 D32S4 D32S8 D32S16 Packed-D24S8 
23:27:36: FBO PF_FLOAT16_R depth/stencil support: D0S0 D0S1 D0S4 D0S8 D0S16 D16S0 D16S1 D16S4 D16S8 D16S16 D24S0 D24S1 D24S4 D24S8 D24S16 D32S0 D32S1 D32S4 D32S8 D32S16 Packed-D24S8 
23:27:36: FBO PF_FLOAT32_R depth/stencil support: D0S0 D0S1 D0S4 D0S8 D0S16 D16S0 D16S1 D16S4 D16S8 D16S16 D24S0 D24S1 D24S4 D24S8 D24S16 D32S0 D32S1 D32S4 D32S8 D32S16 Packed-D24S8 
23:27:36: [GL] : Valid FBO targets PF_UNKNOWN PF_A8 PF_R5G6B5 PF_B5G6R5 PF_A4R4G4B4 PF_A1R5G5B5 PF_R8G8B8 PF_B8G8R8 PF_A8R8G8B8 PF_B8G8R8A8 PF_A2R10G10B10 PF_A2B10G10R10 PF_FLOAT16_RGBA PF_FLOAT32_RGBA PF_X8R8G8B8 PF_X8B8G8R8 PF_SHORT_RGBA PF_R3G3B2 PF_FLOAT16_R PF_FLOAT32_R 
23:27:36: RenderSystem capabilities
23:27:36: -------------------------
23:27:36: RenderSystem Name: OpenGL Rendering Subsystem
23:27:36: GPU Vendor: intel
23:27:36: Device Name: Mesa DRI Intel(R) Sandybridge Mobile 
23:27:36: Driver Version: 3.0.0.0
23:27:36:  * Fixed function pipeline: yes
23:27:36:  * Hardware generation of mipmaps: no
23:27:36:  * Texture blending: yes
23:27:36:  * Anisotropic texture filtering: yes
23:27:36:  * Dot product texture operation: yes
23:27:36:  * Cube mapping: yes
23:27:36:  * Hardware stencil buffer: yes
23:27:36:    - Stencil depth: 8
23:27:36:    - Two sided stencil support: yes
23:27:36:    - Wrap stencil values: yes
23:27:36:  * Hardware vertex / index buffers: yes
23:27:36:  * Vertex programs: yes
23:27:36:  * Number of floating-point constants for vertex programs: 4096
23:27:36:  * Number of integer constants for vertex programs: 0
23:27:36:  * Number of boolean constants for vertex programs: 0
23:27:36:  * Fragment programs: yes
23:27:36:  * Number of floating-point constants for fragment programs: 4096
23:27:36:  * Number of integer constants for fragment programs: 0
23:27:36:  * Number of boolean constants for fragment programs: 0
23:27:36:  * Geometry programs: no
23:27:36:  * Number of floating-point constants for geometry programs: 0
23:27:36:  * Number of integer constants for geometry programs: 0
23:27:36:  * Number of boolean constants for geometry programs: 0
23:27:36:  * Supported Shader Profiles: arbfp1 arbvp1 glsl
23:27:36:  * Texture Compression: yes
23:27:36:    - DXT: yes
23:27:36:    - VTC: no
23:27:36:    - PVRTC: no
23:27:36:  * Scissor Rectangle: yes
23:27:36:  * Hardware Occlusion Query: yes
23:27:36:  * User clip planes: yes
23:27:36:  * VET_UBYTE4 vertex element type: yes
23:27:36:  * Infinite far plane projection: yes
23:27:36:  * Hardware render-to-texture: yes
23:27:36:  * Floating point textures: yes
23:27:36:  * Non-power-of-two textures: yes
23:27:36:  * Volume textures: yes
23:27:36:  * Multiple Render Targets: 8
23:27:36:    - With different bit depths: yes
23:27:36:  * Point Sprites: yes
23:27:36:  * Extended point parameters: yes
23:27:36:  * Max Point Size: 255
23:27:36:  * Vertex texture fetch: yes
23:27:36:  * Number of world matrices: 0
23:27:36:  * Number of texture units: 16
23:27:36:  * Stencil buffer depth: 8
23:27:36:  * Number of vertex blend matrices: 0
23:27:36:    - Max vertex textures: 16
23:27:36:    - Vertex textures shared: yes
23:27:36:  * Render to Vertex Buffer : no
23:27:36:  * GL 1.5 without VBO workaround: no
23:27:36:  * Frame Buffer objects: yes
23:27:36:  * Frame Buffer objects (ARB extension): no
23:27:36:  * Frame Buffer objects (ATI extension): no
23:27:36:  * PBuffer support: yes
23:27:36:  * GL 1.5 without HW-occlusion workaround: no
23:27:36:  * Separate shader objects: no
23:27:36: DefaultWorkQueue('Root') initialising on thread 7fe747305800.
23:27:36: DefaultWorkQueue('Root')::WorkerFunc - thread 7fe7390cd700 starting.
23:27:36: DefaultWorkQueue('Root')::WorkerFunc - thread 7fe7388cc700 starting.
23:27:36: DefaultWorkQueue('Root')::WorkerFunc - thread 7fe733fff700 starting.
23:27:36: DefaultWorkQueue('Root')::WorkerFunc - thread 7fe72bfff700 starting.
23:27:36: Particle Renderer Type 'billboard' registered
23:27:36: SceneManagerFactory for type 'BspSceneManager' registered.
23:27:36: Registering ResourceManager for type BspLevel
23:27:36: SceneManagerFactory for type 'PCZSceneManager' registered.
23:27:36: MovableObjectFactory for type 'PCZLight' registered.
23:27:36: MovableObjectFactory for type 'Portal' registered.
23:27:36: MovableObjectFactory for type 'AntiPortal' registered.
23:27:36: PCZone Factory Type 'ZoneType_Octree' registered
23:27:36: SceneManagerFactory for type 'OctreeSceneManager' registered.
23:27:36: Parsing scripts for resource group Autodetect
23:27:36: Finished parsing scripts for resource group Autodetect
23:27:36: Creating resources for group Autodetect
23:27:36: All done
23:27:36: Parsing scripts for resource group Essential
23:27:36: Parsing script SdkTrays.material
23:27:36: Parsing script OgreProfiler.material
23:27:36: Parsing script SdkTrays.fontdef
23:27:36: Parsing script SdkTrays.overlay
23:27:36: Texture: sdk_cursor.png: Loading 1 faces(PF_A8R8G8B8,32x32x1) with 5 generated mipmaps from Image. Internal format is PF_A8R8G8B8,32x32x1.
23:27:36: Texture: sdk_tray.png: Loading 1 faces(PF_A8R8G8B8,64x64x1) with 5 generated mipmaps from Image. Internal format is PF_A8R8G8B8,64x64x1.
23:27:36: Texture: sdk_button_up.png: Loading 1 faces(PF_A8R8G8B8,128x32x1) with 5 generated mipmaps from Image. Internal format is PF_A8R8G8B8,128x32x1.
23:27:36: Texture: sdk_text_box.png: Loading 1 faces(PF_A8R8G8B8,32x32x1) with 5 generated mipmaps from Image. Internal format is PF_A8R8G8B8,32x32x1.
23:27:36: Texture: sdk_mini_tray.png: Loading 1 faces(PF_A8R8G8B8,32x32x1) with 5 generated mipmaps from Image. Internal format is PF_A8R8G8B8,32x32x1.
23:27:36: Texture: sdk_track.png: Loading 1 faces(PF_A8R8G8B8,16x32x1) with 5 generated mipmaps from Image. Internal format is PF_A8R8G8B8,16x32x1.
23:27:36: Texture: sdk_handle.png: Loading 1 faces(PF_A8R8G8B8,16x16x1) with 4 generated mipmaps from Image. Internal format is PF_A8R8G8B8,16x16x1.
23:27:36: Texture: sdk_mini_text_box.png: Loading 1 faces(PF_A8R8G8B8,32x32x1) with 5 generated mipmaps from Image. Internal format is PF_A8R8G8B8,32x32x1.
23:27:36: Texture: sdk_label.png: Loading 1 faces(PF_A8R8G8B8,32x32x1) with 5 generated mipmaps from Image. Internal format is PF_A8R8G8B8,32x32x1.
23:27:36: Texture: sdk_separator.png: Loading 1 faces(PF_A8R8G8B8,64x16x1) with 5 generated mipmaps from Image. Internal format is PF_A8R8G8B8,64x16x1.
23:27:36: Texture: sdk_logo.png: Loading 1 faces(PF_A8R8G8B8,128x64x1) with 5 generated mipmaps from Image. Internal format is PF_A8R8G8B8,128x64x1.
23:27:36: Texture: sdk_shade.png: Loading 1 faces(PF_A8R8G8B8,64x48x1) with 5 generated mipmaps from Image. Internal format is PF_A8R8G8B8,64x48x1.
23:27:36: Texture: sdk_frame.png: Loading 1 faces(PF_A8R8G8B8,32x32x1) with 5 generated mipmaps from Image. Internal format is PF_A8R8G8B8,32x32x1.
23:27:36: Texture: sdk_mini_text_box_over.png: Loading 1 faces(PF_A8R8G8B8,32x32x1) with 5 generated mipmaps from Image. Internal format is PF_A8R8G8B8,32x32x1.
23:27:36: Texture: sdk_pulse.png: Loading 1 faces(PF_R8G8B8,8x1x1) with 3 generated mipmaps from Image. Internal format is PF_X8R8G8B8,8x1x1.
23:27:36: Finished parsing scripts for resource group Essential
23:27:36: Creating resources for group Essential
23:27:36: All done
23:27:36: Parsing scripts for resource group Fonts
23:27:36: Finished parsing scripts for resource group Fonts
23:27:36: Creating resources for group Fonts
23:27:36: All done
23:27:36: Parsing scripts for resource group General
23:27:36: Finished parsing scripts for resource group General
23:27:36: Creating resources for group General
23:27:36: All done
23:27:36: Parsing scripts for resource group Imagesets
23:27:36: Finished parsing scripts for resource group Imagesets
23:27:36: Creating resources for group Imagesets
23:27:36: All done
23:27:36: Parsing scripts for resource group Internal
23:27:36: Finished parsing scripts for resource group Internal
23:27:36: Creating resources for group Internal
23:27:36: All done
23:27:36: Parsing scripts for resource group Layouts
23:27:36: Finished parsing scripts for resource group Layouts
23:27:36: Creating resources for group Layouts
23:27:36: All done
23:27:36: Parsing scripts for resource group LookNFeel
23:27:36: Finished parsing scripts for resource group LookNFeel
23:27:36: Creating resources for group LookNFeel
23:27:36: All done
23:27:36: Parsing scripts for resource group Popular
23:27:36: Parsing script Instancing.program
23:27:36: Parsing script StdQuad_vp.program
23:27:36: Parsing script Examples.program
23:27:36: Parsing script DualQuaternion.program
23:27:36: OGRE EXCEPTION(7:InternalErrorException): Unable to compile Cg program Ogre/DualQuaternionHardwareSkinningTwoWeightsTwoPhaseCg: The compile returned an error.
DualQuaternion_Common.cg(167) : warning C7019: "blendWgt" is too large for semantic "BLENDWEIGHT", which is size 1
(0) : error C6007: Constant register limit exceeded; more than 96 constant registers needed to compiled program
(0) : error C6007: Constant register limit exceeded; more than 96 constant registers needed to compiled program
(0) : error C6007: Constant register limit exceeded; more than 96 constant registers needed to compiled program
(0) : error C6007: Constant register limit exceeded; more than 96 constant registers needed to compiled program
(0) : error C6007: Constant register limit exceeded; more than 96 constant registers needed to compiled program
(0) : error C6007: Constant register limit exceeded; more than 96 constant registers needed to compiled program
(0) : error C6007: Constant register limit exceeded; more than 96 constant registers needed to compiled program
(0) : error C6007: Constant register limit exceeded; more than 96 constant registers needed to compiled program
 in CgProgram::compileMicrocode at /home/lq/桌面/orge3d/ogre_src_v1-8-1/PlugIns/CgProgramManager/src/OgreCgProgramManagerDll.cpp (line 67)
23:27:36: High-level program Ogre/DualQuaternionHardwareSkinningTwoWeightsTwoPhaseCg encountered an error during loading and is thus not supported.
OGRE EXCEPTION(7:InternalErrorException): Unable to compile Cg program Ogre/DualQuaternionHardwareSkinningTwoWeightsTwoPhaseCg: The compile returned an error.
DualQuaternion_Common.cg(167) : warning C7019: "blendWgt" is too large for semantic "BLENDWEIGHT", which is size 1
(0) : error C6007: Constant register limit exceeded; more than 96 constant registers needed to compiled program
(0) : error C6007: Constant register limit exceeded; more than 96 constant registers needed to compiled program
(0) : error C6007: Constant register limit exceeded; more than 96 constant registers needed to compiled program
(0) : error C6007: Constant register limit exceeded; more than 96 constant registers needed to compiled program
(0) : error C6007: Constant register limit exceeded; more than 96 constant registers needed to compiled program
(0) : error C6007: Constant register limit exceeded; more than 96 constant registers needed to compiled program
(0) : error C6007: Constant register limit exceeded; more than 96 constant registers needed to compiled program
(0) : error C6007: Constant register limit exceeded; more than 96 constant registers needed to compiled program
 in CgProgram::compileMicrocode at /home/lq/桌面/orge3d/ogre_src_v1-8-1/PlugIns/CgProgramManager/src/OgreCgProgramManagerDll.cpp (line 67)
23:27:36: OGRE EXCEPTION(2:InvalidParametersException): Named constants have not been initialised, perhaps a compile error. in GpuProgramParameters::_findNamedConstantDefinition at /home/lq/桌面/orge3d/ogre_src_v1-8-1/OgreMain/src/OgreGpuProgramParams.cpp (line 1441)
23:27:36: Compiler error: invalid parameters in DualQuaternion.program(28): setting of constant failed
23:27:36: Parsing script CGSwizzle.material
23:27:36: Parsing script Examples-Water.material
23:27:36: Parsing script Penguin.material
23:27:36: Parsing script VTFInstancing.material
23:27:36: Parsing script ParticleGS.material
23:27:36: Parsing script Tiling.material
23:27:36: Parsing script sibenik.material
23:27:36: Parsing script Posterize.material
23:27:36: Parsing script Examples-DynTex.material
23:27:36: Parsing script ShaderInstancing.material
23:27:36: Parsing script Halftone.material
23:27:36: Parsing script DepthShadowmap.material
23:27:36: Parsing script OldMovie.material
23:27:36: Parsing script Examples.material
23:27:36: Parsing script HW_VTF_LUTInstancing.material
23:27:36: Parsing script Bloom2.material
23:27:36: Parsing script DualQuaternion.material
23:27:36: Parsing script GLSLSwizzle.material
23:27:36: Parsing script ASMSwizzle.material
23:27:36: Compiler error: object unsupported by render system in ASMSwizzle.material(1)
23:27:36: Parsing script hdr.material
23:27:36: Parsing script IsoSurf.material
23:27:36: Parsing script ShaderSystem.material
23:27:36: Parsing script ASCII.material
23:27:36: Parsing script Dither.material
23:27:36: Parsing script Embossed.material
23:27:36: Parsing script RadialBlur.material
23:27:36: Parsing script Glass.material
23:27:36: Parsing script pssm.material
23:27:36: Parsing script facial.material
23:27:36: Parsing script HWInstancing.material
23:27:36: Parsing script OldTV.material
23:27:36: Parsing script HW_VTFInstancing.material
23:27:36: Parsing script VarianceShadowmap.material
23:27:36: Parsing script MRTtest.material
23:27:36: Parsing script BlackAndWhite.material
23:27:36: Parsing script Bloom.material
23:27:36: Parsing script MotionBlur.material
23:27:36: Parsing script Laplace.material
23:27:36: Parsing script Hurt.material
23:27:36: Parsing script InstancingMisc.material
23:27:36: Parsing script SharpenEdges.material
23:27:36: Parsing script Invert.material
23:27:36: Parsing script CompositorDemo.material
23:27:36: Parsing script Examples-Advanced.material
23:27:36: Compiler error: object unsupported by render system in Examples-Advanced.material(524)
23:27:36: Compiler error: object unsupported by render system in Examples-Advanced.material(787)
23:27:36: Parsing script NightVision.material
23:27:36: Parsing script smoke.material
23:27:36: Parsing script Example-Water.material
23:27:36: Parsing script DOF.material
23:27:36: Parsing script HeatVision.material
23:27:36: Parsing script RZR-002.material
23:27:36: Parsing script shadows.material
23:27:36: Parsing script OffsetMapping.material
23:27:36: Compiler error: object unsupported by render system in OffsetMapping.material(35)
23:27:36: Parsing script instancing.material
23:27:36: Parsing script Ocean.material
23:27:36: Parsing script Ogre.material
23:27:36: Parsing script HorizonBased.material
23:27:36: Parsing script HemisphereMC.material
23:27:36: Parsing script UnsharpMask.material
23:27:36: Parsing script SSAOPost.material
23:27:36: Parsing script ShowViewPos.material
23:27:36: Parsing script Crytek.material
23:27:36: Parsing script GBuffer.material
23:27:36: Parsing script ShowNormals.material
23:27:36: Parsing script ShowDepth.material
23:27:36: Parsing script Volumetric.material
23:27:36: Parsing script CreaseShading.material
23:27:36: Parsing script Examples.compositor
23:27:36: Parsing script SSAO.compositor
23:27:36: Parsing script SSAOPost.compositor
23:27:36: Parsing script sample.fontdef
23:27:36: Finished parsing scripts for resource group Popular
23:27:36: Creating resources for group Popular
23:27:36: All done
23:27:36: Parsing scripts for resource group Schemes
23:27:36: Finished parsing scripts for resource group Schemes
23:27:36: Creating resources for group Schemes
23:27:36: All done
23:27:36: Terrain created; size=513 minBatch=33 maxBatch=65 treeDepth=4 lodLevels=5 leafLods=2
23:27:36: Texture: clouds.jpg: Loading 1 faces(PF_R8G8B8,256x256x1) with 5 generated mipmaps from Image. Internal format is PF_X8R8G8B8,256x256x1.
23:27:36: *** Initializing OIS ***
23:27:36: Texture: dirt_grayrocky_diffusespecular.dds: Loading 1 faces(PF_DXT5,1024x1024x1) with 5 generated mipmaps from Image. Internal format is PF_DXT5,1024x1024x1.
23:27:36: Texture: dirt_grayrocky_normalheight.dds: Loading 1 faces(PF_DXT5,1024x1024x1) with 5 generated mipmaps from Image. Internal format is PF_DXT5,1024x1024x1.
23:27:36: Texture: grass_green-01_diffusespecular.dds: Loading 1 faces(PF_DXT5,1024x1024x1) with 5 generated mipmaps from Image. Internal format is PF_DXT5,1024x1024x1.
23:27:36: Texture: grass_green-01_normalheight.dds: Loading 1 faces(PF_DXT5,1024x1024x1) with 5 generated mipmaps from Image. Internal format is PF_DXT5,1024x1024x1.
23:27:36: Texture: growth_weirdfungus-03_diffusespecular.dds: Loading 1 faces(PF_DXT5,1024x1024x1) with 5 generated mipmaps from Image. Internal format is PF_DXT5,1024x1024x1.
23:27:36: Texture: growth_weirdfungus-03_normalheight.dds: Loading 1 faces(PF_DXT5,1024x1024x1) with 5 generated mipmaps from Image. Internal format is PF_DXT5,1024x1024x1.
23:27:36: Font SdkTrays/Caption using texture size 512x256
23:27:36: Info: Freetype returned null for character 160 in font SdkTrays/Caption
23:27:36: Texture: SdkTrays/CaptionTexture: Loading 1 faces(PF_BYTE_LA,512x256x1) with 0 generated mipmaps from Image. Internal format is PF_BYTE_LA,512x256x1.
23:27:36: Font SdkTrays/Value using texture size 512x256
23:27:36: Info: Freetype returned null for character 127 in font SdkTrays/Value
23:27:36: Info: Freetype returned null for character 128 in font SdkTrays/Value
23:27:36: Info: Freetype returned null for character 129 in font SdkTrays/Value
23:27:36: Info: Freetype returned null for character 130 in font SdkTrays/Value
23:27:36: Info: Freetype returned null for character 131 in font SdkTrays/Value
23:27:36: Info: Freetype returned null for character 132 in font SdkTrays/Value
23:27:36: Info: Freetype returned null for character 133 in font SdkTrays/Value
23:27:36: Info: Freetype returned null for character 134 in font SdkTrays/Value
23:27:36: Info: Freetype returned null for character 135 in font SdkTrays/Value
23:27:36: Info: Freetype returned null for character 136 in font SdkTrays/Value
23:27:36: Info: Freetype returned null for character 137 in font SdkTrays/Value
23:27:36: Info: Freetype returned null for character 138 in font SdkTrays/Value
23:27:36: Info: Freetype returned null for character 139 in font SdkTrays/Value
23:27:36: Info: Freetype returned null for character 140 in font SdkTrays/Value
23:27:36: Info: Freetype returned null for character 141 in font SdkTrays/Value
23:27:36: Info: Freetype returned null for character 142 in font SdkTrays/Value
23:27:36: Info: Freetype returned null for character 143 in font SdkTrays/Value
23:27:36: Info: Freetype returned null for character 144 in font SdkTrays/Value
23:27:36: Info: Freetype returned null for character 145 in font SdkTrays/Value
23:27:36: Info: Freetype returned null for character 146 in font SdkTrays/Value
23:27:36: Info: Freetype returned null for character 147 in font SdkTrays/Value
23:27:36: Info: Freetype returned null for character 148 in font SdkTrays/Value
23:27:36: Info: Freetype returned null for character 149 in font SdkTrays/Value
23:27:36: Info: Freetype returned null for character 150 in font SdkTrays/Value
23:27:36: Info: Freetype returned null for character 151 in font SdkTrays/Value
23:27:36: Info: Freetype returned null for character 152 in font SdkTrays/Value
23:27:36: Info: Freetype returned null for character 153 in font SdkTrays/Value
23:27:36: Info: Freetype returned null for character 154 in font SdkTrays/Value
23:27:36: Info: Freetype returned null for character 155 in font SdkTrays/Value
23:27:36: Info: Freetype returned null for character 156 in font SdkTrays/Value
23:27:36: Info: Freetype returned null for character 157 in font SdkTrays/Value
23:27:36: Info: Freetype returned null for character 158 in font SdkTrays/Value
23:27:36: Info: Freetype returned null for character 159 in font SdkTrays/Value
23:27:36: Info: Freetype returned null for character 160 in font SdkTrays/Value
23:27:36: Texture: SdkTrays/ValueTexture: Loading 1 faces(PF_BYTE_LA,512x256x1) with 0 generated mipmaps from Image. Internal format is PF_BYTE_LA,512x256x1.
