14/01/2014 22:47:48 (Std) 	+-+-+-+-+-+-+-+-+-+-+-+-+-+-+-+-+-+-+-+-+-+-+-+-+-+-+-+-+-+-+-+-+-+-+-+-+-+-+-+
14/01/2014 22:47:48 (Std) 	+                     Crazy Eddie's GUI System - Event log                    +
14/01/2014 22:47:48 (Std) 	+                          (http://www.cegui.org.uk/)                         +
14/01/2014 22:47:48 (Std) 	+-+-+-+-+-+-+-+-+-+-+-+-+-+-+-+-+-+-+-+-+-+-+-+-+-+-+-+-+-+-+-+-+-+-+-+-+-+-+-+

14/01/2014 22:47:48 (Std) 	CEGUI::Logger singleton created. (0x203e630)
14/01/2014 22:47:48 (Std) 	
14/01/2014 22:47:48 (Std) 	********************************************************************************
14/01/2014 22:47:48 (Std) 	* Important:                                                                   *
14/01/2014 22:47:48 (Std) 	*     To get support at the CEGUI forums, you must post _at least_ the section *
14/01/2014 22:47:48 (Std) 	*     of this log file indicated below.  Failure to do this will result in no  *
14/01/2014 22:47:48 (Std) 	*     support being given; please do not waste our time.                       *
14/01/2014 22:47:48 (Std) 	********************************************************************************
14/01/2014 22:47:48 (Std) 	********************************************************************************
14/01/2014 22:47:48 (Std) 	* -------- START OF ESSENTIAL SECTION TO BE POSTED ON THE FORUM       -------- *
14/01/2014 22:47:48 (Std) 	********************************************************************************
14/01/2014 22:47:48 (Std) 	---- Version: 0.8.3 (Build: Jan 13 2014 GNU/Linux g++ 4.8.1 64 bit) ----
14/01/2014 22:47:48 (Std) 	---- Renderer module is: CEGUI::OgreRenderer - Official OGRE based 2nd generation renderer module. ----
14/01/2014 22:47:48 (Std) 	---- XML Parser module is: CEGUI::ExpatParser - Official expat based parser module for CEGUI ----
14/01/2014 22:47:48 (Std) 	---- Image Codec module is: OgreImageCodec - Integrated ImageCodec using the Ogre engine. ----
14/01/2014 22:47:48 (Std) 	---- Scripting module is: None ----
14/01/2014 22:47:48 (Std) 	********************************************************************************
14/01/2014 22:47:48 (Std) 	* -------- END OF ESSENTIAL SECTION TO BE POSTED ON THE FORUM         -------- *
14/01/2014 22:47:48 (Std) 	********************************************************************************
14/01/2014 22:47:48 (Std) 	
14/01/2014 22:47:48 (Std) 	---- Begining CEGUI System initialisation ----
14/01/2014 22:47:48 (Std) 	[CEGUI::ImageManager] Singleton created (0x1fb65b0)
14/01/2014 22:47:48 (Std) 	[CEGUI::ImageManager] Registered Image type: BasicImage
14/01/2014 22:47:48 (Std) 	CEGUI::FontManager singleton created. (0x204d660)
14/01/2014 22:47:48 (Std) 	CEGUI::WindowFactoryManager singleton created
14/01/2014 22:47:48 (Std) 	CEGUI::WindowManager singleton created (0x1fb6090)
14/01/2014 22:47:48 (Std) 	CEGUI::SchemeManager singleton created. (0x20934c0)
14/01/2014 22:47:48 (Std) 	CEGUI::GlobalEventSet singleton created. (0x1e0b6e0)
14/01/2014 22:47:48 (Std) 	CEGUI::AnimationManager singleton created (0x1ea3e70)
14/01/2014 22:47:48 (Std) 	CEGUI::WidgetLookManager singleton created. (0x1ea33b0)
14/01/2014 22:47:48 (Std) 	CEGUI::WindowRendererManager singleton created (0x2029ca0)
14/01/2014 22:47:48 (Std) 	CEGUI::RenderEffectManager singleton created (0x1e1d550)
14/01/2014 22:47:48 (Std) 	Created WindowFactory for 'DefaultWindow' windows.
14/01/2014 22:47:48 (Std) 	WindowFactory for 'DefaultWindow' windows added. (0x2089850)
14/01/2014 22:47:48 (Std) 	Created WindowFactory for 'DragContainer' windows.
14/01/2014 22:47:48 (Std) 	WindowFactory for 'DragContainer' windows added. (0x201bd40)
14/01/2014 22:47:48 (Std) 	Created WindowFactory for 'ScrolledContainer' windows.
14/01/2014 22:47:48 (Std) 	WindowFactory for 'ScrolledContainer' windows added. (0x2027550)
14/01/2014 22:47:48 (Std) 	Created WindowFactory for 'ClippedContainer' windows.
14/01/2014 22:47:48 (Std) 	WindowFactory for 'ClippedContainer' windows added. (0x208cca0)
14/01/2014 22:47:48 (Std) 	Created WindowFactory for 'CEGUI/PushButton' windows.
14/01/2014 22:47:48 (Std) 	WindowFactory for 'CEGUI/PushButton' windows added. (0x2010880)
14/01/2014 22:47:48 (Std) 	Created WindowFactory for 'CEGUI/RadioButton' windows.
14/01/2014 22:47:48 (Std) 	WindowFactory for 'CEGUI/RadioButton' windows added. (0x2026290)
14/01/2014 22:47:48 (Std) 	Created WindowFactory for 'CEGUI/Combobox' windows.
14/01/2014 22:47:48 (Std) 	WindowFactory for 'CEGUI/Combobox' windows added. (0x2015580)
14/01/2014 22:47:48 (Std) 	Created WindowFactory for 'CEGUI/ComboDropList' windows.
14/01/2014 22:47:48 (Std) 	WindowFactory for 'CEGUI/ComboDropList' windows added. (0x2091650)
14/01/2014 22:47:48 (Std) 	Created WindowFactory for 'CEGUI/Editbox' windows.
14/01/2014 22:47:48 (Std) 	WindowFactory for 'CEGUI/Editbox' windows added. (0x2059000)
14/01/2014 22:47:48 (Std) 	Created WindowFactory for 'CEGUI/FrameWindow' windows.
14/01/2014 22:47:48 (Std) 	WindowFactory for 'CEGUI/FrameWindow' windows added. (0x20680e0)
14/01/2014 22:47:48 (Std) 	Created WindowFactory for 'CEGUI/ItemEntry' windows.
14/01/2014 22:47:48 (Std) 	WindowFactory for 'CEGUI/ItemEntry' windows added. (0x1ea3870)
14/01/2014 22:47:48 (Std) 	Created WindowFactory for 'CEGUI/Listbox' windows.
14/01/2014 22:47:48 (Std) 	WindowFactory for 'CEGUI/Listbox' windows added. (0x2049040)
14/01/2014 22:47:48 (Std) 	Created WindowFactory for 'CEGUI/ListHeader' windows.
14/01/2014 22:47:48 (Std) 	WindowFactory for 'CEGUI/ListHeader' windows added. (0x2016640)
14/01/2014 22:47:48 (Std) 	Created WindowFactory for 'CEGUI/ListHeaderSegment' windows.
14/01/2014 22:47:48 (Std) 	WindowFactory for 'CEGUI/ListHeaderSegment' windows added. (0x204f8c0)
14/01/2014 22:47:48 (Std) 	Created WindowFactory for 'CEGUI/Menubar' windows.
14/01/2014 22:47:48 (Std) 	WindowFactory for 'CEGUI/Menubar' windows added. (0x2051bc0)
14/01/2014 22:47:48 (Std) 	Created WindowFactory for 'CEGUI/PopupMenu' windows.
14/01/2014 22:47:48 (Std) 	WindowFactory for 'CEGUI/PopupMenu' windows added. (0x203e4a0)
14/01/2014 22:47:48 (Std) 	Created WindowFactory for 'CEGUI/MenuItem' windows.
14/01/2014 22:47:48 (Std) 	WindowFactory for 'CEGUI/MenuItem' windows added. (0x1fe8450)
14/01/2014 22:47:48 (Std) 	Created WindowFactory for 'CEGUI/MultiColumnList' windows.
14/01/2014 22:47:48 (Std) 	WindowFactory for 'CEGUI/MultiColumnList' windows added. (0x2057710)
14/01/2014 22:47:48 (Std) 	Created WindowFactory for 'CEGUI/MultiLineEditbox' windows.
14/01/2014 22:47:48 (Std) 	WindowFactory for 'CEGUI/MultiLineEditbox' windows added. (0x2084510)
14/01/2014 22:47:48 (Std) 	Created WindowFactory for 'CEGUI/ProgressBar' windows.
14/01/2014 22:47:48 (Std) 	WindowFactory for 'CEGUI/ProgressBar' windows added. (0x202ea80)
14/01/2014 22:47:48 (Std) 	Created WindowFactory for 'CEGUI/ScrollablePane' windows.
14/01/2014 22:47:48 (Std) 	WindowFactory for 'CEGUI/ScrollablePane' windows added. (0x2089190)
14/01/2014 22:47:48 (Std) 	Created WindowFactory for 'CEGUI/Scrollbar' windows.
14/01/2014 22:47:48 (Std) 	WindowFactory for 'CEGUI/Scrollbar' windows added. (0x2089330)
14/01/2014 22:47:48 (Std) 	Created WindowFactory for 'CEGUI/Slider' windows.
14/01/2014 22:47:48 (Std) 	WindowFactory for 'CEGUI/Slider' windows added. (0x2055260)
14/01/2014 22:47:48 (Std) 	Created WindowFactory for 'CEGUI/Spinner' windows.
14/01/2014 22:47:48 (Std) 	WindowFactory for 'CEGUI/Spinner' windows added. (0x2055320)
14/01/2014 22:47:48 (Std) 	Created WindowFactory for 'CEGUI/TabButton' windows.
14/01/2014 22:47:48 (Std) 	WindowFactory for 'CEGUI/TabButton' windows added. (0x1fb0010)
14/01/2014 22:47:48 (Std) 	Created WindowFactory for 'CEGUI/TabControl' windows.
14/01/2014 22:47:48 (Std) 	WindowFactory for 'CEGUI/TabControl' windows added. (0x1fb01b0)
14/01/2014 22:47:48 (Std) 	Created WindowFactory for 'CEGUI/Thumb' windows.
14/01/2014 22:47:48 (Std) 	WindowFactory for 'CEGUI/Thumb' windows added. (0x2030df0)
14/01/2014 22:47:48 (Std) 	Created WindowFactory for 'CEGUI/Titlebar' windows.
14/01/2014 22:47:48 (Std) 	WindowFactory for 'CEGUI/Titlebar' windows added. (0x2034040)
14/01/2014 22:47:48 (Std) 	Created WindowFactory for 'CEGUI/ToggleButton' windows.
14/01/2014 22:47:48 (Std) 	WindowFactory for 'CEGUI/ToggleButton' windows added. (0x20341e0)
14/01/2014 22:47:48 (Std) 	Created WindowFactory for 'CEGUI/Tooltip' windows.
14/01/2014 22:47:48 (Std) 	WindowFactory for 'CEGUI/Tooltip' windows added. (0x204cea0)
14/01/2014 22:47:48 (Std) 	Created WindowFactory for 'CEGUI/ItemListbox' windows.
14/01/2014 22:47:48 (Std) 	WindowFactory for 'CEGUI/ItemListbox' windows added. (0x2091260)
14/01/2014 22:47:48 (Std) 	Created WindowFactory for 'CEGUI/GroupBox' windows.
14/01/2014 22:47:48 (Std) 	WindowFactory for 'CEGUI/GroupBox' windows added. (0x2091400)
14/01/2014 22:47:48 (Std) 	Created WindowFactory for 'CEGUI/Tree' windows.
14/01/2014 22:47:48 (Std) 	WindowFactory for 'CEGUI/Tree' windows added. (0x208d700)
14/01/2014 22:47:48 (Std) 	Created WindowFactory for 'LayoutCell' windows.
14/01/2014 22:47:48 (Std) 	WindowFactory for 'LayoutCell' windows added. (0x2057610)
14/01/2014 22:47:48 (Std) 	Created WindowFactory for 'HorizontalLayoutContainer' windows.
14/01/2014 22:47:48 (Std) 	WindowFactory for 'HorizontalLayoutContainer' windows added. (0x20790b0)
14/01/2014 22:47:48 (Std) 	Created WindowFactory for 'VerticalLayoutContainer' windows.
14/01/2014 22:47:48 (Std) 	WindowFactory for 'VerticalLayoutContainer' windows added. (0x2079250)
14/01/2014 22:47:48 (Std) 	Created WindowFactory for 'GridLayoutContainer' windows.
14/01/2014 22:47:48 (Std) 	WindowFactory for 'GridLayoutContainer' windows added. (0x2058860)
14/01/2014 22:47:48 (Std) 	CEGUI::System singleton created. (0x1ec6060)
14/01/2014 22:47:48 (Std) 	---- CEGUI System initialisation completed ----
14/01/2014 22:47:48 (Std) 	
14/01/2014 22:47:48 (Std) 	Started creation of Scheme from XML specification:
14/01/2014 22:47:48 (Std) 	---- CEGUI GUIScheme name: TaharezLook
14/01/2014 22:47:48 (Std) 	[ImageManager] Started creation of Imageset from XML specification:
14/01/2014 22:47:48 (Std) 	[ImageManager] ---- CEGUI Imageset name: TaharezLook
14/01/2014 22:47:48 (Std) 	[ImageManager] ---- Source texture file: TaharezLook.png
14/01/2014 22:47:48 (Std) 	[ImageManager] ---- Source texture resource group: (Default)
14/01/2014 22:47:48 (Std) 	[OgreRenderer] Created texture: TaharezLook
14/01/2014 22:47:48 (Std) 	[ImageManager] Created image: 'TaharezLook/ClientBrush' (0x209e390) of type: BasicImage
14/01/2014 22:47:48 (Std) 	[ImageManager] Created image: 'TaharezLook/GenericBrush' (0x209e200) of type: BasicImage
14/01/2014 22:47:48 (Std) 	[ImageManager] Created image: 'TaharezLook/WindowLeftEdge' (0x208c430) of type: BasicImage
14/01/2014 22:47:48 (Std) 	[ImageManager] Created image: 'TaharezLook/WindowRightEdge' (0x208bf80) of type: BasicImage
14/01/2014 22:47:48 (Std) 	[ImageManager] Created image: 'TaharezLook/WindowTopEdge' (0x208c960) of type: BasicImage
14/01/2014 22:47:48 (Std) 	[ImageManager] Created image: 'TaharezLook/WindowBottomEdge' (0x209dbc0) of type: BasicImage
14/01/2014 22:47:48 (Std) 	[ImageManager] Created image: 'TaharezLook/WindowTopLeft' (0x208b090) of type: BasicImage
14/01/2014 22:47:48 (Std) 	[ImageManager] Created image: 'TaharezLook/WindowTopRight' (0x2095220) of type: BasicImage
14/01/2014 22:47:48 (Std) 	[ImageManager] Created image: 'TaharezLook/WindowBottomLeft' (0x2095430) of type: BasicImage
14/01/2014 22:47:48 (Std) 	[ImageManager] Created image: 'TaharezLook/WindowBottomRight' (0x2095640) of type: BasicImage
14/01/2014 22:47:48 (Std) 	[ImageManager] Created image: 'TaharezLook/ButtonLeftNormal' (0x2095850) of type: BasicImage
14/01/2014 22:47:48 (Std) 	[ImageManager] Created image: 'TaharezLook/ButtonMiddleNormal' (0x2095a60) of type: BasicImage
14/01/2014 22:47:48 (Std) 	[ImageManager] Created image: 'TaharezLook/ButtonRightNormal' (0x2095c70) of type: BasicImage
14/01/2014 22:47:48 (Std) 	[ImageManager] Created image: 'TaharezLook/ButtonLeftPushed' (0x2095e80) of type: BasicImage
14/01/2014 22:47:48 (Std) 	[ImageManager] Created image: 'TaharezLook/ButtonMiddlePushed' (0x209ddd0) of type: BasicImage
14/01/2014 22:47:48 (Std) 	[ImageManager] Created image: 'TaharezLook/ButtonRightPushed' (0x2096220) of type: BasicImage
14/01/2014 22:47:48 (Std) 	[ImageManager] Created image: 'TaharezLook/ButtonLeftHighlight' (0x209c990) of type: BasicImage
14/01/2014 22:47:48 (Std) 	[ImageManager] Created image: 'TaharezLook/ButtonMiddleHighlight' (0x209cba0) of type: BasicImage
14/01/2014 22:47:48 (Std) 	[ImageManager] Created image: 'TaharezLook/ButtonRightHighlight' (0x209cf60) of type: BasicImage
14/01/2014 22:47:48 (Std) 	[ImageManager] Created image: 'TaharezLook/CheckboxNormal' (0x209d320) of type: BasicImage
14/01/2014 22:47:48 (Std) 	[ImageManager] Created image: 'TaharezLook/CheckboxHover' (0x209d530) of type: BasicImage
14/01/2014 22:47:48 (Std) 	[ImageManager] Created image: 'TaharezLook/CheckboxMark' (0x209d740) of type: BasicImage
14/01/2014 22:47:48 (Std) 	[ImageManager] Created image: 'TaharezLook/RadioButtonNormal' (0x2049fc0) of type: BasicImage
14/01/2014 22:47:48 (Std) 	[ImageManager] Created image: 'TaharezLook/RadioButtonHover' (0x209b3a0) of type: BasicImage
14/01/2014 22:47:48 (Std) 	[ImageManager] Created image: 'TaharezLook/RadioButtonMark' (0x209b5b0) of type: BasicImage
14/01/2014 22:47:48 (Std) 	[ImageManager] Created image: 'TaharezLook/TitlebarLeft' (0x209b7c0) of type: BasicImage
14/01/2014 22:47:48 (Std) 	[ImageManager] Created image: 'TaharezLook/TitlebarMiddle' (0x209b9d0) of type: BasicImage
14/01/2014 22:47:48 (Std) 	[ImageManager] Created image: 'TaharezLook/TitlebarRight' (0x209bbe0) of type: BasicImage
14/01/2014 22:47:48 (Std) 	[ImageManager] Created image: 'TaharezLook/NewTitlebarLeft' (0x209bdf0) of type: BasicImage
14/01/2014 22:47:48 (Std) 	[ImageManager] Created image: 'TaharezLook/NewTitlebarMiddle' (0x209c000) of type: BasicImage
14/01/2014 22:47:48 (Std) 	[ImageManager] Created image: 'TaharezLook/NewTitlebarRight' (0x209c210) of type: BasicImage
14/01/2014 22:47:48 (Std) 	[ImageManager] Created image: 'TaharezLook/SysAreaMiddle' (0x209c420) of type: BasicImage
14/01/2014 22:47:48 (Std) 	[ImageManager] Created image: 'TaharezLook/SysAreaRight' (0x2031370) of type: BasicImage
14/01/2014 22:47:48 (Std) 	[ImageManager] Created image: 'TaharezLook/StaticLeft' (0x2031580) of type: BasicImage
14/01/2014 22:47:48 (Std) 	[ImageManager] Created image: 'TaharezLook/StaticRight' (0x2093720) of type: BasicImage
14/01/2014 22:47:48 (Std) 	[ImageManager] Created image: 'TaharezLook/StaticTop' (0x2093930) of type: BasicImage
14/01/2014 22:47:48 (Std) 	[ImageManager] Created image: 'TaharezLook/StaticBottom' (0x2093b40) of type: BasicImage
14/01/2014 22:47:48 (Std) 	[ImageManager] Created image: 'TaharezLook/StaticTopLeft' (0x2093d50) of type: BasicImage
14/01/2014 22:47:48 (Std) 	[ImageManager] Created image: 'TaharezLook/StaticTopRight' (0x2093f60) of type: BasicImage
14/01/2014 22:47:48 (Std) 	[ImageManager] Created image: 'TaharezLook/StaticBottomLeft' (0x2094170) of type: BasicImage
14/01/2014 22:47:48 (Std) 	[ImageManager] Created image: 'TaharezLook/StaticBottomRight' (0x2094380) of type: BasicImage
14/01/2014 22:47:48 (Std) 	[ImageManager] Created image: 'TaharezLook/StaticBackdrop' (0x2094590) of type: BasicImage
14/01/2014 22:47:48 (Std) 	[ImageManager] Created image: 'TaharezLook/ProgressBarLeft' (0x20947a0) of type: BasicImage
14/01/2014 22:47:48 (Std) 	[ImageManager] Created image: 'TaharezLook/ProgressBarMiddle' (0x20949b0) of type: BasicImage
14/01/2014 22:47:48 (Std) 	[ImageManager] Created image: 'TaharezLook/ProgressBarRight' (0x2094bc0) of type: BasicImage
14/01/2014 22:47:48 (Std) 	[ImageManager] Created image: 'TaharezLook/ProgressBarDimSegment' (0x2094dd0) of type: BasicImage
14/01/2014 22:47:48 (Std) 	[ImageManager] Created image: 'TaharezLook/ProgressBarLitSegment' (0x2096450) of type: BasicImage
14/01/2014 22:47:48 (Std) 	[ImageManager] Created image: 'TaharezLook/EditBoxLeft' (0x2096690) of type: BasicImage
14/01/2014 22:47:48 (Std) 	[ImageManager] Created image: 'TaharezLook/EditBoxMiddle' (0x20968a0) of type: BasicImage
14/01/2014 22:47:48 (Std) 	[ImageManager] Created image: 'TaharezLook/EditBoxRight' (0x2096ab0) of type: BasicImage
14/01/2014 22:47:48 (Std) 	[ImageManager] Created image: 'TaharezLook/EditBoxCaret' (0x2096cc0) of type: BasicImage
14/01/2014 22:47:48 (Std) 	[ImageManager] Created image: 'TaharezLook/SpinnerUpNormal' (0x2096ed0) of type: BasicImage
14/01/2014 22:47:48 (Std) 	[ImageManager] Created image: 'TaharezLook/SpinnerDownNormal' (0x20970e0) of type: BasicImage
14/01/2014 22:47:48 (Std) 	[ImageManager] Created image: 'TaharezLook/SpinnerUpHover' (0x20972f0) of type: BasicImage
14/01/2014 22:47:48 (Std) 	[ImageManager] Created image: 'TaharezLook/SpinnerDownHover' (0x2097500) of type: BasicImage
14/01/2014 22:47:48 (Std) 	[ImageManager] Created image: 'TaharezLook/TextSelectionBrush' (0x2097710) of type: BasicImage
14/01/2014 22:47:48 (Std) 	[ImageManager] Created image: 'TaharezLook/VertScrollTop' (0x2097920) of type: BasicImage
14/01/2014 22:47:48 (Std) 	[ImageManager] Created image: 'TaharezLook/VertScrollMiddle' (0x2097b30) of type: BasicImage
14/01/2014 22:47:48 (Std) 	[ImageManager] Created image: 'TaharezLook/VertScrollBottom' (0x2097d40) of type: BasicImage
14/01/2014 22:47:48 (Std) 	[ImageManager] Created image: 'TaharezLook/VertScrollBarSegment' (0x209c7c0) of type: BasicImage
14/01/2014 22:47:48 (Std) 	[ImageManager] Created image: 'TaharezLook/VertScrollThumbNormal' (0x2098280) of type: BasicImage
14/01/2014 22:47:48 (Std) 	[ImageManager] Created image: 'TaharezLook/VertScrollThumbHover' (0x2098640) of type: BasicImage
14/01/2014 22:47:48 (Std) 	[ImageManager] Created image: 'TaharezLook/VertScrollUpNormal' (0x2098970) of type: BasicImage
14/01/2014 22:47:48 (Std) 	[ImageManager] Created image: 'TaharezLook/VertScrollDownNormal' (0x2098b80) of type: BasicImage
14/01/2014 22:47:48 (Std) 	[ImageManager] Created image: 'TaharezLook/VertScrollUpHover' (0x2098eb0) of type: BasicImage
14/01/2014 22:47:48 (Std) 	[ImageManager] Created image: 'TaharezLook/VertScrollDownHover' (0x20990c0) of type: BasicImage
14/01/2014 22:47:48 (Std) 	[ImageManager] Created image: 'TaharezLook/MiniVertScrollBarSegment' (0x20992d0) of type: BasicImage
14/01/2014 22:47:48 (Std) 	[ImageManager] Created image: 'TaharezLook/MiniVertScrollThumbNormal' (0x20996c0) of type: BasicImage
14/01/2014 22:47:48 (Std) 	[ImageManager] Created image: 'TaharezLook/MiniVertScrollThumbTopNormal' (0x2099c40) of type: BasicImage
14/01/2014 22:47:48 (Std) 	[ImageManager] Created image: 'TaharezLook/MiniVertScrollThumbMiddleNormal' (0x2099fb0) of type: BasicImage
14/01/2014 22:47:48 (Std) 	[ImageManager] Created image: 'TaharezLook/MiniVertScrollThumbBottomNormal' (0x208c7d0) of type: BasicImage
14/01/2014 22:47:48 (Std) 	[ImageManager] Created image: 'TaharezLook/MiniVertScrollThumbTopHover' (0x209a730) of type: BasicImage
14/01/2014 22:47:48 (Std) 	[ImageManager] Created image: 'TaharezLook/MiniVertScrollThumbMiddleHover' (0x209ab50) of type: BasicImage
14/01/2014 22:47:48 (Std) 	[ImageManager] Created image: 'TaharezLook/MiniVertScrollThumbBottomHover' (0x209afa0) of type: BasicImage
14/01/2014 22:47:48 (Std) 	[ImageManager] Created image: 'TaharezLook/MiniVertScrollThumbHover' (0x209ea00) of type: BasicImage
14/01/2014 22:47:48 (Std) 	[ImageManager] Created image: 'TaharezLook/MiniVertScrollUpNormal' (0x209ed50) of type: BasicImage
14/01/2014 22:47:48 (Std) 	[ImageManager] Created image: 'TaharezLook/MiniVertScrollDownNormal' (0x209f0a0) of type: BasicImage
14/01/2014 22:47:48 (Std) 	[ImageManager] Created image: 'TaharezLook/MiniVertScrollUpHover' (0x209f3f0) of type: BasicImage
14/01/2014 22:47:48 (Std) 	[ImageManager] Created image: 'TaharezLook/MiniVertScrollDownHover' (0x209f720) of type: BasicImage
14/01/2014 22:47:48 (Std) 	[ImageManager] Created image: 'TaharezLook/VertSliderBody' (0x209fa70) of type: BasicImage
14/01/2014 22:47:48 (Std) 	[ImageManager] Created image: 'TaharezLook/VertSliderThumbNormal' (0x209fc80) of type: BasicImage
14/01/2014 22:47:48 (Std) 	[ImageManager] Created image: 'TaharezLook/VertSliderThumbHover' (0x209ffb0) of type: BasicImage
14/01/2014 22:47:48 (Std) 	[ImageManager] Created image: 'TaharezLook/MiniHorzScrollBarSegment' (0x20a02e0) of type: BasicImage
14/01/2014 22:47:48 (Std) 	[ImageManager] Created image: 'TaharezLook/MiniHorzScrollThumbNormal' (0x20a0630) of type: BasicImage
14/01/2014 22:47:48 (Std) 	[ImageManager] Created image: 'TaharezLook/MiniHorzScrollThumbLeftNormal' (0x20a0980) of type: BasicImage
14/01/2014 22:47:48 (Std) 	[ImageManager] Created image: 'TaharezLook/MiniHorzScrollThumbMiddleNormal' (0x20a0da0) of type: BasicImage
14/01/2014 22:47:48 (Std) 	[ImageManager] Created image: 'TaharezLook/MiniHorzScrollThumbRightNormal' (0x20a1130) of type: BasicImage
14/01/2014 22:47:48 (Std) 	[ImageManager] Created image: 'TaharezLook/MiniHorzScrollThumbHover' (0x20a14c0) of type: BasicImage
14/01/2014 22:47:48 (Std) 	[ImageManager] Created image: 'TaharezLook/MiniHorzScrollThumbLeftHover' (0x20a1810) of type: BasicImage
14/01/2014 22:47:48 (Std) 	[ImageManager] Created image: 'TaharezLook/MiniHorzScrollThumbMiddleHover' (0x20a1b80) of type: BasicImage
14/01/2014 22:47:48 (Std) 	[ImageManager] Created image: 'TaharezLook/MiniHorzScrollThumbRightHover' (0x20a1f10) of type: BasicImage
14/01/2014 22:47:48 (Std) 	[ImageManager] Created image: 'TaharezLook/MiniHorzScrollLeftNormal' (0x20a2280) of type: BasicImage
14/01/2014 22:47:48 (Std) 	[ImageManager] Created image: 'TaharezLook/MiniHorzScrollRightNormal' (0x20a25d0) of type: BasicImage
14/01/2014 22:47:48 (Std) 	[ImageManager] Created image: 'TaharezLook/MiniHorzScrollLeftHover' (0x20a2920) of type: BasicImage
14/01/2014 22:47:48 (Std) 	[ImageManager] Created image: 'TaharezLook/MiniHorzScrollRightHover' (0x20a2c70) of type: BasicImage
14/01/2014 22:47:48 (Std) 	[ImageManager] Created image: 'TaharezLook/ListboxLeft' (0x20a2fc0) of type: BasicImage
14/01/2014 22:47:48 (Std) 	[ImageManager] Created image: 'TaharezLook/ListboxRight' (0x20a31d0) of type: BasicImage
14/01/2014 22:47:48 (Std) 	[ImageManager] Created image: 'TaharezLook/ListboxTop' (0x20a33e0) of type: BasicImage
14/01/2014 22:47:48 (Std) 	[ImageManager] Created image: 'TaharezLook/ListboxBottom' (0x20a35f0) of type: BasicImage
14/01/2014 22:47:48 (Std) 	[ImageManager] Created image: 'TaharezLook/ListboxTopLeft' (0x20a3800) of type: BasicImage
14/01/2014 22:47:48 (Std) 	[ImageManager] Created image: 'TaharezLook/ListboxTopRight' (0x20a3a10) of type: BasicImage
14/01/2014 22:47:48 (Std) 	[ImageManager] Created image: 'TaharezLook/ListboxBottomLeft' (0x20a3c20) of type: BasicImage
14/01/2014 22:47:48 (Std) 	[ImageManager] Created image: 'TaharezLook/ListboxBottomRight' (0x20a3e30) of type: BasicImage
14/01/2014 22:47:48 (Std) 	[ImageManager] Created image: 'TaharezLook/ListboxBackdrop' (0x20a4040) of type: BasicImage
14/01/2014 22:47:48 (Std) 	[ImageManager] Created image: 'TaharezLook/ListboxSelectionBrush' (0x20a4250) of type: BasicImage
14/01/2014 22:47:48 (Std) 	[ImageManager] Created image: 'TaharezLook/ComboboxEditLeft' (0x20a4580) of type: BasicImage
14/01/2014 22:47:48 (Std) 	[ImageManager] Created image: 'TaharezLook/ComboboxEditMiddle' (0x20a4790) of type: BasicImage
14/01/2014 22:47:48 (Std) 	[ImageManager] Created image: 'TaharezLook/ComboboxListButtonNormal' (0x20a49a0) of type: BasicImage
14/01/2014 22:47:48 (Std) 	[ImageManager] Created image: 'TaharezLook/ComboboxListButtonHover' (0x20a4cf0) of type: BasicImage
14/01/2014 22:47:48 (Std) 	[ImageManager] Created image: 'TaharezLook/ComboboxListLeft' (0x20a5040) of type: BasicImage
14/01/2014 22:47:48 (Std) 	[ImageManager] Created image: 'TaharezLook/ComboboxListRight' (0x20bb520) of type: BasicImage
14/01/2014 22:47:48 (Std) 	[ImageManager] Created image: 'TaharezLook/ComboboxListTop' (0x20bb730) of type: BasicImage
14/01/2014 22:47:48 (Std) 	[ImageManager] Created image: 'TaharezLook/ComboboxListBottom' (0x20bb940) of type: BasicImage
14/01/2014 22:47:48 (Std) 	[ImageManager] Created image: 'TaharezLook/ComboboxListTopLeft' (0x20bbb50) of type: BasicImage
14/01/2014 22:47:48 (Std) 	[ImageManager] Created image: 'TaharezLook/ComboboxListTopRight' (0x20bbd60) of type: BasicImage
14/01/2014 22:47:48 (Std) 	[ImageManager] Created image: 'TaharezLook/ComboboxListBottomLeft' (0x20bbf70) of type: BasicImage
14/01/2014 22:47:48 (Std) 	[ImageManager] Created image: 'TaharezLook/ComboboxListBottomRight' (0x20bc180) of type: BasicImage
14/01/2014 22:47:48 (Std) 	[ImageManager] Created image: 'TaharezLook/ComboboxListBackdrop' (0x20bc390) of type: BasicImage
14/01/2014 22:47:48 (Std) 	[ImageManager] Created image: 'TaharezLook/ComboboxSelectionBrush' (0x20bc5a0) of type: BasicImage
14/01/2014 22:47:48 (Std) 	[ImageManager] Created image: 'TaharezLook/ComboboxDividerLeft' (0x20bc7b0) of type: BasicImage
14/01/2014 22:47:48 (Std) 	[ImageManager] Created image: 'TaharezLook/ComboboxDividerMiddle' (0x20bc9c0) of type: BasicImage
14/01/2014 22:47:48 (Std) 	[ImageManager] Created image: 'TaharezLook/ComboboxDividerRight' (0x20bcbd0) of type: BasicImage
14/01/2014 22:47:48 (Std) 	[ImageManager] Created image: 'TaharezLook/HeaderBarBackdropNormal' (0x20bd000) of type: BasicImage
14/01/2014 22:47:48 (Std) 	[ImageManager] Created image: 'TaharezLook/HeaderBarBackdropHover' (0x20bd350) of type: BasicImage
14/01/2014 22:47:48 (Std) 	[ImageManager] Created image: 'TaharezLook/HeaderBarSplitterNormal' (0x20bd6a0) of type: BasicImage
14/01/2014 22:47:48 (Std) 	[ImageManager] Created image: 'TaharezLook/HeaderBarSplitterHover' (0x20bd9f0) of type: BasicImage
14/01/2014 22:47:48 (Std) 	[ImageManager] Created image: 'TaharezLook/HeaderBarSortUp' (0x20bdd40) of type: BasicImage
14/01/2014 22:47:48 (Std) 	[ImageManager] Created image: 'TaharezLook/HeaderBarSortDown' (0x20bdf50) of type: BasicImage
14/01/2014 22:47:48 (Std) 	[ImageManager] Created image: 'TaharezLook/MultiListLeft' (0x20be160) of type: BasicImage
14/01/2014 22:47:48 (Std) 	[ImageManager] Created image: 'TaharezLook/MultiListRight' (0x20be370) of type: BasicImage
14/01/2014 22:47:48 (Std) 	[ImageManager] Created image: 'TaharezLook/MultiListTop' (0x20be580) of type: BasicImage
14/01/2014 22:47:48 (Std) 	[ImageManager] Created image: 'TaharezLook/MultiListBottom' (0x20be790) of type: BasicImage
14/01/2014 22:47:48 (Std) 	[ImageManager] Created image: 'TaharezLook/MultiListTopLeft' (0x20be9a0) of type: BasicImage
14/01/2014 22:47:48 (Std) 	[ImageManager] Created image: 'TaharezLook/MultiListTopRight' (0x20bebb0) of type: BasicImage
14/01/2014 22:47:48 (Std) 	[ImageManager] Created image: 'TaharezLook/MultiListBottomLeft' (0x20bedc0) of type: BasicImage
14/01/2014 22:47:48 (Std) 	[ImageManager] Created image: 'TaharezLook/MultiListBottomRight' (0x20befd0) of type: BasicImage
14/01/2014 22:47:48 (Std) 	[ImageManager] Created image: 'TaharezLook/MultiListBackdrop' (0x20bf1e0) of type: BasicImage
14/01/2014 22:47:48 (Std) 	[ImageManager] Created image: 'TaharezLook/MultiListSelectionBrush' (0x20bf580) of type: BasicImage
14/01/2014 22:47:48 (Std) 	[ImageManager] Created image: 'TaharezLook/AltProgressLeft' (0x20bf8d0) of type: BasicImage
14/01/2014 22:47:48 (Std) 	[ImageManager] Created image: 'TaharezLook/AltProgressMiddle' (0x20bfae0) of type: BasicImage
14/01/2014 22:47:48 (Std) 	[ImageManager] Created image: 'TaharezLook/AltProgressRight' (0x20bfcf0) of type: BasicImage
14/01/2014 22:47:48 (Std) 	[ImageManager] Created image: 'TaharezLook/AltProgressQuarter' (0x20bff00) of type: BasicImage
14/01/2014 22:47:48 (Std) 	[ImageManager] Created image: 'TaharezLook/AltProgressHalf' (0x20c0110) of type: BasicImage
14/01/2014 22:47:48 (Std) 	[ImageManager] Created image: 'TaharezLook/AltProgressLight1' (0x20c0320) of type: BasicImage
14/01/2014 22:47:48 (Std) 	[ImageManager] Created image: 'TaharezLook/AltProgressLight2' (0x20c0530) of type: BasicImage
14/01/2014 22:47:48 (Std) 	[ImageManager] Created image: 'TaharezLook/AltProgressLight3' (0x20c0740) of type: BasicImage
14/01/2014 22:47:48 (Std) 	[ImageManager] Created image: 'TaharezLook/AltProgressLight4' (0x20c0950) of type: BasicImage
14/01/2014 22:47:48 (Std) 	[ImageManager] Created image: 'TaharezLook/AltProgressLight5' (0x20c0b60) of type: BasicImage
14/01/2014 22:47:48 (Std) 	[ImageManager] Created image: 'TaharezLook/AltProgressLight6' (0x20c0d70) of type: BasicImage
14/01/2014 22:47:48 (Std) 	[ImageManager] Created image: 'TaharezLook/AltProgressLight7' (0x20c0f80) of type: BasicImage
14/01/2014 22:47:48 (Std) 	[ImageManager] Created image: 'TaharezLook/AltProgressLight8' (0x20c1190) of type: BasicImage
14/01/2014 22:47:48 (Std) 	[ImageManager] Created image: 'TaharezLook/AltProgressLight9' (0x20c13a0) of type: BasicImage
14/01/2014 22:47:48 (Std) 	[ImageManager] Created image: 'TaharezLook/AltProgressLight10' (0x20c15b0) of type: BasicImage
14/01/2014 22:47:48 (Std) 	[ImageManager] Created image: 'TaharezLook/CloseButtonNormal' (0x20c17c0) of type: BasicImage
14/01/2014 22:47:48 (Std) 	[ImageManager] Created image: 'TaharezLook/CloseButtonHover' (0x20c19d0) of type: BasicImage
14/01/2014 22:47:48 (Std) 	[ImageManager] Created image: 'TaharezLook/CloseButtonPressed' (0x20c1be0) of type: BasicImage
14/01/2014 22:47:48 (Std) 	[ImageManager] Created image: 'TaharezLook/NewCloseButtonNormal' (0x20c1df0) of type: BasicImage
14/01/2014 22:47:48 (Std) 	[ImageManager] Created image: 'TaharezLook/NewCloseButtonHover' (0x20c2000) of type: BasicImage
14/01/2014 22:47:48 (Std) 	[ImageManager] Created image: 'TaharezLook/NewCloseButtonPressed' (0x20c2210) of type: BasicImage
14/01/2014 22:47:48 (Std) 	[ImageManager] Created image: 'TaharezLook/MultiLineEditboxLeft' (0x20c2540) of type: BasicImage
14/01/2014 22:47:48 (Std) 	[ImageManager] Created image: 'TaharezLook/MultiLineEditboxRight' (0x20c2870) of type: BasicImage
14/01/2014 22:47:48 (Std) 	[ImageManager] Created image: 'TaharezLook/MultiLineEditboxTop' (0x20c2ba0) of type: BasicImage
14/01/2014 22:47:48 (Std) 	[ImageManager] Created image: 'TaharezLook/MultiLineEditboxBottom' (0x20c2f40) of type: BasicImage
14/01/2014 22:47:48 (Std) 	[ImageManager] Created image: 'TaharezLook/MultiLineEditboxTopLeft' (0x20c3330) of type: BasicImage
14/01/2014 22:47:48 (Std) 	[ImageManager] Created image: 'TaharezLook/MultiLineEditboxTopRight' (0x20c3680) of type: BasicImage
14/01/2014 22:47:48 (Std) 	[ImageManager] Created image: 'TaharezLook/MultiLineEditboxBottomLeft' (0x20c3b60) of type: BasicImage
14/01/2014 22:47:48 (Std) 	[ImageManager] Created image: 'TaharezLook/MultiLineEditboxBottomRight' (0x20c3f80) of type: BasicImage
14/01/2014 22:47:48 (Std) 	[ImageManager] Created image: 'TaharezLook/MultiLineEditboxBackdrop' (0x20c42f0) of type: BasicImage
14/01/2014 22:47:48 (Std) 	[ImageManager] Created image: 'TaharezLook/MultiLineEditboxSelectionBrush' (0x20c4690) of type: BasicImage
14/01/2014 22:47:48 (Std) 	[ImageManager] Created image: 'TaharezLook/MouseTarget' (0x20c4f90) of type: BasicImage
14/01/2014 22:47:48 (Std) 	[ImageManager] Created image: 'TaharezLook/MouseArrow' (0x2049e30) of type: BasicImage
14/01/2014 22:47:48 (Std) 	[ImageManager] Created image: 'TaharezLook/MouseMoveCursor' (0x20c54c0) of type: BasicImage
14/01/2014 22:47:48 (Std) 	[ImageManager] Created image: 'TaharezLook/MouseNoSoCursor' (0x20c56d0) of type: BasicImage
14/01/2014 22:47:48 (Std) 	[ImageManager] Created image: 'TaharezLook/MouseEsWeCursor' (0x20c58e0) of type: BasicImage
14/01/2014 22:47:48 (Std) 	[ImageManager] Created image: 'TaharezLook/MouseNeSwCursor' (0x20c5af0) of type: BasicImage
14/01/2014 22:47:48 (Std) 	[ImageManager] Created image: 'TaharezLook/MouseNwSeCursor' (0x20c5d00) of type: BasicImage
14/01/2014 22:47:48 (Std) 	[ImageManager] Created image: 'TaharezLook/MouseTextBar' (0x20c5f10) of type: BasicImage
14/01/2014 22:47:48 (Std) 	[ImageManager] Created image: 'TaharezLook/TabHorizontalFiller' (0x20c51a0) of type: BasicImage
14/01/2014 22:47:48 (Std) 	[ImageManager] Created image: 'TaharezLook/TabContentPaneUpperLeft' (0x20c4bd0) of type: BasicImage
14/01/2014 22:47:48 (Std) 	[ImageManager] Created image: 'TaharezLook/TabContentPaneUpper' (0x20c6120) of type: BasicImage
14/01/2014 22:47:48 (Std) 	[ImageManager] Created image: 'TaharezLook/TabContentPaneUpperRight' (0x20c6240) of type: BasicImage
14/01/2014 22:47:48 (Std) 	[ImageManager] Created image: 'TaharezLook/TabContentPaneLeft' (0x20c6450) of type: BasicImage
14/01/2014 22:47:48 (Std) 	[ImageManager] Created image: 'TaharezLook/TabContentPaneRight' (0x20c6660) of type: BasicImage
14/01/2014 22:47:48 (Std) 	[ImageManager] Created image: 'TaharezLook/TabContentPaneLower' (0x20c6870) of type: BasicImage
14/01/2014 22:47:48 (Std) 	[ImageManager] Created image: 'TaharezLook/TabContentPaneLowerLeft' (0x20c6a80) of type: BasicImage
14/01/2014 22:47:48 (Std) 	[ImageManager] Created image: 'TaharezLook/TabContentPaneLowerRight' (0x20c6dd0) of type: BasicImage
14/01/2014 22:47:48 (Std) 	[ImageManager] Created image: 'TaharezLook/TabContentPaneMiddle' (0x20c7120) of type: BasicImage
14/01/2014 22:47:48 (Std) 	[ImageManager] Created image: 'TaharezLook/TabButtonScrollLeftNormal' (0x20c7330) of type: BasicImage
14/01/2014 22:47:48 (Std) 	[ImageManager] Created image: 'TaharezLook/TabButtonScrollRightNormal' (0x20c78b0) of type: BasicImage
14/01/2014 22:47:48 (Std) 	[ImageManager] Created image: 'TaharezLook/TabButtonScrollLeftHover' (0x20c39d0) of type: BasicImage
14/01/2014 22:47:48 (Std) 	[ImageManager] Created image: 'TaharezLook/TabButtonScrollRightHover' (0x20c7e60) of type: BasicImage
14/01/2014 22:47:48 (Std) 	[ImageManager] Created image: 'TaharezLook/TabButtonLeftNormal' (0x20c81b0) of type: BasicImage
14/01/2014 22:47:48 (Std) 	[ImageManager] Created image: 'TaharezLook/TabButtonRightNormal' (0x20c83c0) of type: BasicImage
14/01/2014 22:47:48 (Std) 	[ImageManager] Created image: 'TaharezLook/TabButtonUpperNormal' (0x20c85d0) of type: BasicImage
14/01/2014 22:47:48 (Std) 	[ImageManager] Created image: 'TaharezLook/TabButtonLowerNormal' (0x20c8900) of type: BasicImage
14/01/2014 22:47:48 (Std) 	[ImageManager] Created image: 'TaharezLook/TabButtonUpperLeftNormal' (0x20c8dc0) of type: BasicImage
14/01/2014 22:47:48 (Std) 	[ImageManager] Created image: 'TaharezLook/TabButtonUpperLeft2Normal' (0x20c91b0) of type: BasicImage
14/01/2014 22:47:48 (Std) 	[ImageManager] Created image: 'TaharezLook/TabButtonUpperRightNormal' (0x20c9500) of type: BasicImage
14/01/2014 22:47:48 (Std) 	[ImageManager] Created image: 'TaharezLook/TabButtonLowerLeftNormal' (0x20c9850) of type: BasicImage
14/01/2014 22:47:48 (Std) 	[ImageManager] Created image: 'TaharezLook/TabButtonLowerRightNormal' (0x20c9ba0) of type: BasicImage
14/01/2014 22:47:48 (Std) 	[ImageManager] Created image: 'TaharezLook/TabButtonLowerRight2Normal' (0x20ca080) of type: BasicImage
14/01/2014 22:47:48 (Std) 	[ImageManager] Created image: 'TaharezLook/TabButtonMiddleNormal' (0x208c640) of type: BasicImage
14/01/2014 22:47:48 (Std) 	[ImageManager] Created image: 'TaharezLook/TabButtonLeftSelected' (0x20ca590) of type: BasicImage
14/01/2014 22:47:48 (Std) 	[ImageManager] Created image: 'TaharezLook/TabButtonRightSelected' (0x20ca930) of type: BasicImage
14/01/2014 22:47:48 (Std) 	[ImageManager] Created image: 'TaharezLook/TabButtonUpperSelected' (0x20cac80) of type: BasicImage
14/01/2014 22:47:48 (Std) 	[ImageManager] Created image: 'TaharezLook/TabButtonLowerSelected' (0x20cafd0) of type: BasicImage
14/01/2014 22:47:48 (Std) 	[ImageManager] Created image: 'TaharezLook/TabButtonUpperLeftSelected' (0x20cb4b0) of type: BasicImage
14/01/2014 22:47:48 (Std) 	[ImageManager] Created image: 'TaharezLook/TabButtonUpperRightSelected' (0x20cb8d0) of type: BasicImage
14/01/2014 22:47:48 (Std) 	[ImageManager] Created image: 'TaharezLook/TabButtonLowerLeftSelected' (0x20cbc40) of type: BasicImage
14/01/2014 22:47:48 (Std) 	[ImageManager] Created image: 'TaharezLook/TabButtonLowerRightSelected' (0x20cbfb0) of type: BasicImage
14/01/2014 22:47:48 (Std) 	[ImageManager] Created image: 'TaharezLook/TabButtonMiddleSelected' (0x20cc320) of type: BasicImage
14/01/2014 22:47:48 (Std) 	[ImageManager] Created image: 'TaharezLook/TooltipTopLeft' (0x20cc530) of type: BasicImage
14/01/2014 22:47:48 (Std) 	[ImageManager] Created image: 'TaharezLook/TooltipTopRight' (0x20cc740) of type: BasicImage
14/01/2014 22:47:48 (Std) 	[ImageManager] Created image: 'TaharezLook/TooltipBottomLeft' (0x20cc950) of type: BasicImage
14/01/2014 22:47:48 (Std) 	[ImageManager] Created image: 'TaharezLook/TooltipBottomRight' (0x20ccb60) of type: BasicImage
14/01/2014 22:47:48 (Std) 	[ImageManager] Created image: 'TaharezLook/TooltipLeftEdge' (0x20ccd70) of type: BasicImage
14/01/2014 22:47:48 (Std) 	[ImageManager] Created image: 'TaharezLook/TooltipRightEdge' (0x20ccf80) of type: BasicImage
14/01/2014 22:47:48 (Std) 	[ImageManager] Created image: 'TaharezLook/TooltipTopEdge' (0x20cd190) of type: BasicImage
14/01/2014 22:47:48 (Std) 	[ImageManager] Created image: 'TaharezLook/TooltipBottomEdge' (0x20cd3a0) of type: BasicImage
14/01/2014 22:47:48 (Std) 	[ImageManager] Created image: 'TaharezLook/TooltipMiddle' (0x20cd5b0) of type: BasicImage
14/01/2014 22:47:48 (Std) 	[ImageManager] Created image: 'TaharezLook/MenuTopLeft' (0x20cd7c0) of type: BasicImage
14/01/2014 22:47:48 (Std) 	[ImageManager] Created image: 'TaharezLook/MenuTopRight' (0x20cd9d0) of type: BasicImage
14/01/2014 22:47:48 (Std) 	[ImageManager] Created image: 'TaharezLook/MenuBottomLeft' (0x20cdbe0) of type: BasicImage
14/01/2014 22:47:48 (Std) 	[ImageManager] Created image: 'TaharezLook/MenuBottomRight' (0x20cddf0) of type: BasicImage
14/01/2014 22:47:48 (Std) 	[ImageManager] Created image: 'TaharezLook/MenuLeft' (0x20ce000) of type: BasicImage
14/01/2014 22:47:48 (Std) 	[ImageManager] Created image: 'TaharezLook/MenuRight' (0x20ce210) of type: BasicImage
14/01/2014 22:47:48 (Std) 	[ImageManager] Created image: 'TaharezLook/MenuTop' (0x20ce420) of type: BasicImage
14/01/2014 22:47:48 (Std) 	[ImageManager] Created image: 'TaharezLook/MenuBottom' (0x20ce630) of type: BasicImage
14/01/2014 22:47:48 (Std) 	[ImageManager] Created image: 'TaharezLook/MenuMiddle' (0x20ce840) of type: BasicImage
14/01/2014 22:47:48 (Std) 	[ImageManager] Created image: 'TaharezLook/PopupMenuFrameTopLeft' (0x20cea50) of type: BasicImage
14/01/2014 22:47:48 (Std) 	[ImageManager] Created image: 'TaharezLook/PopupMenuFrameTopRight' (0x20cec60) of type: BasicImage
14/01/2014 22:47:48 (Std) 	[ImageManager] Created image: 'TaharezLook/PopupMenuFrameBottomLeft' (0x20cf050) of type: BasicImage
14/01/2014 22:47:48 (Std) 	[ImageManager] Created image: 'TaharezLook/PopupMenuFrameBottomRight' (0x20cf3a0) of type: BasicImage
14/01/2014 22:47:48 (Std) 	[ImageManager] Created image: 'TaharezLook/PopupMenuFrameLeft' (0x20cf6f0) of type: BasicImage
14/01/2014 22:47:48 (Std) 	[ImageManager] Created image: 'TaharezLook/PopupMenuFrameRight' (0x20cf900) of type: BasicImage
14/01/2014 22:47:48 (Std) 	[ImageManager] Created image: 'TaharezLook/PopupMenuFrameTop' (0x20cfb10) of type: BasicImage
14/01/2014 22:47:48 (Std) 	[ImageManager] Created image: 'TaharezLook/PopupMenuFrameBottom' (0x20cfd20) of type: BasicImage
14/01/2014 22:47:48 (Std) 	[ImageManager] Created image: 'TaharezLook/PopupMenuMiddle' (0x20cff30) of type: BasicImage
14/01/2014 22:47:48 (Std) 	[ImageManager] Created image: 'TaharezLook/PopupMenuArrowRight' (0x20d0140) of type: BasicImage
14/01/2014 22:47:48 (Std) 	[ImageManager] Created image: 'TaharezLook/PopupMenuArrowLeft' (0x20d0350) of type: BasicImage
14/01/2014 22:47:48 (Std) 	[ImageManager] Created image: 'TaharezLook/TreeListClosed' (0x20d0560) of type: BasicImage
14/01/2014 22:47:48 (Std) 	[ImageManager] Created image: 'TaharezLook/TreeListOpened' (0x20d0770) of type: BasicImage
14/01/2014 22:47:48 (Std) 	===== Falagard 'root' element: look and feel parsing begins =====
14/01/2014 22:47:48 (Std) 	===== Look and feel parsing completed =====
14/01/2014 22:47:48 (Std) 	No window renderer factories specified for module 'CEGUICoreWindowRendererSet' - adding all available factories...
14/01/2014 22:47:48 (Std) 	Created WindowRendererFactory for 'Core/Button' WindowRenderers.
14/01/2014 22:47:48 (Std) 	WindowRendererFactory 'Core/Button' added. (0x2067ad0)
14/01/2014 22:47:48 (Std) 	Created WindowRendererFactory for 'Core/Default' WindowRenderers.
14/01/2014 22:47:48 (Std) 	WindowRendererFactory 'Core/Default' added. (0x2067b90)
14/01/2014 22:47:48 (Std) 	Created WindowRendererFactory for 'Core/Editbox' WindowRenderers.
14/01/2014 22:47:48 (Std) 	WindowRendererFactory 'Core/Editbox' added. (0x205e470)
14/01/2014 22:47:48 (Std) 	Created WindowRendererFactory for 'Core/FrameWindow' WindowRenderers.
14/01/2014 22:47:48 (Std) 	WindowRendererFactory 'Core/FrameWindow' added. (0x222e190)
14/01/2014 22:47:48 (Std) 	Created WindowRendererFactory for 'Core/ItemEntry' WindowRenderers.
14/01/2014 22:47:48 (Std) 	WindowRendererFactory 'Core/ItemEntry' added. (0x222e330)
14/01/2014 22:47:48 (Std) 	Created WindowRendererFactory for 'Core/ListHeader' WindowRenderers.
14/01/2014 22:47:48 (Std) 	WindowRendererFactory 'Core/ListHeader' added. (0x222e4d0)
14/01/2014 22:47:48 (Std) 	Created WindowRendererFactory for 'Core/ListHeaderSegment' WindowRenderers.
14/01/2014 22:47:48 (Std) 	WindowRendererFactory 'Core/ListHeaderSegment' added. (0x21fe820)
14/01/2014 22:47:48 (Std) 	Created WindowRendererFactory for 'Core/Listbox' WindowRenderers.
14/01/2014 22:47:48 (Std) 	WindowRendererFactory 'Core/Listbox' added. (0x21fe9c0)
14/01/2014 22:47:48 (Std) 	Created WindowRendererFactory for 'Core/Menubar' WindowRenderers.
14/01/2014 22:47:48 (Std) 	WindowRendererFactory 'Core/Menubar' added. (0x21fea80)
14/01/2014 22:47:48 (Std) 	Created WindowRendererFactory for 'Core/MenuItem' WindowRenderers.
14/01/2014 22:47:48 (Std) 	WindowRendererFactory 'Core/MenuItem' added. (0x2090fc0)
14/01/2014 22:47:48 (Std) 	Created WindowRendererFactory for 'Core/MultiColumnList' WindowRenderers.
14/01/2014 22:47:48 (Std) 	WindowRendererFactory 'Core/MultiColumnList' added. (0x2091160)
14/01/2014 22:47:48 (Std) 	Created WindowRendererFactory for 'Core/MultiLineEditbox' WindowRenderers.
14/01/2014 22:47:48 (Std) 	WindowRendererFactory 'Core/MultiLineEditbox' added. (0x2126150)
14/01/2014 22:47:48 (Std) 	Created WindowRendererFactory for 'Core/PopupMenu' WindowRenderers.
14/01/2014 22:47:48 (Std) 	WindowRendererFactory 'Core/PopupMenu' added. (0x21262f0)
14/01/2014 22:47:48 (Std) 	Created WindowRendererFactory for 'Core/ProgressBar' WindowRenderers.
14/01/2014 22:47:48 (Std) 	WindowRendererFactory 'Core/ProgressBar' added. (0x22a1e20)
14/01/2014 22:47:48 (Std) 	Created WindowRendererFactory for 'Core/ScrollablePane' WindowRenderers.
14/01/2014 22:47:48 (Std) 	WindowRendererFactory 'Core/ScrollablePane' added. (0x22a1fc0)
14/01/2014 22:47:48 (Std) 	Created WindowRendererFactory for 'Core/Scrollbar' WindowRenderers.
14/01/2014 22:47:48 (Std) 	WindowRendererFactory 'Core/Scrollbar' added. (0x22a2160)
14/01/2014 22:47:48 (Std) 	Created WindowRendererFactory for 'Core/Slider' WindowRenderers.
14/01/2014 22:47:48 (Std) 	WindowRendererFactory 'Core/Slider' added. (0x22a1870)
14/01/2014 22:47:48 (Std) 	Created WindowRendererFactory for 'Core/Static' WindowRenderers.
14/01/2014 22:47:48 (Std) 	WindowRendererFactory 'Core/Static' added. (0x22a1b20)
14/01/2014 22:47:48 (Std) 	Created WindowRendererFactory for 'Core/StaticImage' WindowRenderers.
14/01/2014 22:47:48 (Std) 	WindowRendererFactory 'Core/StaticImage' added. (0x22a1cc0)
14/01/2014 22:47:48 (Std) 	Created WindowRendererFactory for 'Core/StaticText' WindowRenderers.
14/01/2014 22:47:48 (Std) 	WindowRendererFactory 'Core/StaticText' added. (0x207f4e0)
14/01/2014 22:47:48 (Std) 	Created WindowRendererFactory for 'Core/TabButton' WindowRenderers.
14/01/2014 22:47:48 (Std) 	WindowRendererFactory 'Core/TabButton' added. (0x207f680)
14/01/2014 22:47:48 (Std) 	Created WindowRendererFactory for 'Core/TabControl' WindowRenderers.
14/01/2014 22:47:48 (Std) 	WindowRendererFactory 'Core/TabControl' added. (0x207f820)
14/01/2014 22:47:48 (Std) 	Created WindowRendererFactory for 'Core/Titlebar' WindowRenderers.
14/01/2014 22:47:48 (Std) 	WindowRendererFactory 'Core/Titlebar' added. (0x207f9c0)
14/01/2014 22:47:48 (Std) 	Created WindowRendererFactory for 'Core/ToggleButton' WindowRenderers.
14/01/2014 22:47:48 (Std) 	WindowRendererFactory 'Core/ToggleButton' added. (0x22aa4d0)
14/01/2014 22:47:48 (Std) 	Created WindowRendererFactory for 'Core/Tooltip' WindowRenderers.
14/01/2014 22:47:48 (Std) 	WindowRendererFactory 'Core/Tooltip' added. (0x22aa670)
14/01/2014 22:47:48 (Std) 	Created WindowRendererFactory for 'Core/ItemListbox' WindowRenderers.
14/01/2014 22:47:48 (Std) 	WindowRendererFactory 'Core/ItemListbox' added. (0x22aa810)
14/01/2014 22:47:48 (Std) 	Created WindowRendererFactory for 'Core/Tree' WindowRenderers.
14/01/2014 22:47:48 (Std) 	WindowRendererFactory 'Core/Tree' added. (0x22aa9b0)
14/01/2014 22:47:48 (Std) 	Creating falagard mapping for type 'TaharezLook/Label' using base type 'DefaultWindow', window renderer 'Core/Default' Look'N'Feel 'TaharezLook/Label' and RenderEffect ''. (0x7fff679aa4d0)
14/01/2014 22:47:48 (Std) 	Creating falagard mapping for type 'TaharezLook/Button' using base type 'CEGUI/PushButton', window renderer 'Core/Button' Look'N'Feel 'TaharezLook/Button' and RenderEffect ''. (0x7fff679aa4d0)
14/01/2014 22:47:48 (Std) 	Creating falagard mapping for type 'TaharezLook/Checkbox' using base type 'CEGUI/ToggleButton', window renderer 'Core/ToggleButton' Look'N'Feel 'TaharezLook/Checkbox' and RenderEffect ''. (0x7fff679aa4d0)
14/01/2014 22:47:48 (Std) 	Creating falagard mapping for type 'TaharezLook/ImageButton' using base type 'CEGUI/PushButton', window renderer 'Core/Button' Look'N'Feel 'TaharezLook/ImageButton' and RenderEffect ''. (0x7fff679aa4d0)
14/01/2014 22:47:48 (Std) 	Creating falagard mapping for type 'TaharezLook/RadioButton' using base type 'CEGUI/RadioButton', window renderer 'Core/ToggleButton' Look'N'Feel 'TaharezLook/RadioButton' and RenderEffect ''. (0x7fff679aa4d0)
14/01/2014 22:47:48 (Std) 	Creating falagard mapping for type 'TaharezLook/FrameWindow' using base type 'CEGUI/FrameWindow', window renderer 'Core/FrameWindow' Look'N'Feel 'TaharezLook/FrameWindow' and RenderEffect ''. (0x7fff679aa4d0)
14/01/2014 22:47:48 (Std) 	Creating falagard mapping for type 'TaharezLook/Titlebar' using base type 'CEGUI/Titlebar', window renderer 'Core/Titlebar' Look'N'Feel 'TaharezLook/Titlebar' and RenderEffect ''. (0x7fff679aa4d0)
14/01/2014 22:47:48 (Std) 	Creating falagard mapping for type 'TaharezLook/Editbox' using base type 'CEGUI/Editbox', window renderer 'Core/Editbox' Look'N'Feel 'TaharezLook/Editbox' and RenderEffect ''. (0x7fff679aa4d0)
14/01/2014 22:47:48 (Std) 	Creating falagard mapping for type 'TaharezLook/MultiLineEditbox' using base type 'CEGUI/MultiLineEditbox', window renderer 'Core/MultiLineEditbox' Look'N'Feel 'TaharezLook/MultiLineEditbox' and RenderEffect ''. (0x7fff679aa4d0)
14/01/2014 22:47:48 (Std) 	Creating falagard mapping for type 'TaharezLook/Menubar' using base type 'CEGUI/Menubar', window renderer 'Core/Menubar' Look'N'Feel 'TaharezLook/Menubar' and RenderEffect ''. (0x7fff679aa4d0)
14/01/2014 22:47:48 (Std) 	Creating falagard mapping for type 'TaharezLook/PopupMenu' using base type 'CEGUI/PopupMenu', window renderer 'Core/PopupMenu' Look'N'Feel 'TaharezLook/PopupMenu' and RenderEffect ''. (0x7fff679aa4d0)
14/01/2014 22:47:48 (Std) 	Creating falagard mapping for type 'TaharezLook/MenuItem' using base type 'CEGUI/MenuItem', window renderer 'Core/MenuItem' Look'N'Feel 'TaharezLook/MenuItem' and RenderEffect ''. (0x7fff679aa4d0)
14/01/2014 22:47:48 (Std) 	Creating falagard mapping for type 'TaharezLook/AlternateProgressBar' using base type 'CEGUI/ProgressBar', window renderer 'Core/ProgressBar' Look'N'Feel 'TaharezLook/AltProgressBar' and RenderEffect ''. (0x7fff679aa4d0)
14/01/2014 22:47:48 (Std) 	Creating falagard mapping for type 'TaharezLook/ProgressBar' using base type 'CEGUI/ProgressBar', window renderer 'Core/ProgressBar' Look'N'Feel 'TaharezLook/ProgressBar' and RenderEffect ''. (0x7fff679aa4d0)
14/01/2014 22:47:48 (Std) 	Creating falagard mapping for type 'TaharezLook/VUMeter' using base type 'CEGUI/ProgressBar', window renderer 'Core/ProgressBar' Look'N'Feel 'TaharezLook/VUMeter' and RenderEffect ''. (0x7fff679aa4d0)
14/01/2014 22:47:48 (Std) 	Creating falagard mapping for type 'TaharezLook/VerticalScrollbar' using base type 'CEGUI/Scrollbar', window renderer 'Core/Scrollbar' Look'N'Feel 'TaharezLook/VerticalScrollbar' and RenderEffect ''. (0x7fff679aa4d0)
14/01/2014 22:47:48 (Std) 	Creating falagard mapping for type 'TaharezLook/HorizontalScrollbar' using base type 'CEGUI/Scrollbar', window renderer 'Core/Scrollbar' Look'N'Feel 'TaharezLook/HorizontalScrollbar' and RenderEffect ''. (0x7fff679aa4d0)
14/01/2014 22:47:48 (Std) 	Creating falagard mapping for type 'TaharezLook/VerticalScrollbarThumb' using base type 'CEGUI/Thumb', window renderer 'Core/Button' Look'N'Feel 'TaharezLook/VerticalScrollbarThumb' and RenderEffect ''. (0x7fff679aa4d0)
14/01/2014 22:47:48 (Std) 	Creating falagard mapping for type 'TaharezLook/HorizontalScrollbarThumb' using base type 'CEGUI/Thumb', window renderer 'Core/Button' Look'N'Feel 'TaharezLook/HorizontalScrollbarThumb' and RenderEffect ''. (0x7fff679aa4d0)
14/01/2014 22:47:48 (Std) 	Creating falagard mapping for type 'TaharezLook/LargeVerticalScrollbar' using base type 'CEGUI/Scrollbar', window renderer 'Core/Scrollbar' Look'N'Feel 'TaharezLook/LargeVerticalScrollbar' and RenderEffect ''. (0x7fff679aa4d0)
14/01/2014 22:47:48 (Std) 	Creating falagard mapping for type 'TaharezLook/LargeVerticalScrollbarThumb' using base type 'CEGUI/Thumb', window renderer 'Core/Button' Look'N'Feel 'TaharezLook/LargeVerticalScrollbarThumb' and RenderEffect ''. (0x7fff679aa4d0)
14/01/2014 22:47:48 (Std) 	Creating falagard mapping for type 'TaharezLook/TabButton' using base type 'CEGUI/TabButton', window renderer 'Core/TabButton' Look'N'Feel 'TaharezLook/TabButton' and RenderEffect ''. (0x7fff679aa4d0)
14/01/2014 22:47:48 (Std) 	Creating falagard mapping for type 'TaharezLook/TabControl' using base type 'CEGUI/TabControl', window renderer 'Core/TabControl' Look'N'Feel 'TaharezLook/TabControl' and RenderEffect ''. (0x7fff679aa4d0)
14/01/2014 22:47:48 (Std) 	Creating falagard mapping for type 'TaharezLook/TabContentPane' using base type 'DefaultWindow', window renderer 'Core/Default' Look'N'Feel 'TaharezLook/TabContentPane' and RenderEffect ''. (0x7fff679aa4d0)
14/01/2014 22:47:48 (Std) 	Creating falagard mapping for type 'TaharezLook/TabButtonPane' using base type 'DefaultWindow', window renderer 'Core/Default' Look'N'Feel 'TaharezLook/TabButtonPane' and RenderEffect ''. (0x7fff679aa4d0)
14/01/2014 22:47:48 (Std) 	Creating falagard mapping for type 'TaharezLook/ComboDropList' using base type 'CEGUI/ComboDropList', window renderer 'Core/Listbox' Look'N'Feel 'TaharezLook/ComboDropList' and RenderEffect ''. (0x7fff679aa4d0)
14/01/2014 22:47:48 (Std) 	Creating falagard mapping for type 'TaharezLook/ComboEditbox' using base type 'CEGUI/Editbox', window renderer 'Core/Editbox' Look'N'Feel 'TaharezLook/ComboEditbox' and RenderEffect ''. (0x7fff679aa4d0)
14/01/2014 22:47:48 (Std) 	Creating falagard mapping for type 'TaharezLook/Combobox' using base type 'CEGUI/Combobox', window renderer 'Core/Default' Look'N'Feel 'TaharezLook/Combobox' and RenderEffect ''. (0x7fff679aa4d0)
14/01/2014 22:47:48 (Std) 	Creating falagard mapping for type 'TaharezLook/Listbox' using base type 'CEGUI/Listbox', window renderer 'Core/Listbox' Look'N'Feel 'TaharezLook/Listbox' and RenderEffect ''. (0x7fff679aa4d0)
14/01/2014 22:47:48 (Std) 	Creating falagard mapping for type 'TaharezLook/ListHeader' using base type 'CEGUI/ListHeader', window renderer 'Core/ListHeader' Look'N'Feel 'TaharezLook/ListHeader' and RenderEffect ''. (0x7fff679aa4d0)
14/01/2014 22:47:48 (Std) 	Creating falagard mapping for type 'TaharezLook/ListHeaderSegment' using base type 'CEGUI/ListHeaderSegment', window renderer 'Core/ListHeaderSegment' Look'N'Feel 'TaharezLook/ListHeaderSegment' and RenderEffect ''. (0x7fff679aa4d0)
14/01/2014 22:47:48 (Std) 	Creating falagard mapping for type 'TaharezLook/MultiColumnList' using base type 'CEGUI/MultiColumnList', window renderer 'Core/MultiColumnList' Look'N'Feel 'TaharezLook/MultiColumnList' and RenderEffect ''. (0x7fff679aa4d0)
14/01/2014 22:47:48 (Std) 	Creating falagard mapping for type 'TaharezLook/Slider' using base type 'CEGUI/Slider', window renderer 'Core/Slider' Look'N'Feel 'TaharezLook/Slider' and RenderEffect ''. (0x7fff679aa4d0)
14/01/2014 22:47:48 (Std) 	Creating falagard mapping for type 'TaharezLook/SliderThumb' using base type 'CEGUI/Thumb', window renderer 'Core/Button' Look'N'Feel 'TaharezLook/SliderThumb' and RenderEffect ''. (0x7fff679aa4d0)
14/01/2014 22:47:48 (Std) 	Creating falagard mapping for type 'TaharezLook/ScrollablePane' using base type 'CEGUI/ScrollablePane', window renderer 'Core/ScrollablePane' Look'N'Feel 'TaharezLook/ScrollablePane' and RenderEffect ''. (0x7fff679aa4d0)
14/01/2014 22:47:48 (Std) 	Creating falagard mapping for type 'TaharezLook/Spinner' using base type 'CEGUI/Spinner', window renderer 'Core/Default' Look'N'Feel 'TaharezLook/Spinner' and RenderEffect ''. (0x7fff679aa4d0)
14/01/2014 22:47:48 (Std) 	Creating falagard mapping for type 'TaharezLook/Tooltip' using base type 'CEGUI/Tooltip', window renderer 'Core/Tooltip' Look'N'Feel 'TaharezLook/Tooltip' and RenderEffect ''. (0x7fff679aa4d0)
14/01/2014 22:47:48 (Std) 	Creating falagard mapping for type 'TaharezLook/StaticImage' using base type 'DefaultWindow', window renderer 'Core/StaticImage' Look'N'Feel 'TaharezLook/StaticImage' and RenderEffect ''. (0x7fff679aa4d0)
14/01/2014 22:47:48 (Std) 	Creating falagard mapping for type 'TaharezLook/StaticText' using base type 'DefaultWindow', window renderer 'Core/StaticText' Look'N'Feel 'TaharezLook/StaticText' and RenderEffect ''. (0x7fff679aa4d0)
14/01/2014 22:47:48 (Std) 	Creating falagard mapping for type 'TaharezLook/ItemListbox' using base type 'CEGUI/ItemListbox', window renderer 'Core/ItemListbox' Look'N'Feel 'TaharezLook/ItemListbox' and RenderEffect ''. (0x7fff679aa4d0)
14/01/2014 22:47:48 (Std) 	Creating falagard mapping for type 'TaharezLook/ListboxItem' using base type 'CEGUI/ItemEntry', window renderer 'Core/ItemEntry' Look'N'Feel 'TaharezLook/ListboxItem' and RenderEffect ''. (0x7fff679aa4d0)
14/01/2014 22:47:48 (Std) 	Creating falagard mapping for type 'TaharezLook/GroupBox' using base type 'DefaultWindow', window renderer 'Core/Default' Look'N'Feel 'TaharezLook/GroupBox' and RenderEffect ''. (0x7fff679aa4d0)
14/01/2014 22:47:48 (Std) 	Creating falagard mapping for type 'TaharezLook/Tree' using base type 'CEGUI/Tree', window renderer 'Core/Tree' Look'N'Feel 'TaharezLook/Tree' and RenderEffect ''. (0x7fff679aa4d0)
14/01/2014 22:47:48 (Std) 	[OgreRenderer] Created texture: guiTex
14/01/2014 22:47:48 (Std) 	[ImageManager] Created image: 'RTTImage' (0x21764d0) of type: BasicImage
14/01/2014 22:47:49 (Std) 	[OgreRenderer] Created texture: DejaVuSans-12_auto_glyph_images_32
14/01/2014 22:48:15 (Std) 	---- Begining CEGUI System destruction ----
14/01/2014 22:48:15 (Std) 	WindowFactory for 'CEGUI/Tree' windows removed. (0x208d700)
14/01/2014 22:48:15 (Std) 	Deleted WindowFactory for 'CEGUI/Tree' windows.
14/01/2014 22:48:15 (Std) 	WindowFactory for 'LayoutCell' windows removed. (0x2057610)
14/01/2014 22:48:15 (Std) 	Deleted WindowFactory for 'LayoutCell' windows.
14/01/2014 22:48:15 (Std) 	WindowFactory for 'CEGUI/Thumb' windows removed. (0x2030df0)
14/01/2014 22:48:15 (Std) 	Deleted WindowFactory for 'CEGUI/Thumb' windows.
14/01/2014 22:48:15 (Std) 	WindowFactory for 'CEGUI/Slider' windows removed. (0x2055260)
14/01/2014 22:48:15 (Std) 	Deleted WindowFactory for 'CEGUI/Slider' windows.
14/01/2014 22:48:15 (Std) 	WindowFactory for 'CEGUI/Editbox' windows removed. (0x2059000)
14/01/2014 22:48:15 (Std) 	Deleted WindowFactory for 'CEGUI/Editbox' windows.
14/01/2014 22:48:15 (Std) 	WindowFactory for 'CEGUI/Listbox' windows removed. (0x2049040)
14/01/2014 22:48:15 (Std) 	Deleted WindowFactory for 'CEGUI/Listbox' windows.
14/01/2014 22:48:15 (Std) 	WindowFactory for 'CEGUI/Menubar' windows removed. (0x2051bc0)
14/01/2014 22:48:15 (Std) 	Deleted WindowFactory for 'CEGUI/Menubar' windows.
14/01/2014 22:48:15 (Std) 	WindowFactory for 'CEGUI/Spinner' windows removed. (0x2055320)
14/01/2014 22:48:15 (Std) 	Deleted WindowFactory for 'CEGUI/Spinner' windows.
14/01/2014 22:48:15 (Std) 	WindowFactory for 'CEGUI/Tooltip' windows removed. (0x204cea0)
14/01/2014 22:48:15 (Std) 	Deleted WindowFactory for 'CEGUI/Tooltip' windows.
14/01/2014 22:48:15 (Std) 	WindowFactory for 'DefaultWindow' windows removed. (0x2089850)
14/01/2014 22:48:15 (Std) 	Deleted WindowFactory for 'DefaultWindow' windows.
14/01/2014 22:48:15 (Std) 	WindowFactory for 'DragContainer' windows removed. (0x201bd40)
14/01/2014 22:48:15 (Std) 	Deleted WindowFactory for 'DragContainer' windows.
14/01/2014 22:48:15 (Std) 	WindowFactory for 'CEGUI/Combobox' windows removed. (0x2015580)
14/01/2014 22:48:15 (Std) 	Deleted WindowFactory for 'CEGUI/Combobox' windows.
14/01/2014 22:48:15 (Std) 	WindowFactory for 'CEGUI/GroupBox' windows removed. (0x2091400)
14/01/2014 22:48:15 (Std) 	Deleted WindowFactory for 'CEGUI/GroupBox' windows.
14/01/2014 22:48:15 (Std) 	WindowFactory for 'CEGUI/MenuItem' windows removed. (0x1fe8450)
14/01/2014 22:48:15 (Std) 	Deleted WindowFactory for 'CEGUI/MenuItem' windows.
14/01/2014 22:48:15 (Std) 	WindowFactory for 'CEGUI/Titlebar' windows removed. (0x2034040)
14/01/2014 22:48:15 (Std) 	Deleted WindowFactory for 'CEGUI/Titlebar' windows.
14/01/2014 22:48:15 (Std) 	WindowFactory for 'CEGUI/ItemEntry' windows removed. (0x1ea3870)
14/01/2014 22:48:15 (Std) 	Deleted WindowFactory for 'CEGUI/ItemEntry' windows.
14/01/2014 22:48:15 (Std) 	WindowFactory for 'CEGUI/PopupMenu' windows removed. (0x203e4a0)
14/01/2014 22:48:15 (Std) 	Deleted WindowFactory for 'CEGUI/PopupMenu' windows.
14/01/2014 22:48:15 (Std) 	WindowFactory for 'CEGUI/Scrollbar' windows removed. (0x2089330)
14/01/2014 22:48:15 (Std) 	Deleted WindowFactory for 'CEGUI/Scrollbar' windows.
14/01/2014 22:48:15 (Std) 	WindowFactory for 'CEGUI/TabButton' windows removed. (0x1fb0010)
14/01/2014 22:48:15 (Std) 	Deleted WindowFactory for 'CEGUI/TabButton' windows.
14/01/2014 22:48:15 (Std) 	WindowFactory for 'CEGUI/ListHeader' windows removed. (0x2016640)
14/01/2014 22:48:15 (Std) 	Deleted WindowFactory for 'CEGUI/ListHeader' windows.
14/01/2014 22:48:15 (Std) 	WindowFactory for 'CEGUI/PushButton' windows removed. (0x2010880)
14/01/2014 22:48:15 (Std) 	Deleted WindowFactory for 'CEGUI/PushButton' windows.
14/01/2014 22:48:15 (Std) 	WindowFactory for 'CEGUI/TabControl' windows removed. (0x1fb01b0)
14/01/2014 22:48:15 (Std) 	Deleted WindowFactory for 'CEGUI/TabControl' windows.
14/01/2014 22:48:15 (Std) 	WindowFactory for 'ClippedContainer' windows removed. (0x208cca0)
14/01/2014 22:48:15 (Std) 	Deleted WindowFactory for 'ClippedContainer' windows.
14/01/2014 22:48:15 (Std) 	WindowFactory for 'CEGUI/FrameWindow' windows removed. (0x20680e0)
14/01/2014 22:48:15 (Std) 	Deleted WindowFactory for 'CEGUI/FrameWindow' windows.
14/01/2014 22:48:15 (Std) 	WindowFactory for 'CEGUI/ItemListbox' windows removed. (0x2091260)
14/01/2014 22:48:15 (Std) 	Deleted WindowFactory for 'CEGUI/ItemListbox' windows.
14/01/2014 22:48:15 (Std) 	WindowFactory for 'CEGUI/ProgressBar' windows removed. (0x202ea80)
14/01/2014 22:48:15 (Std) 	Deleted WindowFactory for 'CEGUI/ProgressBar' windows.
14/01/2014 22:48:15 (Std) 	WindowFactory for 'CEGUI/RadioButton' windows removed. (0x2026290)
14/01/2014 22:48:15 (Std) 	Deleted WindowFactory for 'CEGUI/RadioButton' windows.
14/01/2014 22:48:15 (Std) 	WindowFactory for 'ScrolledContainer' windows removed. (0x2027550)
14/01/2014 22:48:15 (Std) 	Deleted WindowFactory for 'ScrolledContainer' windows.
14/01/2014 22:48:15 (Std) 	WindowFactory for 'CEGUI/ToggleButton' windows removed. (0x20341e0)
14/01/2014 22:48:15 (Std) 	Deleted WindowFactory for 'CEGUI/ToggleButton' windows.
14/01/2014 22:48:15 (Std) 	WindowFactory for 'CEGUI/ComboDropList' windows removed. (0x2091650)
14/01/2014 22:48:15 (Std) 	Deleted WindowFactory for 'CEGUI/ComboDropList' windows.
14/01/2014 22:48:15 (Std) 	WindowFactory for 'GridLayoutContainer' windows removed. (0x2058860)
14/01/2014 22:48:15 (Std) 	Deleted WindowFactory for 'GridLayoutContainer' windows.
14/01/2014 22:48:15 (Std) 	WindowFactory for 'CEGUI/ScrollablePane' windows removed. (0x2089190)
14/01/2014 22:48:15 (Std) 	Deleted WindowFactory for 'CEGUI/ScrollablePane' windows.
14/01/2014 22:48:15 (Std) 	WindowFactory for 'CEGUI/MultiColumnList' windows removed. (0x2057710)
14/01/2014 22:48:15 (Std) 	Deleted WindowFactory for 'CEGUI/MultiColumnList' windows.
14/01/2014 22:48:15 (Std) 	WindowFactory for 'CEGUI/MultiLineEditbox' windows removed. (0x2084510)
14/01/2014 22:48:15 (Std) 	Deleted WindowFactory for 'CEGUI/MultiLineEditbox' windows.
14/01/2014 22:48:15 (Std) 	WindowFactory for 'CEGUI/ListHeaderSegment' windows removed. (0x204f8c0)
14/01/2014 22:48:15 (Std) 	Deleted WindowFactory for 'CEGUI/ListHeaderSegment' windows.
14/01/2014 22:48:15 (Std) 	WindowFactory for 'VerticalLayoutContainer' windows removed. (0x2079250)
14/01/2014 22:48:15 (Std) 	Deleted WindowFactory for 'VerticalLayoutContainer' windows.
14/01/2014 22:48:15 (Std) 	WindowFactory for 'HorizontalLayoutContainer' windows removed. (0x20790b0)
14/01/2014 22:48:15 (Std) 	Deleted WindowFactory for 'HorizontalLayoutContainer' windows.
14/01/2014 22:48:15 (Std) 	---- Begining cleanup of GUI Scheme system ----
14/01/2014 22:48:15 (Std) 	WindowRendererFactory for 'Core/Button' WindowRenderers removed. (0x2067ad0)
14/01/2014 22:48:15 (Std) 	Deleted WindowRendererFactory for 'Core/Button' WindowRenderers.
14/01/2014 22:48:15 (Std) 	WindowRendererFactory for 'Core/Default' WindowRenderers removed. (0x2067b90)
14/01/2014 22:48:15 (Std) 	Deleted WindowRendererFactory for 'Core/Default' WindowRenderers.
14/01/2014 22:48:15 (Std) 	WindowRendererFactory for 'Core/Editbox' WindowRenderers removed. (0x205e470)
14/01/2014 22:48:15 (Std) 	Deleted WindowRendererFactory for 'Core/Editbox' WindowRenderers.
14/01/2014 22:48:15 (Std) 	WindowRendererFactory for 'Core/FrameWindow' WindowRenderers removed. (0x222e190)
14/01/2014 22:48:15 (Std) 	Deleted WindowRendererFactory for 'Core/FrameWindow' WindowRenderers.
14/01/2014 22:48:15 (Std) 	WindowRendererFactory for 'Core/ItemEntry' WindowRenderers removed. (0x222e330)
14/01/2014 22:48:15 (Std) 	Deleted WindowRendererFactory for 'Core/ItemEntry' WindowRenderers.
14/01/2014 22:48:15 (Std) 	WindowRendererFactory for 'Core/ListHeader' WindowRenderers removed. (0x222e4d0)
14/01/2014 22:48:15 (Std) 	Deleted WindowRendererFactory for 'Core/ListHeader' WindowRenderers.
14/01/2014 22:48:15 (Std) 	WindowRendererFactory for 'Core/ListHeaderSegment' WindowRenderers removed. (0x21fe820)
14/01/2014 22:48:15 (Std) 	Deleted WindowRendererFactory for 'Core/ListHeaderSegment' WindowRenderers.
14/01/2014 22:48:15 (Std) 	WindowRendererFactory for 'Core/Listbox' WindowRenderers removed. (0x21fe9c0)
14/01/2014 22:48:15 (Std) 	Deleted WindowRendererFactory for 'Core/Listbox' WindowRenderers.
14/01/2014 22:48:15 (Std) 	WindowRendererFactory for 'Core/Menubar' WindowRenderers removed. (0x21fea80)
14/01/2014 22:48:15 (Std) 	Deleted WindowRendererFactory for 'Core/Menubar' WindowRenderers.
14/01/2014 22:48:15 (Std) 	WindowRendererFactory for 'Core/MenuItem' WindowRenderers removed. (0x2090fc0)
14/01/2014 22:48:15 (Std) 	Deleted WindowRendererFactory for 'Core/MenuItem' WindowRenderers.
14/01/2014 22:48:15 (Std) 	WindowRendererFactory for 'Core/MultiColumnList' WindowRenderers removed. (0x2091160)
14/01/2014 22:48:15 (Std) 	Deleted WindowRendererFactory for 'Core/MultiColumnList' WindowRenderers.
14/01/2014 22:48:15 (Std) 	WindowRendererFactory for 'Core/MultiLineEditbox' WindowRenderers removed. (0x2126150)
14/01/2014 22:48:15 (Std) 	Deleted WindowRendererFactory for 'Core/MultiLineEditbox' WindowRenderers.
14/01/2014 22:48:15 (Std) 	WindowRendererFactory for 'Core/PopupMenu' WindowRenderers removed. (0x21262f0)
14/01/2014 22:48:15 (Std) 	Deleted WindowRendererFactory for 'Core/PopupMenu' WindowRenderers.
14/01/2014 22:48:15 (Std) 	WindowRendererFactory for 'Core/ProgressBar' WindowRenderers removed. (0x22a1e20)
14/01/2014 22:48:15 (Std) 	Deleted WindowRendererFactory for 'Core/ProgressBar' WindowRenderers.
14/01/2014 22:48:15 (Std) 	WindowRendererFactory for 'Core/ScrollablePane' WindowRenderers removed. (0x22a1fc0)
14/01/2014 22:48:15 (Std) 	Deleted WindowRendererFactory for 'Core/ScrollablePane' WindowRenderers.
14/01/2014 22:48:15 (Std) 	WindowRendererFactory for 'Core/Scrollbar' WindowRenderers removed. (0x22a2160)
14/01/2014 22:48:15 (Std) 	Deleted WindowRendererFactory for 'Core/Scrollbar' WindowRenderers.
14/01/2014 22:48:15 (Std) 	WindowRendererFactory for 'Core/Slider' WindowRenderers removed. (0x22a1870)
14/01/2014 22:48:15 (Std) 	Deleted WindowRendererFactory for 'Core/Slider' WindowRenderers.
14/01/2014 22:48:15 (Std) 	WindowRendererFactory for 'Core/Static' WindowRenderers removed. (0x22a1b20)
14/01/2014 22:48:15 (Std) 	Deleted WindowRendererFactory for 'Core/Static' WindowRenderers.
14/01/2014 22:48:15 (Std) 	WindowRendererFactory for 'Core/StaticImage' WindowRenderers removed. (0x22a1cc0)
14/01/2014 22:48:15 (Std) 	Deleted WindowRendererFactory for 'Core/StaticImage' WindowRenderers.
14/01/2014 22:48:15 (Std) 	WindowRendererFactory for 'Core/StaticText' WindowRenderers removed. (0x207f4e0)
14/01/2014 22:48:15 (Std) 	Deleted WindowRendererFactory for 'Core/StaticText' WindowRenderers.
14/01/2014 22:48:15 (Std) 	WindowRendererFactory for 'Core/TabButton' WindowRenderers removed. (0x207f680)
14/01/2014 22:48:15 (Std) 	Deleted WindowRendererFactory for 'Core/TabButton' WindowRenderers.
14/01/2014 22:48:15 (Std) 	WindowRendererFactory for 'Core/TabControl' WindowRenderers removed. (0x207f820)
14/01/2014 22:48:15 (Std) 	Deleted WindowRendererFactory for 'Core/TabControl' WindowRenderers.
14/01/2014 22:48:15 (Std) 	WindowRendererFactory for 'Core/Titlebar' WindowRenderers removed. (0x207f9c0)
14/01/2014 22:48:15 (Std) 	Deleted WindowRendererFactory for 'Core/Titlebar' WindowRenderers.
14/01/2014 22:48:15 (Std) 	WindowRendererFactory for 'Core/ToggleButton' WindowRenderers removed. (0x22aa4d0)
14/01/2014 22:48:15 (Std) 	Deleted WindowRendererFactory for 'Core/ToggleButton' WindowRenderers.
14/01/2014 22:48:15 (Std) 	WindowRendererFactory for 'Core/Tooltip' WindowRenderers removed. (0x22aa670)
14/01/2014 22:48:15 (Std) 	Deleted WindowRendererFactory for 'Core/Tooltip' WindowRenderers.
14/01/2014 22:48:15 (Std) 	WindowRendererFactory for 'Core/ItemListbox' WindowRenderers removed. (0x22aa810)
14/01/2014 22:48:15 (Std) 	Deleted WindowRendererFactory for 'Core/ItemListbox' WindowRenderers.
14/01/2014 22:48:15 (Std) 	WindowRendererFactory for 'Core/Tree' WindowRenderers removed. (0x22aa9b0)
14/01/2014 22:48:15 (Std) 	Deleted WindowRendererFactory for 'Core/Tree' WindowRenderers.
14/01/2014 22:48:15 (Std) 	CEGUI::SchemeManager singleton destroyed. (0x20934c0)
14/01/2014 22:48:15 (Std) 	CEGUI::WindowManager singleton destroyed (0x1fb6090)
14/01/2014 22:48:15 (Std) 	CEGUI::WindowFactoryManager singleton destroyed
14/01/2014 22:48:15 (Std) 	CEGUI::WidgetLookManager singleton destroyed. (0x1ea33b0)
14/01/2014 22:48:15 (Std) 	CEGUI::WindowRendererManager singleton destroyed (0x2029ca0)
14/01/2014 22:48:15 (Std) 	CEGUI::AnimationManager singleton destroyed (0x1ea3e70)
14/01/2014 22:48:15 (Std) 	CEGUI::RenderEffectManager singleton destroyed (0x1e1d550)
14/01/2014 22:48:15 (Std) 	---- Begining cleanup of Font system ----
14/01/2014 22:48:15 (Std) 	[OgreRenderer] Destroyed texture: DejaVuSans-12_auto_glyph_images_32
14/01/2014 22:48:15 (Std) 	CEGUI::FontManager singleton destroyed. (0x204d660)
14/01/2014 22:48:15 (Std) 	[ImageManager] Deleted image: RTTImage
14/01/2014 22:48:15 (Std) 	[ImageManager] Deleted image: TaharezLook/MenuTop
14/01/2014 22:48:15 (Std) 	[ImageManager] Deleted image: TaharezLook/MenuLeft
14/01/2014 22:48:15 (Std) 	[ImageManager] Deleted image: TaharezLook/MenuRight
14/01/2014 22:48:15 (Std) 	[ImageManager] Deleted image: TaharezLook/StaticTop
14/01/2014 22:48:15 (Std) 	[ImageManager] Deleted image: TaharezLook/ListboxTop
14/01/2014 22:48:15 (Std) 	[ImageManager] Deleted image: TaharezLook/MenuBottom
14/01/2014 22:48:15 (Std) 	[ImageManager] Deleted image: TaharezLook/MenuMiddle
14/01/2014 22:48:15 (Std) 	[ImageManager] Deleted image: TaharezLook/MouseArrow
14/01/2014 22:48:15 (Std) 	[ImageManager] Deleted image: TaharezLook/StaticLeft
14/01/2014 22:48:15 (Std) 	[ImageManager] Deleted image: TaharezLook/ClientBrush
14/01/2014 22:48:15 (Std) 	[ImageManager] Deleted image: TaharezLook/EditBoxLeft
14/01/2014 22:48:15 (Std) 	[ImageManager] Deleted image: TaharezLook/ListboxLeft
14/01/2014 22:48:15 (Std) 	[ImageManager] Deleted image: TaharezLook/MenuTopLeft
14/01/2014 22:48:15 (Std) 	[ImageManager] Deleted image: TaharezLook/MouseTarget
14/01/2014 22:48:15 (Std) 	[ImageManager] Deleted image: TaharezLook/StaticRight
14/01/2014 22:48:15 (Std) 	[ImageManager] Deleted image: TaharezLook/CheckboxMark
14/01/2014 22:48:15 (Std) 	[ImageManager] Deleted image: TaharezLook/EditBoxCaret
14/01/2014 22:48:15 (Std) 	[ImageManager] Deleted image: TaharezLook/EditBoxRight
14/01/2014 22:48:15 (Std) 	[ImageManager] Deleted image: TaharezLook/GenericBrush
14/01/2014 22:48:15 (Std) 	[ImageManager] Deleted image: TaharezLook/ListboxRight
14/01/2014 22:48:15 (Std) 	[ImageManager] Deleted image: TaharezLook/MenuTopRight
14/01/2014 22:48:15 (Std) 	[ImageManager] Deleted image: TaharezLook/MouseTextBar
14/01/2014 22:48:15 (Std) 	[ImageManager] Deleted image: TaharezLook/MultiListTop
14/01/2014 22:48:15 (Std) 	[ImageManager] Deleted image: TaharezLook/StaticBottom
14/01/2014 22:48:15 (Std) 	[ImageManager] Deleted image: TaharezLook/SysAreaRight
14/01/2014 22:48:15 (Std) 	[ImageManager] Deleted image: TaharezLook/TitlebarLeft
14/01/2014 22:48:15 (Std) 	[ImageManager] Deleted image: TaharezLook/CheckboxHover
14/01/2014 22:48:15 (Std) 	[ImageManager] Deleted image: TaharezLook/EditBoxMiddle
14/01/2014 22:48:15 (Std) 	[ImageManager] Deleted image: TaharezLook/ListboxBottom
14/01/2014 22:48:15 (Std) 	[ImageManager] Deleted image: TaharezLook/MultiListLeft
14/01/2014 22:48:15 (Std) 	[ImageManager] Deleted image: TaharezLook/StaticTopLeft
14/01/2014 22:48:15 (Std) 	[ImageManager] Deleted image: TaharezLook/SysAreaMiddle
14/01/2014 22:48:15 (Std) 	[ImageManager] Deleted image: TaharezLook/TitlebarRight
14/01/2014 22:48:15 (Std) 	[ImageManager] Deleted image: TaharezLook/TooltipMiddle
14/01/2014 22:48:15 (Std) 	[ImageManager] Deleted image: TaharezLook/VertScrollTop
14/01/2014 22:48:15 (Std) 	[ImageManager] Deleted image: TaharezLook/WindowTopEdge
14/01/2014 22:48:15 (Std) 	[ImageManager] Deleted image: TaharezLook/WindowTopLeft
14/01/2014 22:48:15 (Std) 	[ImageManager] Deleted image: TaharezLook/CheckboxNormal
14/01/2014 22:48:15 (Std) 	[ImageManager] Deleted image: TaharezLook/ListboxTopLeft
14/01/2014 22:48:15 (Std) 	[ImageManager] Deleted image: TaharezLook/MenuBottomLeft
14/01/2014 22:48:15 (Std) 	[ImageManager] Deleted image: TaharezLook/MultiListRight
14/01/2014 22:48:15 (Std) 	[ImageManager] Deleted image: TaharezLook/SpinnerUpHover
14/01/2014 22:48:15 (Std) 	[ImageManager] Deleted image: TaharezLook/StaticBackdrop
14/01/2014 22:48:15 (Std) 	[ImageManager] Deleted image: TaharezLook/StaticTopRight
14/01/2014 22:48:15 (Std) 	[ImageManager] Deleted image: TaharezLook/TitlebarMiddle
14/01/2014 22:48:15 (Std) 	[ImageManager] Deleted image: TaharezLook/TooltipTopEdge
14/01/2014 22:48:15 (Std) 	[ImageManager] Deleted image: TaharezLook/TooltipTopLeft
14/01/2014 22:48:15 (Std) 	[ImageManager] Deleted image: TaharezLook/TreeListClosed
14/01/2014 22:48:15 (Std) 	[ImageManager] Deleted image: TaharezLook/TreeListOpened
14/01/2014 22:48:15 (Std) 	[ImageManager] Deleted image: TaharezLook/VertSliderBody
14/01/2014 22:48:15 (Std) 	[ImageManager] Deleted image: TaharezLook/WindowLeftEdge
14/01/2014 22:48:15 (Std) 	[ImageManager] Deleted image: TaharezLook/WindowTopRight
14/01/2014 22:48:15 (Std) 	[ImageManager] Deleted image: TaharezLook/AltProgressHalf
14/01/2014 22:48:15 (Std) 	[ImageManager] Deleted image: TaharezLook/AltProgressLeft
14/01/2014 22:48:15 (Std) 	[ImageManager] Deleted image: TaharezLook/ComboboxListTop
14/01/2014 22:48:15 (Std) 	[ImageManager] Deleted image: TaharezLook/HeaderBarSortUp
14/01/2014 22:48:15 (Std) 	[ImageManager] Deleted image: TaharezLook/ListboxBackdrop
14/01/2014 22:48:15 (Std) 	[ImageManager] Deleted image: TaharezLook/ListboxTopRight
14/01/2014 22:48:15 (Std) 	[ImageManager] Deleted image: TaharezLook/MenuBottomRight
14/01/2014 22:48:15 (Std) 	[ImageManager] Deleted image: TaharezLook/MouseEsWeCursor
14/01/2014 22:48:15 (Std) 	[ImageManager] Deleted image: TaharezLook/MouseMoveCursor
14/01/2014 22:48:15 (Std) 	[ImageManager] Deleted image: TaharezLook/MouseNeSwCursor
14/01/2014 22:48:15 (Std) 	[ImageManager] Deleted image: TaharezLook/MouseNoSoCursor
14/01/2014 22:48:15 (Std) 	[ImageManager] Deleted image: TaharezLook/MouseNwSeCursor
14/01/2014 22:48:15 (Std) 	[ImageManager] Deleted image: TaharezLook/MultiListBottom
14/01/2014 22:48:15 (Std) 	[ImageManager] Deleted image: TaharezLook/NewTitlebarLeft
14/01/2014 22:48:15 (Std) 	[ImageManager] Deleted image: TaharezLook/PopupMenuMiddle
14/01/2014 22:48:15 (Std) 	[ImageManager] Deleted image: TaharezLook/ProgressBarLeft
14/01/2014 22:48:15 (Std) 	[ImageManager] Deleted image: TaharezLook/RadioButtonMark
14/01/2014 22:48:15 (Std) 	[ImageManager] Deleted image: TaharezLook/SpinnerUpNormal
14/01/2014 22:48:15 (Std) 	[ImageManager] Deleted image: TaharezLook/TooltipLeftEdge
14/01/2014 22:48:15 (Std) 	[ImageManager] Deleted image: TaharezLook/TooltipTopRight
14/01/2014 22:48:15 (Std) 	[ImageManager] Deleted image: TaharezLook/WindowRightEdge
14/01/2014 22:48:15 (Std) 	[ImageManager] Deleted image: TaharezLook/AltProgressRight
14/01/2014 22:48:15 (Std) 	[ImageManager] Deleted image: TaharezLook/ButtonLeftNormal
14/01/2014 22:48:15 (Std) 	[ImageManager] Deleted image: TaharezLook/ButtonLeftPushed
14/01/2014 22:48:15 (Std) 	[ImageManager] Deleted image: TaharezLook/CloseButtonHover
14/01/2014 22:48:15 (Std) 	[ImageManager] Deleted image: TaharezLook/ComboboxEditLeft
14/01/2014 22:48:15 (Std) 	[ImageManager] Deleted image: TaharezLook/ComboboxListLeft
14/01/2014 22:48:15 (Std) 	[ImageManager] Deleted image: TaharezLook/MultiListTopLeft
14/01/2014 22:48:15 (Std) 	[ImageManager] Deleted image: TaharezLook/NewTitlebarRight
14/01/2014 22:48:15 (Std) 	[ImageManager] Deleted image: TaharezLook/ProgressBarRight
14/01/2014 22:48:15 (Std) 	[ImageManager] Deleted image: TaharezLook/RadioButtonHover
14/01/2014 22:48:15 (Std) 	[ImageManager] Deleted image: TaharezLook/SpinnerDownHover
14/01/2014 22:48:15 (Std) 	[ImageManager] Deleted image: TaharezLook/StaticBottomLeft
14/01/2014 22:48:15 (Std) 	[ImageManager] Deleted image: TaharezLook/TooltipRightEdge
14/01/2014 22:48:15 (Std) 	[ImageManager] Deleted image: TaharezLook/VertScrollBottom
14/01/2014 22:48:15 (Std) 	[ImageManager] Deleted image: TaharezLook/VertScrollMiddle
14/01/2014 22:48:15 (Std) 	[ImageManager] Deleted image: TaharezLook/WindowBottomEdge
14/01/2014 22:48:15 (Std) 	[ImageManager] Deleted image: TaharezLook/WindowBottomLeft
14/01/2014 22:48:15 (Std) 	[ImageManager] Deleted image: TaharezLook/AltProgressLight1
14/01/2014 22:48:15 (Std) 	[ImageManager] Deleted image: TaharezLook/AltProgressLight2
14/01/2014 22:48:15 (Std) 	[ImageManager] Deleted image: TaharezLook/AltProgressLight3
14/01/2014 22:48:15 (Std) 	[ImageManager] Deleted image: TaharezLook/AltProgressLight4
14/01/2014 22:48:15 (Std) 	[ImageManager] Deleted image: TaharezLook/AltProgressLight5
14/01/2014 22:48:15 (Std) 	[ImageManager] Deleted image: TaharezLook/AltProgressLight6
14/01/2014 22:48:15 (Std) 	[ImageManager] Deleted image: TaharezLook/AltProgressLight7
14/01/2014 22:48:15 (Std) 	[ImageManager] Deleted image: TaharezLook/AltProgressLight8
14/01/2014 22:48:15 (Std) 	[ImageManager] Deleted image: TaharezLook/AltProgressLight9
14/01/2014 22:48:15 (Std) 	[ImageManager] Deleted image: TaharezLook/AltProgressMiddle
14/01/2014 22:48:15 (Std) 	[ImageManager] Deleted image: TaharezLook/ButtonRightNormal
14/01/2014 22:48:15 (Std) 	[ImageManager] Deleted image: TaharezLook/ButtonRightPushed
14/01/2014 22:48:15 (Std) 	[ImageManager] Deleted image: TaharezLook/CloseButtonNormal
14/01/2014 22:48:15 (Std) 	[ImageManager] Deleted image: TaharezLook/ComboboxListRight
14/01/2014 22:48:15 (Std) 	[ImageManager] Deleted image: TaharezLook/HeaderBarSortDown
14/01/2014 22:48:15 (Std) 	[ImageManager] Deleted image: TaharezLook/ListboxBottomLeft
14/01/2014 22:48:15 (Std) 	[ImageManager] Deleted image: TaharezLook/MultiListBackdrop
14/01/2014 22:48:15 (Std) 	[ImageManager] Deleted image: TaharezLook/MultiListTopRight
14/01/2014 22:48:15 (Std) 	[ImageManager] Deleted image: TaharezLook/NewTitlebarMiddle
14/01/2014 22:48:15 (Std) 	[ImageManager] Deleted image: TaharezLook/PopupMenuFrameTop
14/01/2014 22:48:15 (Std) 	[ImageManager] Deleted image: TaharezLook/ProgressBarMiddle
14/01/2014 22:48:15 (Std) 	[ImageManager] Deleted image: TaharezLook/RadioButtonNormal
14/01/2014 22:48:15 (Std) 	[ImageManager] Deleted image: TaharezLook/SpinnerDownNormal
14/01/2014 22:48:15 (Std) 	[ImageManager] Deleted image: TaharezLook/StaticBottomRight
14/01/2014 22:48:15 (Std) 	[ImageManager] Deleted image: TaharezLook/TooltipBottomEdge
14/01/2014 22:48:15 (Std) 	[ImageManager] Deleted image: TaharezLook/TooltipBottomLeft
14/01/2014 22:48:15 (Std) 	[ImageManager] Deleted image: TaharezLook/VertScrollUpHover
14/01/2014 22:48:15 (Std) 	[ImageManager] Deleted image: TaharezLook/WindowBottomRight
14/01/2014 22:48:15 (Std) 	[ImageManager] Deleted image: TaharezLook/AltProgressLight10
14/01/2014 22:48:15 (Std) 	[ImageManager] Deleted image: TaharezLook/AltProgressQuarter
14/01/2014 22:48:15 (Std) 	[ImageManager] Deleted image: TaharezLook/ButtonMiddleNormal
14/01/2014 22:48:15 (Std) 	[ImageManager] Deleted image: TaharezLook/ButtonMiddlePushed
14/01/2014 22:48:15 (Std) 	[ImageManager] Deleted image: TaharezLook/CloseButtonPressed
14/01/2014 22:48:15 (Std) 	[ImageManager] Deleted image: TaharezLook/ComboboxEditMiddle
14/01/2014 22:48:15 (Std) 	[ImageManager] Deleted image: TaharezLook/ComboboxListBottom
14/01/2014 22:48:15 (Std) 	[ImageManager] Deleted image: TaharezLook/ListboxBottomRight
14/01/2014 22:48:15 (Std) 	[ImageManager] Deleted image: TaharezLook/PopupMenuArrowLeft
14/01/2014 22:48:15 (Std) 	[ImageManager] Deleted image: TaharezLook/PopupMenuFrameLeft
14/01/2014 22:48:15 (Std) 	[ImageManager] Deleted image: TaharezLook/TabContentPaneLeft
14/01/2014 22:48:15 (Std) 	[ImageManager] Deleted image: TaharezLook/TextSelectionBrush
14/01/2014 22:48:15 (Std) 	[ImageManager] Deleted image: TaharezLook/TooltipBottomRight
14/01/2014 22:48:15 (Std) 	[ImageManager] Deleted image: TaharezLook/VertScrollUpNormal
14/01/2014 22:48:15 (Std) 	[ImageManager] Deleted image: TaharezLook/ButtonLeftHighlight
14/01/2014 22:48:15 (Std) 	[ImageManager] Deleted image: TaharezLook/ComboboxDividerLeft
14/01/2014 22:48:15 (Std) 	[ImageManager] Deleted image: TaharezLook/ComboboxListTopLeft
14/01/2014 22:48:15 (Std) 	[ImageManager] Deleted image: TaharezLook/MultiLineEditboxTop
14/01/2014 22:48:15 (Std) 	[ImageManager] Deleted image: TaharezLook/MultiListBottomLeft
14/01/2014 22:48:15 (Std) 	[ImageManager] Deleted image: TaharezLook/NewCloseButtonHover
14/01/2014 22:48:15 (Std) 	[ImageManager] Deleted image: TaharezLook/PopupMenuArrowRight
14/01/2014 22:48:15 (Std) 	[ImageManager] Deleted image: TaharezLook/PopupMenuFrameRight
14/01/2014 22:48:15 (Std) 	[ImageManager] Deleted image: TaharezLook/TabButtonLeftNormal
14/01/2014 22:48:15 (Std) 	[ImageManager] Deleted image: TaharezLook/TabContentPaneLower
14/01/2014 22:48:15 (Std) 	[ImageManager] Deleted image: TaharezLook/TabContentPaneRight
14/01/2014 22:48:15 (Std) 	[ImageManager] Deleted image: TaharezLook/TabContentPaneUpper
14/01/2014 22:48:15 (Std) 	[ImageManager] Deleted image: TaharezLook/TabHorizontalFiller
14/01/2014 22:48:15 (Std) 	[ImageManager] Deleted image: TaharezLook/VertScrollDownHover
14/01/2014 22:48:15 (Std) 	[ImageManager] Deleted image: TaharezLook/ButtonRightHighlight
14/01/2014 22:48:15 (Std) 	[ImageManager] Deleted image: TaharezLook/ComboboxDividerRight
14/01/2014 22:48:15 (Std) 	[ImageManager] Deleted image: TaharezLook/ComboboxListBackdrop
14/01/2014 22:48:15 (Std) 	[ImageManager] Deleted image: TaharezLook/ComboboxListTopRight
14/01/2014 22:48:15 (Std) 	[ImageManager] Deleted image: TaharezLook/MultiLineEditboxLeft
14/01/2014 22:48:15 (Std) 	[ImageManager] Deleted image: TaharezLook/MultiListBottomRight
14/01/2014 22:48:15 (Std) 	[ImageManager] Deleted image: TaharezLook/NewCloseButtonNormal
14/01/2014 22:48:15 (Std) 	[ImageManager] Deleted image: TaharezLook/PopupMenuFrameBottom
14/01/2014 22:48:15 (Std) 	[ImageManager] Deleted image: TaharezLook/TabButtonLowerNormal
14/01/2014 22:48:15 (Std) 	[ImageManager] Deleted image: TaharezLook/TabButtonRightNormal
14/01/2014 22:48:15 (Std) 	[ImageManager] Deleted image: TaharezLook/TabButtonUpperNormal
14/01/2014 22:48:15 (Std) 	[ImageManager] Deleted image: TaharezLook/TabContentPaneMiddle
14/01/2014 22:48:15 (Std) 	[ImageManager] Deleted image: TaharezLook/VertScrollBarSegment
14/01/2014 22:48:15 (Std) 	[ImageManager] Deleted image: TaharezLook/VertScrollDownNormal
14/01/2014 22:48:15 (Std) 	[ImageManager] Deleted image: TaharezLook/VertScrollThumbHover
14/01/2014 22:48:15 (Std) 	[ImageManager] Deleted image: TaharezLook/VertSliderThumbHover
14/01/2014 22:48:15 (Std) 	[ImageManager] Deleted image: TaharezLook/ButtonMiddleHighlight
14/01/2014 22:48:15 (Std) 	[ImageManager] Deleted image: TaharezLook/ComboboxDividerMiddle
14/01/2014 22:48:15 (Std) 	[ImageManager] Deleted image: TaharezLook/ListboxSelectionBrush
14/01/2014 22:48:15 (Std) 	[ImageManager] Deleted image: TaharezLook/MiniVertScrollUpHover
14/01/2014 22:48:15 (Std) 	[ImageManager] Deleted image: TaharezLook/MultiLineEditboxRight
14/01/2014 22:48:15 (Std) 	[ImageManager] Deleted image: TaharezLook/NewCloseButtonPressed
14/01/2014 22:48:15 (Std) 	[ImageManager] Deleted image: TaharezLook/PopupMenuFrameTopLeft
14/01/2014 22:48:15 (Std) 	[ImageManager] Deleted image: TaharezLook/ProgressBarDimSegment
14/01/2014 22:48:15 (Std) 	[ImageManager] Deleted image: TaharezLook/ProgressBarLitSegment
14/01/2014 22:48:15 (Std) 	[ImageManager] Deleted image: TaharezLook/TabButtonLeftSelected
14/01/2014 22:48:15 (Std) 	[ImageManager] Deleted image: TaharezLook/TabButtonMiddleNormal
14/01/2014 22:48:15 (Std) 	[ImageManager] Deleted image: TaharezLook/VertScrollThumbNormal
14/01/2014 22:48:15 (Std) 	[ImageManager] Deleted image: TaharezLook/VertSliderThumbNormal
14/01/2014 22:48:15 (Std) 	[ImageManager] Deleted image: TaharezLook/ComboboxListBottomLeft
14/01/2014 22:48:15 (Std) 	[ImageManager] Deleted image: TaharezLook/ComboboxSelectionBrush
14/01/2014 22:48:15 (Std) 	[ImageManager] Deleted image: TaharezLook/HeaderBarBackdropHover
14/01/2014 22:48:15 (Std) 	[ImageManager] Deleted image: TaharezLook/HeaderBarSplitterHover
14/01/2014 22:48:15 (Std) 	[ImageManager] Deleted image: TaharezLook/MiniVertScrollUpNormal
14/01/2014 22:48:15 (Std) 	[ImageManager] Deleted image: TaharezLook/MultiLineEditboxBottom
14/01/2014 22:48:15 (Std) 	[ImageManager] Deleted image: TaharezLook/PopupMenuFrameTopRight
14/01/2014 22:48:15 (Std) 	[ImageManager] Deleted image: TaharezLook/TabButtonLowerSelected
14/01/2014 22:48:15 (Std) 	[ImageManager] Deleted image: TaharezLook/TabButtonRightSelected
14/01/2014 22:48:15 (Std) 	[ImageManager] Deleted image: TaharezLook/TabButtonUpperSelected
14/01/2014 22:48:15 (Std) 	[ImageManager] Deleted image: TaharezLook/ComboboxListBottomRight
14/01/2014 22:48:15 (Std) 	[ImageManager] Deleted image: TaharezLook/ComboboxListButtonHover
14/01/2014 22:48:15 (Std) 	[ImageManager] Deleted image: TaharezLook/HeaderBarBackdropNormal
14/01/2014 22:48:15 (Std) 	[ImageManager] Deleted image: TaharezLook/HeaderBarSplitterNormal
14/01/2014 22:48:15 (Std) 	[ImageManager] Deleted image: TaharezLook/MiniHorzScrollLeftHover
14/01/2014 22:48:15 (Std) 	[ImageManager] Deleted image: TaharezLook/MiniVertScrollDownHover
14/01/2014 22:48:15 (Std) 	[ImageManager] Deleted image: TaharezLook/MultiLineEditboxTopLeft
14/01/2014 22:48:15 (Std) 	[ImageManager] Deleted image: TaharezLook/MultiListSelectionBrush
14/01/2014 22:48:15 (Std) 	[ImageManager] Deleted image: TaharezLook/TabButtonMiddleSelected
14/01/2014 22:48:15 (Std) 	[ImageManager] Deleted image: TaharezLook/TabContentPaneLowerLeft
14/01/2014 22:48:15 (Std) 	[ImageManager] Deleted image: TaharezLook/TabContentPaneUpperLeft
14/01/2014 22:48:15 (Std) 	[ImageManager] Deleted image: TaharezLook/ComboboxListButtonNormal
14/01/2014 22:48:15 (Std) 	[ImageManager] Deleted image: TaharezLook/MiniHorzScrollBarSegment
14/01/2014 22:48:15 (Std) 	[ImageManager] Deleted image: TaharezLook/MiniHorzScrollLeftNormal
14/01/2014 22:48:15 (Std) 	[ImageManager] Deleted image: TaharezLook/MiniHorzScrollRightHover
14/01/2014 22:48:15 (Std) 	[ImageManager] Deleted image: TaharezLook/MiniHorzScrollThumbHover
14/01/2014 22:48:15 (Std) 	[ImageManager] Deleted image: TaharezLook/MiniVertScrollBarSegment
14/01/2014 22:48:15 (Std) 	[ImageManager] Deleted image: TaharezLook/MiniVertScrollDownNormal
14/01/2014 22:48:15 (Std) 	[ImageManager] Deleted image: TaharezLook/MiniVertScrollThumbHover
14/01/2014 22:48:15 (Std) 	[ImageManager] Deleted image: TaharezLook/MultiLineEditboxBackdrop
14/01/2014 22:48:15 (Std) 	[ImageManager] Deleted image: TaharezLook/MultiLineEditboxTopRight
14/01/2014 22:48:15 (Std) 	[ImageManager] Deleted image: TaharezLook/PopupMenuFrameBottomLeft
14/01/2014 22:48:15 (Std) 	[ImageManager] Deleted image: TaharezLook/TabButtonLowerLeftNormal
14/01/2014 22:48:15 (Std) 	[ImageManager] Deleted image: TaharezLook/TabButtonScrollLeftHover
14/01/2014 22:48:15 (Std) 	[ImageManager] Deleted image: TaharezLook/TabButtonUpperLeftNormal
14/01/2014 22:48:15 (Std) 	[ImageManager] Deleted image: TaharezLook/TabContentPaneLowerRight
14/01/2014 22:48:15 (Std) 	[ImageManager] Deleted image: TaharezLook/TabContentPaneUpperRight
14/01/2014 22:48:15 (Std) 	[ImageManager] Deleted image: TaharezLook/MiniHorzScrollRightNormal
14/01/2014 22:48:15 (Std) 	[ImageManager] Deleted image: TaharezLook/MiniHorzScrollThumbNormal
14/01/2014 22:48:15 (Std) 	[ImageManager] Deleted image: TaharezLook/MiniVertScrollThumbNormal
14/01/2014 22:48:15 (Std) 	[ImageManager] Deleted image: TaharezLook/PopupMenuFrameBottomRight
14/01/2014 22:48:15 (Std) 	[ImageManager] Deleted image: TaharezLook/TabButtonLowerRightNormal
14/01/2014 22:48:15 (Std) 	[ImageManager] Deleted image: TaharezLook/TabButtonScrollLeftNormal
14/01/2014 22:48:15 (Std) 	[ImageManager] Deleted image: TaharezLook/TabButtonScrollRightHover
14/01/2014 22:48:15 (Std) 	[ImageManager] Deleted image: TaharezLook/TabButtonUpperLeft2Normal
14/01/2014 22:48:15 (Std) 	[ImageManager] Deleted image: TaharezLook/TabButtonUpperRightNormal
14/01/2014 22:48:15 (Std) 	[ImageManager] Deleted image: TaharezLook/MultiLineEditboxBottomLeft
14/01/2014 22:48:15 (Std) 	[ImageManager] Deleted image: TaharezLook/TabButtonLowerLeftSelected
14/01/2014 22:48:15 (Std) 	[ImageManager] Deleted image: TaharezLook/TabButtonLowerRight2Normal
14/01/2014 22:48:15 (Std) 	[ImageManager] Deleted image: TaharezLook/TabButtonScrollRightNormal
14/01/2014 22:48:15 (Std) 	[ImageManager] Deleted image: TaharezLook/TabButtonUpperLeftSelected
14/01/2014 22:48:15 (Std) 	[ImageManager] Deleted image: TaharezLook/MiniVertScrollThumbTopHover
14/01/2014 22:48:15 (Std) 	[ImageManager] Deleted image: TaharezLook/MultiLineEditboxBottomRight
14/01/2014 22:48:15 (Std) 	[ImageManager] Deleted image: TaharezLook/TabButtonLowerRightSelected
14/01/2014 22:48:15 (Std) 	[ImageManager] Deleted image: TaharezLook/TabButtonUpperRightSelected
14/01/2014 22:48:15 (Std) 	[ImageManager] Deleted image: TaharezLook/MiniHorzScrollThumbLeftHover
14/01/2014 22:48:15 (Std) 	[ImageManager] Deleted image: TaharezLook/MiniVertScrollThumbTopNormal
14/01/2014 22:48:15 (Std) 	[ImageManager] Deleted image: TaharezLook/MiniHorzScrollThumbLeftNormal
14/01/2014 22:48:15 (Std) 	[ImageManager] Deleted image: TaharezLook/MiniHorzScrollThumbRightHover
14/01/2014 22:48:15 (Std) 	[ImageManager] Deleted image: TaharezLook/MiniHorzScrollThumbMiddleHover
14/01/2014 22:48:15 (Std) 	[ImageManager] Deleted image: TaharezLook/MiniHorzScrollThumbRightNormal
14/01/2014 22:48:15 (Std) 	[ImageManager] Deleted image: TaharezLook/MiniVertScrollThumbBottomHover
14/01/2014 22:48:15 (Std) 	[ImageManager] Deleted image: TaharezLook/MiniVertScrollThumbMiddleHover
14/01/2014 22:48:15 (Std) 	[ImageManager] Deleted image: TaharezLook/MultiLineEditboxSelectionBrush
14/01/2014 22:48:15 (Std) 	[ImageManager] Deleted image: TaharezLook/MiniHorzScrollThumbMiddleNormal
14/01/2014 22:48:15 (Std) 	[ImageManager] Deleted image: TaharezLook/MiniVertScrollThumbBottomNormal
14/01/2014 22:48:15 (Std) 	[ImageManager] Deleted image: TaharezLook/MiniVertScrollThumbMiddleNormal
14/01/2014 22:48:15 (Std) 	[CEGUI::ImageManager] Unregistered Image type: BasicImage
14/01/2014 22:48:15 (Std) 	[CEGUI::ImageManager] Singleton destroyed (0x1fb65b0)
14/01/2014 22:48:15 (Std) 	CEGUI::GlobalEventSet singleton destroyed. (0x1e0b6e0)
14/01/2014 22:48:15 (Std) 	CEGUI::System singleton destroyed. (0x1ec6060)
14/01/2014 22:48:15 (Std) 	---- CEGUI System destruction completed ----
14/01/2014 22:48:15 (Std) 	CEGUI::Logger singleton destroyed. (0x203e630)
