22:47:06: Creating resource group General
22:47:06: Creating resource group Internal
22:47:06: Creating resource group Autodetect
22:47:06: SceneManagerFactory for type 'DefaultSceneManager' registered.
22:47:06: Registering ResourceManager for type Material
22:47:06: Registering ResourceManager for type Mesh
22:47:06: Registering ResourceManager for type Skeleton
22:47:06: MovableObjectFactory for type 'ParticleSystem' registered.
22:47:06: OverlayElementFactory for type Panel registered.
22:47:06: OverlayElementFactory for type BorderPanel registered.
22:47:06: OverlayElementFactory for type TextArea registered.
22:47:06: Registering ResourceManager for type Font
22:47:06: ArchiveFactory for archive type FileSystem registered.
22:47:06: ArchiveFactory for archive type Zip registered.
22:47:06: ArchiveFactory for archive type EmbeddedZip registered.
22:47:06: DDS codec registering
22:47:06: FreeImage version: 3.15.3
22:47:06: This program uses FreeImage, a free, open source image library supporting all common bitmap formats. See http://freeimage.sourceforge.net for details
22:47:06: Supported formats: bmp,ico,jpg,jif,jpeg,jpe,jng,koa,iff,lbm,mng,pbm,pbm,pcd,pcx,pgm,pgm,png,ppm,ppm,ras,tga,targa,tif,tiff,wap,wbmp,wbm,psd,cut,xbm,xpm,gif,hdr,g3,sgi,exr,j2k,j2c,jp2,pfm,pct,pict,pic,3fr,arw,bay,bmq,cap,cine,cr2,crw,cs1,dc2,dcr,drf,dsc,dng,erf,fff,ia,iiq,k25,kc2,kdc,mdc,mef,mos,mrw,nef,nrw,orf,pef,ptx,pxn,qtk,raf,raw,rdc,rw2,rwl,rwz,sr2,srf,srw,sti
22:47:06: Registering ResourceManager for type HighLevelGpuProgram
22:47:06: Registering ResourceManager for type Compositor
22:47:06: MovableObjectFactory for type 'Entity' registered.
22:47:06: MovableObjectFactory for type 'Light' registered.
22:47:06: MovableObjectFactory for type 'BillboardSet' registered.
22:47:06: MovableObjectFactory for type 'ManualObject' registered.
22:47:06: MovableObjectFactory for type 'BillboardChain' registered.
22:47:06: MovableObjectFactory for type 'RibbonTrail' registered.
22:47:06: Loading library .\RenderSystem_Direct3D9
22:47:06: Installing plugin: D3D9 RenderSystem
22:47:06: D3D9 : Direct3D9 Rendering Subsystem created.
22:47:06: D3D9: Driver Detection Starts
22:47:06: D3D9: Driver Detection Ends
22:47:06: Plugin successfully installed
22:47:06: Loading library .\RenderSystem_GL
22:47:06: Installing plugin: GL RenderSystem
22:47:06: OpenGL Rendering Subsystem created.
22:47:06: Plugin successfully installed
22:47:06: Loading library .\Plugin_ParticleFX
22:47:06: Installing plugin: ParticleFX
22:47:06: Particle Emitter Type 'Point' registered
22:47:06: Particle Emitter Type 'Box' registered
22:47:06: Particle Emitter Type 'Ellipsoid' registered
22:47:06: Particle Emitter Type 'Cylinder' registered
22:47:06: Particle Emitter Type 'Ring' registered
22:47:06: Particle Emitter Type 'HollowEllipsoid' registered
22:47:06: Particle Affector Type 'LinearForce' registered
22:47:06: Particle Affector Type 'ColourFader' registered
22:47:06: Particle Affector Type 'ColourFader2' registered
22:47:06: Particle Affector Type 'ColourImage' registered
22:47:06: Particle Affector Type 'ColourInterpolator' registered
22:47:06: Particle Affector Type 'Scaler' registered
22:47:06: Particle Affector Type 'Rotator' registered
22:47:06: Particle Affector Type 'DirectionRandomiser' registered
22:47:06: Particle Affector Type 'DeflectorPlane' registered
22:47:06: Plugin successfully installed
22:47:06: Loading library .\Plugin_BSPSceneManager
22:47:06: Installing plugin: BSP Scene Manager
22:47:06: Plugin successfully installed
22:47:06: Loading library .\Plugin_OctreeSceneManager
22:47:06: Installing plugin: Octree Scene Manager
22:47:06: Plugin successfully installed
22:47:06: Loading library .\Plugin_CgProgramManager
22:47:06: Installing plugin: Cg Program Manager
22:47:06: Plugin successfully installed
22:47:06: *-*-* OGRE Initialising
22:47:06: *-*-* Version 1.8.1 (Byatis)
22:47:06: Creating resource group Essential
22:47:06: Added resource location 'Media/thumbnails' of type 'FileSystem' to resource group 'Essential'
22:47:06: Added resource location 'Media/packs/SdkTrays.zip' of type 'Zip' to resource group 'Essential'
22:47:06: Added resource location 'Media/packs/profiler.zip' of type 'Zip' to resource group 'Essential'
22:47:06: Creating resource group Fonts
22:47:06: Added resource location 'Media/cegui/fonts' of type 'FileSystem' to resource group 'Fonts'
22:47:06: Added resource location 'Media' of type 'FileSystem' to resource group 'General'
22:47:06: Creating resource group Imagesets
22:47:06: Added resource location 'Media/cegui/imagesets' of type 'FileSystem' to resource group 'Imagesets'
22:47:06: Creating resource group Layouts
22:47:06: Added resource location 'Media/cegui/layouts' of type 'FileSystem' to resource group 'Layouts'
22:47:06: Creating resource group LookNFeel
22:47:06: Added resource location 'Media/cegui/looknfeel' of type 'FileSystem' to resource group 'LookNFeel'
22:47:06: Creating resource group Popular
22:47:06: Added resource location 'Media/fonts' of type 'FileSystem' to resource group 'Popular'
22:47:06: Added resource location 'Media/materials/programs' of type 'FileSystem' to resource group 'Popular'
22:47:06: Added resource location 'Media/materials/scripts' of type 'FileSystem' to resource group 'Popular'
22:47:06: Added resource location 'Media/materials/textures' of type 'FileSystem' to resource group 'Popular'
22:47:06: Added resource location 'Media/materials/textures/nvidia' of type 'FileSystem' to resource group 'Popular'
22:47:06: Added resource location 'Media/models' of type 'FileSystem' to resource group 'Popular'
22:47:06: Added resource location 'Media/materials/scripts/SSAO' of type 'FileSystem' to resource group 'Popular'
22:47:06: Added resource location 'Media/materials/textures/SSAO' of type 'FileSystem' to resource group 'Popular'
22:47:06: Added resource location 'Media/packs/skybox.zip' of type 'Zip' to resource group 'Popular'
22:47:06: Creating resource group Schemes
22:47:06: Added resource location 'Media/cegui/schemes' of type 'FileSystem' to resource group 'Schemes'
22:47:06: D3D9 : RenderSystem Option: Allow NVPerfHUD = No
22:47:06: D3D9 : RenderSystem Option: FSAA = 0
22:47:06: D3D9 : RenderSystem Option: Fixed Pipeline Enabled = Yes
22:47:06: D3D9 : RenderSystem Option: Floating-point mode = Fastest
22:47:06: D3D9 : RenderSystem Option: Full Screen = Yes
22:47:06: D3D9 : RenderSystem Option: Multi device memory hint = Use minimum system memory
22:47:06: D3D9 : RenderSystem Option: Rendering Device = Monitor-1-Intel(R) HD Graphics 3000
22:47:06: D3D9 : RenderSystem Option: Resource Creation Policy = Create on all devices
22:47:06: D3D9 : RenderSystem Option: Use Multihead = Auto
22:47:06: D3D9 : RenderSystem Option: VSync = No
22:47:06: D3D9 : RenderSystem Option: VSync Interval = 1
22:47:06: D3D9 : RenderSystem Option: Video Mode = 800 x 600 @ 32-bit colour
22:47:06: D3D9 : RenderSystem Option: sRGB Gamma Conversion = No
22:47:06: CPU Identifier & Features
22:47:06: -------------------------
22:47:06:  *   CPU ID: GenuineIntel: Intel(R) Core(TM) i5-2450M CPU @ 2.50GHz
22:47:06:  *      SSE: yes
22:47:06:  *     SSE2: yes
22:47:06:  *     SSE3: yes
22:47:06:  *      MMX: yes
22:47:06:  *   MMXEXT: yes
22:47:06:  *    3DNOW: no
22:47:06:  * 3DNOWEXT: no
22:47:06:  *     CMOV: yes
22:47:06:  *      TSC: yes
22:47:06:  *      FPU: yes
22:47:06:  *      PRO: yes
22:47:06:  *       HT: no
22:47:06: -------------------------
22:47:06: *** Starting Win32GL Subsystem ***
22:47:06: Registering ResourceManager for type Texture
22:47:06: GLRenderSystem::_createRenderWindow "TutorialApplication Render Window", 1366x768 fullscreen  miscParams: FSAA=0 FSAAHint= colourDepth=32 displayFrequency=60 gamma=false vsync=false vsyncInterval=1 
22:47:06: Created Win32Window 'TutorialApplication Render Window' : 1366x768, 32bpp
22:47:06: GL_VERSION = 3.1.0 - Build 9.17.10.2875
22:47:06: GL_VENDOR = Intel
22:47:06: GL_RENDERER = Intel(R) HD Graphics 3000
22:47:06: GL_EXTENSIONS = GL_EXT_blend_minmax GL_EXT_blend_subtract GL_EXT_blend_color GL_EXT_abgr GL_EXT_texture3D GL_EXT_clip_volume_hint GL_EXT_compiled_vertex_array GL_SGIS_texture_edge_clamp GL_SGIS_generate_mipmap GL_EXT_draw_range_elements GL_SGIS_texture_lod GL_EXT_rescale_normal GL_EXT_packed_pixels GL_EXT_texture_edge_clamp GL_EXT_separate_specular_color GL_ARB_multitexture GL_EXT_texture_env_combine GL_EXT_bgra GL_EXT_blend_func_separate GL_EXT_secondary_color GL_EXT_fog_coord GL_EXT_texture_env_add GL_ARB_texture_cube_map GL_ARB_transpose_matrix GL_ARB_texture_env_add GL_IBM_texture_mirrored_repeat GL_EXT_multi_draw_arrays GL_NV_blend_square GL_ARB_texture_compression GL_3DFX_texture_compression_FXT1 GL_EXT_texture_filter_anisotropic GL_ARB_texture_border_clamp GL_ARB_point_parameters GL_ARB_texture_env_combine GL_ARB_texture_env_dot3 GL_ARB_texture_env_crossbar GL_EXT_texture_compression_s3tc GL_ARB_shadow GL_ARB_window_pos GL_EXT_shadow_funcs GL_EXT_stencil_wrap GL_ARB_vertex_program GL_EXT_texture_rectangle GL_ARB_fragment_program GL_EXT_stencil_two_side GL_ATI_separate_stencil GL_ARB_vertex_buffer_object GL_EXT_texture_lod_bias GL_ARB_occlusion_query GL_ARB_fragment_shader GL_ARB_shader_objects GL_ARB_shading_language_100 GL_ARB_texture_non_power_of_two GL_ARB_vertex_shader GL_NV_texgen_reflection GL_ARB_point_sprite GL_ARB_fragment_program_shadow GL_EXT_blend_equation_separate GL_ARB_depth_texture GL_ARB_texture_rectangle GL_ARB_draw_buffers GL_ARB_color_buffer_float GL_ARB_half_float_pixel GL_ARB_texture_float GL_ARB_pixel_buffer_object GL_EXT_framebuffer_object GL_ARB_draw_instanced GL_ARB_half_float_vertex GL_ARB_occlusion_query2 GL_EXT_draw_buffers2 GL_WIN_swap_hint GL_EXT_texture_sRGB GL_ARB_multisample GL_EXT_packed_float GL_EXT_texture_shared_exponent GL_ARB_texture_rg GL_ARB_texture_compression_rgtc GL_NV_conditional_render GL_EXT_texture_swizzle GL_ARB_sync GL_ARB_framebuffer_sRGB GL_EXT_packed_depth_stencil GL_ARB_depth_buffer_float GL_EXT_transform_feedback GL_EXT_framebuffer_blit GL_EXT_framebuffer_multisample GL_ARB_framebuffer_object GL_EXT_texture_array GL_EXT_texture_integer GL_ARB_map_buffer_range GL_EXT_texture_snorm GL_INTEL_performance_queries GL_ARB_copy_buffer GL_ARB_sampler_objects GL_NV_primitive_restart GL_ARB_seamless_cube_map GL_ARB_uniform_buffer_object GL_ARB_depth_clamp GL_ARB_vertex_array_bgra GL_ARB_shader_bit_encoding GL_ARB_draw_buffers_blend GL_ARB_texture_query_lod GL_ARB_explicit_attrib_location GL_ARB_draw_elements_base_vertex GL_ARB_instanced_arrays GL_ARB_fragment_coord_conventions GL_EXT_gpu_program_parameters GL_ARB_texture_buffer_object_rgb32 GL_ARB_compatibility GL_ARB_texture_rgb10_a2ui GL_ARB_vertex_type_2_10_10_10_rev GL_ARB_timer_query GL_INTEL_map_texture GL_ARB_vertex_array_object GL_ARB_provoking_vertex 
22:47:06: Supported WGL extensions: WGL_EXT_depth_float WGL_ARB_buffer_region WGL_ARB_extensions_string WGL_ARB_make_current_read WGL_ARB_pixel_format WGL_ARB_pbuffer WGL_EXT_extensions_string WGL_EXT_swap_control WGL_EXT_swap_control_tear WGL_ARB_multisample WGL_ARB_pixel_format_float WGL_ARB_framebuffer_sRGB WGL_ARB_create_context WGL_EXT_pixel_format_packed_float 
22:47:06: ***************************
22:47:06: *** GL Renderer Started ***
22:47:06: ***************************
22:47:06: Registering ResourceManager for type GpuProgram
22:47:06: GLSL support detected
22:47:06: GL: Using GL_EXT_framebuffer_object for rendering to textures (best)
22:47:06: FBO PF_UNKNOWN depth/stencil support: D0S1 D0S4 D0S8 D0S16 D16S0 D24S0 D32S0 Packed-D24S8 
22:47:06: FBO PF_A8 depth/stencil support: D0S0 D0S1 D0S4 D0S8 D0S16 D16S0 D24S0 D32S0 Packed-D24S8 
22:47:06: FBO PF_R5G6B5 depth/stencil support: D0S0 D0S1 D0S4 D0S8 D0S16 D16S0 D24S0 D32S0 Packed-D24S8 
22:47:07: FBO PF_B5G6R5 depth/stencil support: D0S0 D0S1 D0S4 D0S8 D0S16 D16S0 D24S0 D32S0 Packed-D24S8 
22:47:07: FBO PF_R8G8B8 depth/stencil support: D0S0 D0S1 D0S4 D0S8 D0S16 D16S0 D24S0 D32S0 Packed-D24S8 
22:47:07: FBO PF_B8G8R8 depth/stencil support: D0S0 D0S1 D0S4 D0S8 D0S16 D16S0 D24S0 D32S0 Packed-D24S8 
22:47:07: FBO PF_A8R8G8B8 depth/stencil support: D0S0 D0S1 D0S4 D0S8 D0S16 D16S0 D24S0 D32S0 Packed-D24S8 
22:47:07: FBO PF_B8G8R8A8 depth/stencil support: D0S0 D0S1 D0S4 D0S8 D0S16 D16S0 D24S0 D32S0 Packed-D24S8 
22:47:07: FBO PF_A2R10G10B10 depth/stencil support: D0S0 D0S1 D0S4 D0S8 D0S16 D16S0 D24S0 D32S0 Packed-D24S8 
22:47:07: FBO PF_A2B10G10R10 depth/stencil support: D0S0 D0S1 D0S4 D0S8 D0S16 D16S0 D24S0 D32S0 Packed-D24S8 
22:47:07: FBO PF_FLOAT16_RGB depth/stencil support: D0S0 D0S1 D0S4 D0S8 D0S16 D16S0 D24S0 D32S0 Packed-D24S8 
22:47:07: FBO PF_FLOAT16_RGBA depth/stencil support: D0S0 D0S1 D0S4 D0S8 D0S16 D16S0 D24S0 D32S0 Packed-D24S8 
22:47:07: FBO PF_FLOAT32_RGB depth/stencil support: D0S0 D0S1 D0S4 D0S8 D0S16 D16S0 D24S0 D32S0 Packed-D24S8 
22:47:07: FBO PF_FLOAT32_RGBA depth/stencil support: D0S0 D0S1 D0S4 D0S8 D0S16 D16S0 D24S0 D32S0 Packed-D24S8 
22:47:07: FBO PF_X8R8G8B8 depth/stencil support: D0S0 D0S1 D0S4 D0S8 D0S16 D16S0 D24S0 D32S0 Packed-D24S8 
22:47:07: FBO PF_X8B8G8R8 depth/stencil support: D0S0 D0S1 D0S4 D0S8 D0S16 D16S0 D24S0 D32S0 Packed-D24S8 
22:47:07: FBO PF_SHORT_RGBA depth/stencil support: D0S0 D0S1 D0S4 D0S8 D0S16 D16S0 D24S0 D32S0 Packed-D24S8 
22:47:07: FBO PF_R3G3B2 depth/stencil support: D0S0 D0S1 D0S4 D0S8 D0S16 D16S0 D24S0 D32S0 Packed-D24S8 
22:47:07: FBO PF_SHORT_RGB depth/stencil support: D0S0 D0S1 D0S4 D0S8 D0S16 D16S0 D24S0 D32S0 Packed-D24S8 
22:47:07: [GL] : Valid FBO targets PF_UNKNOWN PF_A8 PF_R5G6B5 PF_B5G6R5 PF_R8G8B8 PF_B8G8R8 PF_A8R8G8B8 PF_B8G8R8A8 PF_A2R10G10B10 PF_A2B10G10R10 PF_FLOAT16_RGB PF_FLOAT16_RGBA PF_FLOAT32_RGB PF_FLOAT32_RGBA PF_X8R8G8B8 PF_X8B8G8R8 PF_SHORT_RGBA PF_R3G3B2 PF_SHORT_RGB 
22:47:07: RenderSystem capabilities
22:47:07: -------------------------
22:47:07: RenderSystem Name: OpenGL Rendering Subsystem
22:47:07: GPU Vendor: intel
22:47:07: Device Name: Intel(R) HD Graphics 3000
22:47:07: Driver Version: 3.1.0.0
22:47:07:  * Fixed function pipeline: yes
22:47:07:  * Hardware generation of mipmaps: no
22:47:07:  * Texture blending: yes
22:47:07:  * Anisotropic texture filtering: yes
22:47:07:  * Dot product texture operation: yes
22:47:07:  * Cube mapping: yes
22:47:07:  * Hardware stencil buffer: yes
22:47:07:    - Stencil depth: 8
22:47:07:    - Two sided stencil support: yes
22:47:07:    - Wrap stencil values: yes
22:47:07:  * Hardware vertex / index buffers: yes
22:47:07:  * Vertex programs: yes
22:47:07:  * Number of floating-point constants for vertex programs: 256
22:47:07:  * Number of integer constants for vertex programs: 0
22:47:07:  * Number of boolean constants for vertex programs: 0
22:47:07:  * Fragment programs: yes
22:47:07:  * Number of floating-point constants for fragment programs: 256
22:47:07:  * Number of integer constants for fragment programs: 0
22:47:07:  * Number of boolean constants for fragment programs: 0
22:47:07:  * Geometry programs: no
22:47:07:  * Number of floating-point constants for geometry programs: 695
22:47:07:  * Number of integer constants for geometry programs: 42556
22:47:07:  * Number of boolean constants for geometry programs: 695
22:47:07:  * Supported Shader Profiles: arbfp1 arbvp1 glsl
22:47:07:  * Texture Compression: yes
22:47:07:    - DXT: yes
22:47:07:    - VTC: no
22:47:07:    - PVRTC: no
22:47:07:  * Scissor Rectangle: yes
22:47:07:  * Hardware Occlusion Query: yes
22:47:07:  * User clip planes: yes
22:47:07:  * VET_UBYTE4 vertex element type: yes
22:47:07:  * Infinite far plane projection: yes
22:47:07:  * Hardware render-to-texture: yes
22:47:07:  * Floating point textures: yes
22:47:07:  * Non-power-of-two textures: yes
22:47:07:  * Volume textures: yes
22:47:07:  * Multiple Render Targets: 8
22:47:07:    - With different bit depths: yes
22:47:07:  * Point Sprites: yes
22:47:07:  * Extended point parameters: yes
22:47:07:  * Max Point Size: 255
22:47:07:  * Vertex texture fetch: yes
22:47:07:  * Number of world matrices: 0
22:47:07:  * Number of texture units: 16
22:47:07:  * Stencil buffer depth: 8
22:47:07:  * Number of vertex blend matrices: 0
22:47:07:    - Max vertex textures: 16
22:47:07:    - Vertex textures shared: yes
22:47:07:  * Render to Vertex Buffer : no
22:47:07:  * GL 1.5 without VBO workaround: no
22:47:07:  * Frame Buffer objects: yes
22:47:07:  * Frame Buffer objects (ARB extension): no
22:47:07:  * Frame Buffer objects (ATI extension): no
22:47:07:  * PBuffer support: yes
22:47:07:  * GL 1.5 without HW-occlusion workaround: no
22:47:07:  * Separate shader objects: no
22:47:07: DefaultWorkQueue('Root') initialising on thread 1568.
22:47:07: Particle Renderer Type 'billboard' registered
22:47:07: DefaultWorkQueue('Root')::WorkerFunc - thread 1584 starting.
22:47:07: DefaultWorkQueue('Root')::WorkerFunc - thread 1130 starting.
22:47:07: DefaultWorkQueue('Root')::WorkerFunc - thread 15bc starting.
22:47:07: SceneManagerFactory for type 'BspSceneManager' registered.
22:47:07: Registering ResourceManager for type BspLevel
22:47:07: DefaultWorkQueue('Root')::WorkerFunc - thread 15a0 starting.
22:47:07: SceneManagerFactory for type 'OctreeSceneManager' registered.
22:47:07: Parsing scripts for resource group Autodetect
22:47:07: Finished parsing scripts for resource group Autodetect
22:47:07: Creating resources for group Autodetect
22:47:07: All done
22:47:07: Parsing scripts for resource group Essential
22:47:07: Parsing script SdkTrays.material
22:47:07: Parsing script OgreProfiler.material
22:47:07: Parsing script SdkTrays.fontdef
22:47:07: Parsing script SdkTrays.overlay
22:47:07: Texture: sdk_cursor.png: Loading 1 faces(PF_A8R8G8B8,32x32x1) with 5 generated mipmaps from Image. Internal format is PF_A8R8G8B8,32x32x1.
22:47:07: Texture: sdk_tray.png: Loading 1 faces(PF_A8R8G8B8,64x64x1) with 5 generated mipmaps from Image. Internal format is PF_A8R8G8B8,64x64x1.
22:47:07: Texture: sdk_button_up.png: Loading 1 faces(PF_A8R8G8B8,128x32x1) with 5 generated mipmaps from Image. Internal format is PF_A8R8G8B8,128x32x1.
22:47:07: Texture: sdk_text_box.png: Loading 1 faces(PF_A8R8G8B8,32x32x1) with 5 generated mipmaps from Image. Internal format is PF_A8R8G8B8,32x32x1.
22:47:07: Texture: sdk_mini_tray.png: Loading 1 faces(PF_A8R8G8B8,32x32x1) with 5 generated mipmaps from Image. Internal format is PF_A8R8G8B8,32x32x1.
22:47:07: Texture: sdk_track.png: Loading 1 faces(PF_A8R8G8B8,16x32x1) with 5 generated mipmaps from Image. Internal format is PF_A8R8G8B8,16x32x1.
22:47:07: Texture: sdk_handle.png: Loading 1 faces(PF_A8R8G8B8,16x16x1) with 4 generated mipmaps from Image. Internal format is PF_A8R8G8B8,16x16x1.
22:47:07: Texture: sdk_mini_text_box.png: Loading 1 faces(PF_A8R8G8B8,32x32x1) with 5 generated mipmaps from Image. Internal format is PF_A8R8G8B8,32x32x1.
22:47:07: Texture: sdk_label.png: Loading 1 faces(PF_A8R8G8B8,32x32x1) with 5 generated mipmaps from Image. Internal format is PF_A8R8G8B8,32x32x1.
22:47:07: Texture: sdk_separator.png: Loading 1 faces(PF_A8R8G8B8,64x16x1) with 5 generated mipmaps from Image. Internal format is PF_A8R8G8B8,64x16x1.
22:47:07: Texture: sdk_logo.png: Loading 1 faces(PF_A8R8G8B8,128x64x1) with 5 generated mipmaps from Image. Internal format is PF_A8R8G8B8,128x64x1.
22:47:07: Texture: sdk_shade.png: Loading 1 faces(PF_A8R8G8B8,64x48x1) with 5 generated mipmaps from Image. Internal format is PF_A8R8G8B8,64x48x1.
22:47:07: Texture: sdk_frame.png: Loading 1 faces(PF_A8R8G8B8,32x32x1) with 5 generated mipmaps from Image. Internal format is PF_A8R8G8B8,32x32x1.
22:47:07: Texture: sdk_mini_text_box_over.png: Loading 1 faces(PF_A8R8G8B8,32x32x1) with 5 generated mipmaps from Image. Internal format is PF_A8R8G8B8,32x32x1.
22:47:07: Texture: sdk_pulse.png: Loading 1 faces(PF_R8G8B8,8x1x1) with 3 generated mipmaps from Image. Internal format is PF_X8R8G8B8,8x1x1.
22:47:07: Finished parsing scripts for resource group Essential
22:47:07: Creating resources for group Essential
22:47:07: All done
22:47:07: Parsing scripts for resource group Fonts
22:47:07: Finished parsing scripts for resource group Fonts
22:47:07: Creating resources for group Fonts
22:47:07: All done
22:47:07: Parsing scripts for resource group General
22:47:07: Finished parsing scripts for resource group General
22:47:07: Creating resources for group General
22:47:07: All done
22:47:07: Parsing scripts for resource group Imagesets
22:47:07: Finished parsing scripts for resource group Imagesets
22:47:07: Creating resources for group Imagesets
22:47:07: All done
22:47:07: Parsing scripts for resource group Internal
22:47:07: Finished parsing scripts for resource group Internal
22:47:07: Creating resources for group Internal
22:47:07: All done
22:47:07: Parsing scripts for resource group Layouts
22:47:07: Finished parsing scripts for resource group Layouts
22:47:07: Creating resources for group Layouts
22:47:07: All done
22:47:07: Parsing scripts for resource group LookNFeel
22:47:07: Finished parsing scripts for resource group LookNFeel
22:47:07: Creating resources for group LookNFeel
22:47:07: All done
22:47:07: Parsing scripts for resource group Popular
22:47:07: Parsing script Instancing.program
22:47:07: Parsing script DualQuaternion.program
22:47:07: OGRE EXCEPTION(7:InternalErrorException): Unable to compile Cg program Ogre/DualQuaternionHardwareSkinningTwoWeightsTwoPhaseCg: The compile returned an error.
DualQuaternion_Common.cg(167) : warning C7019: "blendWgt" is too large for semantic "BLENDWEIGHT", which is size 1
(0) : error C6007: Constant register limit exceeded; more than 96 constant registers needed to compiled program
(0) : error C6007: Constant register limit exceeded; more than 96 constant registers needed to compiled program
(0) : error C6007: Constant register limit exceeded; more than 96 constant registers needed to compiled program
(0) : error C6007: Constant register limit exceeded; more than 96 constant registers needed to compiled program
(0) : error C6007: Constant register limit exceeded; more than 96 constant registers needed to compiled program
(0) : error C6007: Constant register limit exceeded; more than 96 constant registers needed to compiled program
(0) : error C6007: Constant register limit exceeded; more than 96 constant registers needed to compiled program
(0) : error C6007: Constant register limit exceeded; more than 96 constant registers needed to compiled program
 in CgProgram::compileMicrocode at ..\..\..\..\..\..\PlugIns\CgProgramManager\src\OgreCgProgramManagerDll.cpp (line 67)
22:47:07: High-level program Ogre/DualQuaternionHardwareSkinningTwoWeightsTwoPhaseCg encountered an error during loading and is thus not supported.
OGRE EXCEPTION(7:InternalErrorException): Unable to compile Cg program Ogre/DualQuaternionHardwareSkinningTwoWeightsTwoPhaseCg: The compile returned an error.
DualQuaternion_Common.cg(167) : warning C7019: "blendWgt" is too large for semantic "BLENDWEIGHT", which is size 1
(0) : error C6007: Constant register limit exceeded; more than 96 constant registers needed to compiled program
(0) : error C6007: Constant register limit exceeded; more than 96 constant registers needed to compiled program
(0) : error C6007: Constant register limit exceeded; more than 96 constant registers needed to compiled program
(0) : error C6007: Constant register limit exceeded; more than 96 constant registers needed to compiled program
(0) : error C6007: Constant register limit exceeded; more than 96 constant registers needed to compiled program
(0) : error C6007: Constant register limit exceeded; more than 96 constant registers needed to compiled program
(0) : error C6007: Constant register limit exceeded; more than 96 constant registers needed to compiled program
(0) : error C6007: Constant register limit exceeded; more than 96 constant registers needed to compiled program
 in CgProgram::compileMicrocode at ..\..\..\..\..\..\PlugIns\CgProgramManager\src\OgreCgProgramManagerDll.cpp (line 67)
22:47:07: OGRE EXCEPTION(2:InvalidParametersException): Named constants have not been initialised, perhaps a compile error. in GpuProgramParameters::_findNamedConstantDefinition at ..\..\..\..\..\OgreMain\src\OgreGpuProgramParams.cpp (line 1441)
22:47:07: Compiler error: invalid parameters in DualQuaternion.program(28): setting of constant failed
22:47:07: Parsing script Examples.program
22:47:07: Parsing script StdQuad_vp.program
22:47:07: Parsing script ASCII.material
22:47:07: Parsing script ASMSwizzle.material
22:47:07: Compiler error: object unsupported by render system in ASMSwizzle.material(1)
22:47:07: Parsing script BlackAndWhite.material
22:47:07: Parsing script Bloom.material
22:47:07: Parsing script Bloom2.material
22:47:07: Parsing script CGSwizzle.material
22:47:07: Parsing script CompositorDemo.material
22:47:07: Parsing script DepthShadowmap.material
22:47:07: Parsing script Dither.material
22:47:07: Parsing script DOF.material
22:47:07: Parsing script DualQuaternion.material
22:47:07: Parsing script Embossed.material
22:47:07: Parsing script Example-Water.material
22:47:07: Parsing script Examples-Advanced.material
22:47:07: Compiler error: object unsupported by render system in Examples-Advanced.material(524)
22:47:07: Compiler error: object unsupported by render system in Examples-Advanced.material(787)
22:47:07: Parsing script Examples-DynTex.material
22:47:07: Parsing script Examples-Water.material
22:47:07: Parsing script Examples.material
22:47:07: Parsing script facial.material
22:47:07: Parsing script Glass.material
22:47:07: Parsing script GLSLSwizzle.material
22:47:07: Parsing script Halftone.material
22:47:07: Parsing script hdr.material
22:47:07: Parsing script HeatVision.material
22:47:07: Parsing script Hurt.material
22:47:07: Parsing script HWInstancing.material
22:47:07: Parsing script HW_VTFInstancing.material
22:47:07: Parsing script HW_VTF_LUTInstancing.material
22:47:07: Parsing script instancing.material
22:47:07: Parsing script InstancingMisc.material
22:47:07: Parsing script Invert.material
22:47:07: Parsing script IsoSurf.material
22:47:07: Parsing script Laplace.material
22:47:07: Parsing script MotionBlur.material
22:47:07: Parsing script MRTtest.material
22:47:07: Parsing script NightVision.material
22:47:07: Parsing script Ocean.material
22:47:07: Parsing script OffsetMapping.material
22:47:07: Compiler error: object unsupported by render system in OffsetMapping.material(35)
22:47:07: Parsing script Ogre.material
22:47:07: Parsing script OldMovie.material
22:47:07: Parsing script OldTV.material
22:47:07: Parsing script ParticleGS.material
22:47:07: Parsing script Penguin.material
22:47:07: Parsing script Posterize.material
22:47:07: Parsing script pssm.material
22:47:07: Parsing script RadialBlur.material
22:47:07: Parsing script RZR-002.material
22:47:07: Parsing script ShaderInstancing.material
22:47:07: Parsing script ShaderSystem.material
22:47:07: Parsing script shadows.material
22:47:07: Parsing script SharpenEdges.material
22:47:07: Parsing script sibenik.material
22:47:07: Parsing script smoke.material
22:47:07: Parsing script Tiling.material
22:47:07: Parsing script VarianceShadowmap.material
22:47:07: Parsing script VTFInstancing.material
22:47:07: Parsing script CreaseShading.material
22:47:07: Parsing script Crytek.material
22:47:07: Parsing script GBuffer.material
22:47:07: Parsing script HemisphereMC.material
22:47:07: Parsing script HorizonBased.material
22:47:07: Parsing script ShowDepth.material
22:47:07: Parsing script ShowNormals.material
22:47:07: Parsing script ShowViewPos.material
22:47:07: Parsing script SSAOPost.material
22:47:07: Parsing script UnsharpMask.material
22:47:07: Parsing script Volumetric.material
22:47:07: Parsing script Examples.compositor
22:47:07: Parsing script SSAO.compositor
22:47:07: Parsing script SSAOPost.compositor
22:47:07: Parsing script sample.fontdef
22:47:07: Finished parsing scripts for resource group Popular
22:47:07: Creating resources for group Popular
22:47:07: All done
22:47:07: Parsing scripts for resource group Schemes
22:47:07: Finished parsing scripts for resource group Schemes
22:47:07: Creating resources for group Schemes
22:47:07: All done
22:47:07: Texture: _cegui_ogre_0: Loading 1 faces(PF_A8B8G8R8,256x256x1) with 0 generated mipmaps from Image. Internal format is PF_A8R8G8B8,256x256x1.
22:47:08: Texture: clouds.jpg: Loading 1 faces(PF_R8G8B8,256x256x1) with 5 generated mipmaps from Image. Internal format is PF_X8R8G8B8,256x256x1.
22:47:08: Mesh: Loading ogrehead.mesh.
22:47:08: Texture: GreenSkin.jpg: Loading 1 faces(PF_R8G8B8,256x256x1) with 5 generated mipmaps from Image. Internal format is PF_X8R8G8B8,256x256x1.
22:47:08: Texture: spheremap.png: Loading 1 faces(PF_R8G8B8,256x256x1) with 5 generated mipmaps from Image. Internal format is PF_X8R8G8B8,256x256x1.
22:47:08: Texture: tusk.jpg: Loading 1 faces(PF_R8G8B8,128x128x1) with 5 generated mipmaps from Image. Internal format is PF_X8R8G8B8,128x128x1.
22:47:08: *** Initializing OIS ***
22:47:08: Texture: _cegui_ogre_2: Loading 1 faces(PF_A8B8G8R8,256x256x1) with 0 generated mipmaps from Image. Internal format is PF_A8R8G8B8,256x256x1.
22:47:16: DefaultWorkQueue('Root') shutting down on thread 1568.
22:47:16: DefaultWorkQueue('Root')::WorkerFunc - thread 15a0 stopped.
22:47:16: DefaultWorkQueue('Root')::WorkerFunc - thread 15bc stopped.
22:47:16: DefaultWorkQueue('Root')::WorkerFunc - thread 1584 stopped.
22:47:16: DefaultWorkQueue('Root')::WorkerFunc - thread 1130 stopped.
22:47:16: Unregistering ResourceManager for type BspLevel
22:47:16: *-*-* OGRE Shutdown
22:47:16: Unregistering ResourceManager for type Compositor
22:47:16: Unregistering ResourceManager for type Font
22:47:16: Unregistering ResourceManager for type Skeleton
22:47:16: Unregistering ResourceManager for type Mesh
22:47:16: Unregistering ResourceManager for type HighLevelGpuProgram
22:47:16: Uninstalling plugin: Cg Program Manager
22:47:16: Plugin successfully uninstalled
22:47:16: Unloading library .\Plugin_CgProgramManager
22:47:16: Uninstalling plugin: Octree Scene Manager
22:47:16: Plugin successfully uninstalled
22:47:16: Unloading library .\Plugin_OctreeSceneManager
22:47:16: Uninstalling plugin: BSP Scene Manager
22:47:16: Plugin successfully uninstalled
22:47:16: Unloading library .\Plugin_BSPSceneManager
22:47:16: Uninstalling plugin: ParticleFX
22:47:16: Plugin successfully uninstalled
22:47:16: Unloading library .\Plugin_ParticleFX
22:47:16: Uninstalling plugin: GL RenderSystem
22:47:16: Unregistering ResourceManager for type GpuProgram
22:47:16: *** Stopping Win32GL Subsystem ***
22:47:16: Unregistering ResourceManager for type Texture
22:47:16: Plugin successfully uninstalled
22:47:16: Unloading library .\RenderSystem_GL
22:47:16: Uninstalling plugin: D3D9 RenderSystem
22:47:16: D3D9 : Shutting down cleanly.
22:47:16: D3D9 : Direct3D9 Rendering Subsystem destroyed.
22:47:16: Plugin successfully uninstalled
22:47:16: Unloading library .\RenderSystem_Direct3D9
22:47:16: Unregistering ResourceManager for type Material
