22:11:51: Creating resource group General
22:11:51: Creating resource group Internal
22:11:51: Creating resource group Autodetect
22:11:51: SceneManagerFactory for type 'DefaultSceneManager' registered.
22:11:51: Registering ResourceManager for type Material
22:11:51: Registering ResourceManager for type Mesh
22:11:51: Registering ResourceManager for type Skeleton
22:11:51: MovableObjectFactory for type 'ParticleSystem' registered.
22:11:51: OverlayElementFactory for type Panel registered.
22:11:51: OverlayElementFactory for type BorderPanel registered.
22:11:51: OverlayElementFactory for type TextArea registered.
22:11:51: Registering ResourceManager for type Font
22:11:51: ArchiveFactory for archive type FileSystem registered.
22:11:51: ArchiveFactory for archive type Zip registered.
22:11:51: ArchiveFactory for archive type EmbeddedZip registered.
22:11:51: DDS codec registering
22:11:51: FreeImage version: 3.15.1
22:11:51: This program uses FreeImage, a free, open source image library supporting all common bitmap formats. See http://freeimage.sourceforge.net for details
22:11:51: Supported formats: bmp,ico,jpg,jif,jpeg,jpe,jng,koa,iff,lbm,mng,pbm,pbm,pcd,pcx,pgm,pgm,png,ppm,ppm,ras,tga,targa,tif,tiff,wap,wbmp,wbm,psd,cut,xbm,xpm,gif,hdr,g3,sgi,exr,j2k,j2c,jp2,pfm,pct,pict,pic,3fr,arw,bay,bmq,cap,cine,cr2,crw,cs1,dc2,dcr,drf,dsc,dng,erf,fff,ia,iiq,k25,kc2,kdc,mdc,mef,mos,mrw,nef,nrw,orf,pef,ptx,pxn,qtk,raf,raw,rdc,rw2,rwl,rwz,sr2,srf,sti
22:11:51: Registering ResourceManager for type HighLevelGpuProgram
22:11:51: Registering ResourceManager for type Compositor
22:11:51: MovableObjectFactory for type 'Entity' registered.
22:11:51: MovableObjectFactory for type 'Light' registered.
22:11:51: MovableObjectFactory for type 'BillboardSet' registered.
22:11:51: MovableObjectFactory for type 'ManualObject' registered.
22:11:51: MovableObjectFactory for type 'BillboardChain' registered.
22:11:51: MovableObjectFactory for type 'RibbonTrail' registered.
22:11:51: Loading library /usr/local/lib/OGRE/RenderSystem_GL.so
22:11:51: Installing plugin: GL RenderSystem
22:11:51: OpenGL Rendering Subsystem created.
22:11:51: Plugin successfully installed
22:11:51: Loading library /usr/local/lib/OGRE/Plugin_ParticleFX.so
22:11:51: Installing plugin: ParticleFX
22:11:51: Particle Emitter Type 'Point' registered
22:11:51: Particle Emitter Type 'Box' registered
22:11:51: Particle Emitter Type 'Ellipsoid' registered
22:11:51: Particle Emitter Type 'Cylinder' registered
22:11:51: Particle Emitter Type 'Ring' registered
22:11:51: Particle Emitter Type 'HollowEllipsoid' registered
22:11:51: Particle Affector Type 'LinearForce' registered
22:11:51: Particle Affector Type 'ColourFader' registered
22:11:51: Particle Affector Type 'ColourFader2' registered
22:11:51: Particle Affector Type 'ColourImage' registered
22:11:51: Particle Affector Type 'ColourInterpolator' registered
22:11:51: Particle Affector Type 'Scaler' registered
22:11:51: Particle Affector Type 'Rotator' registered
22:11:51: Particle Affector Type 'DirectionRandomiser' registered
22:11:51: Particle Affector Type 'DeflectorPlane' registered
22:11:51: Plugin successfully installed
22:11:51: Loading library /usr/local/lib/OGRE/Plugin_BSPSceneManager.so
22:11:51: Installing plugin: BSP Scene Manager
22:11:51: Plugin successfully installed
22:11:51: Loading library /usr/local/lib/OGRE/Plugin_CgProgramManager.so
22:11:51: Installing plugin: Cg Program Manager
22:11:51: Plugin successfully installed
22:11:51: Loading library /usr/local/lib/OGRE/Plugin_PCZSceneManager.so
22:11:51: Installing plugin: Portal Connected Zone Scene Manager
22:11:51: PCZone Factory Type 'ZoneType_Default' registered
22:11:51: Plugin successfully installed
22:11:51: Loading library /usr/local/lib/OGRE/Plugin_OctreeZone.so
22:11:51: Installing plugin: Octree Zone Factory
22:11:51: Plugin successfully installed
22:11:51: Loading library /usr/local/lib/OGRE/Plugin_OctreeSceneManager.so
22:11:51: Installing plugin: Octree Scene Manager
22:11:51: Plugin successfully installed
22:11:51: *-*-* OGRE Initialising
22:11:51: *-*-* Version 1.8.1 (Byatis)
22:11:51: Creating resource group Essential
22:11:51: Added resource location 'Media/thumbnails' of type 'FileSystem' to resource group 'Essential'
22:11:51: Added resource location 'Media/packs/SdkTrays.zip' of type 'Zip' to resource group 'Essential'
22:11:51: Added resource location 'Media/packs/profiler.zip' of type 'Zip' to resource group 'Essential'
22:11:51: Creating resource group Fonts
22:11:51: Added resource location 'Media/cegui/fonts' of type 'FileSystem' to resource group 'Fonts'
22:11:51: Added resource location 'Media' of type 'FileSystem' to resource group 'General'
22:11:51: Creating resource group Imagesets
22:11:51: Added resource location 'Media/cegui/imagesets' of type 'FileSystem' to resource group 'Imagesets'
22:11:51: Creating resource group Layouts
22:11:51: Added resource location 'Media/cegui/layouts' of type 'FileSystem' to resource group 'Layouts'
22:11:51: Creating resource group LookNFeel
22:11:51: Added resource location 'Media/cegui/looknfeel' of type 'FileSystem' to resource group 'LookNFeel'
22:11:51: Creating resource group Popular
22:11:51: Added resource location 'Media/fonts' of type 'FileSystem' to resource group 'Popular'
22:11:51: Added resource location 'Media/materials/programs' of type 'FileSystem' to resource group 'Popular'
22:11:51: Added resource location 'Media/materials/scripts' of type 'FileSystem' to resource group 'Popular'
22:11:51: Added resource location 'Media/materials/textures' of type 'FileSystem' to resource group 'Popular'
22:11:51: Added resource location 'Media/materials/textures/nvidia' of type 'FileSystem' to resource group 'Popular'
22:11:51: Added resource location 'Media/models' of type 'FileSystem' to resource group 'Popular'
22:11:51: Added resource location 'Media/materials/scripts/SSAO' of type 'FileSystem' to resource group 'Popular'
22:11:51: Added resource location 'Media/materials/textures/SSAO' of type 'FileSystem' to resource group 'Popular'
22:11:51: Added resource location 'Media/packs/skybox.zip' of type 'Zip' to resource group 'Popular'
22:11:51: Creating resource group Schemes
22:11:51: Added resource location 'Media/cegui/schemes' of type 'FileSystem' to resource group 'Schemes'
22:11:51: CPU Identifier & Features
22:11:51: -------------------------
22:11:51:  *   CPU ID: GenuineIntel: Intel(R) Core(TM) i5-2450M CPU @ 2.50GHz
22:11:51:  *      SSE: yes
22:11:51:  *     SSE2: yes
22:11:51:  *     SSE3: yes
22:11:51:  *      MMX: yes
22:11:51:  *   MMXEXT: yes
22:11:51:  *    3DNOW: no
22:11:51:  * 3DNOWEXT: no
22:11:51:  *     CMOV: yes
22:11:51:  *      TSC: yes
22:11:51:  *      FPU: yes
22:11:51:  *      PRO: yes
22:11:51:  *       HT: no
22:11:51: -------------------------
22:11:51: ******************************
*** Starting GLX Subsystem ***
******************************
22:11:51: Registering ResourceManager for type Texture
22:11:51: GLRenderSystem::_createRenderWindow "TutorialApplication Render Window", 1366x768 fullscreen  miscParams: FSAA=0 displayFrequency=60 Hz gamma=No vsync=No 
22:11:51: GLXWindow::create used FBConfigID = 142
22:11:51: GL_VERSION = 3.0 Mesa 9.2.1
22:11:51: GL_VENDOR = Intel Open Source Technology Center
22:11:51: GL_RENDERER = Mesa DRI Intel(R) Sandybridge Mobile 
22:11:51: GL_EXTENSIONS = GL_ARB_multisample GL_EXT_abgr GL_EXT_bgra GL_EXT_blend_color GL_EXT_blend_minmax GL_EXT_blend_subtract GL_EXT_copy_texture GL_EXT_polygon_offset GL_EXT_subtexture GL_EXT_texture_object GL_EXT_vertex_array GL_EXT_compiled_vertex_array GL_EXT_texture GL_EXT_texture3D GL_IBM_rasterpos_clip GL_ARB_point_parameters GL_EXT_draw_range_elements GL_EXT_packed_pixels GL_EXT_point_parameters GL_EXT_rescale_normal GL_EXT_separate_specular_color GL_EXT_texture_edge_clamp GL_SGIS_generate_mipmap GL_SGIS_texture_border_clamp GL_SGIS_texture_edge_clamp GL_SGIS_texture_lod GL_ARB_framebuffer_sRGB GL_ARB_multitexture GL_EXT_framebuffer_sRGB GL_IBM_multimode_draw_arrays GL_IBM_texture_mirrored_repeat GL_3DFX_texture_compression_FXT1 GL_ARB_texture_cube_map GL_ARB_texture_env_add GL_ARB_transpose_matrix GL_EXT_blend_func_separate GL_EXT_fog_coord GL_EXT_multi_draw_arrays GL_EXT_secondary_color GL_EXT_texture_env_add GL_EXT_texture_filter_anisotropic GL_EXT_texture_lod_bias GL_INGR_blend_func_separate GL_NV_blend_square GL_NV_light_max_exponent GL_NV_texgen_reflection GL_NV_texture_env_combine4 GL_S3_s3tc GL_SUN_multi_draw_arrays GL_ARB_texture_border_clamp GL_ARB_texture_compression GL_EXT_framebuffer_object GL_EXT_texture_compression_s3tc GL_EXT_texture_env_combine GL_EXT_texture_env_dot3 GL_MESA_window_pos GL_NV_packed_depth_stencil GL_NV_texture_rectangle GL_ARB_depth_texture GL_ARB_occlusion_query GL_ARB_shadow GL_ARB_texture_env_combine GL_ARB_texture_env_crossbar GL_ARB_texture_env_dot3 GL_ARB_texture_mirrored_repeat GL_ARB_window_pos GL_ATI_envmap_bumpmap GL_EXT_stencil_two_side GL_EXT_texture_cube_map GL_NV_depth_clamp GL_APPLE_packed_pixels GL_APPLE_vertex_array_object GL_ARB_draw_buffers GL_ARB_fragment_program GL_ARB_fragment_shader GL_ARB_shader_objects GL_ARB_vertex_program GL_ARB_vertex_shader GL_ATI_draw_buffers GL_ATI_texture_env_combine3 GL_ATI_texture_float GL_EXT_shadow_funcs GL_EXT_stencil_wrap GL_MESA_pack_invert GL_MESA_ycbcr_texture GL_NV_primitive_restart GL_ARB_depth_clamp GL_ARB_fragment_program_shadow GL_ARB_half_float_pixel GL_ARB_occlusion_query2 GL_ARB_point_sprite GL_ARB_shading_language_100 GL_ARB_sync GL_ARB_texture_non_power_of_two GL_ARB_vertex_buffer_object GL_ATI_blend_equation_separate GL_EXT_blend_equation_separate GL_OES_read_format GL_ARB_color_buffer_float GL_ARB_pixel_buffer_object GL_ARB_texture_compression_rgtc GL_ARB_texture_float GL_ARB_texture_rectangle GL_EXT_packed_float GL_EXT_pixel_buffer_object GL_EXT_texture_compression_dxt1 GL_EXT_texture_compression_rgtc GL_EXT_texture_rectangle GL_EXT_texture_sRGB GL_EXT_texture_shared_exponent GL_ARB_framebuffer_object GL_EXT_framebuffer_blit GL_EXT_framebuffer_multisample GL_EXT_packed_depth_stencil GL_APPLE_object_purgeable GL_ARB_vertex_array_object GL_ATI_separate_stencil GL_EXT_draw_buffers2 GL_EXT_draw_instanced GL_EXT_gpu_program_parameters GL_EXT_texture_array GL_EXT_texture_integer GL_EXT_texture_sRGB_decode GL_EXT_timer_query GL_OES_EGL_image GL_MESA_texture_array GL_ARB_copy_buffer GL_ARB_depth_buffer_float GL_ARB_draw_instanced GL_ARB_half_float_vertex GL_ARB_instanced_arrays GL_ARB_map_buffer_range GL_ARB_texture_rg GL_ARB_texture_swizzle GL_ARB_vertex_array_bgra GL_EXT_separate_shader_objects GL_EXT_texture_swizzle GL_EXT_vertex_array_bgra GL_NV_conditional_render GL_AMD_draw_buffers_blend GL_ARB_ES2_compatibility GL_ARB_blend_func_extended GL_ARB_debug_output GL_ARB_draw_buffers_blend GL_ARB_draw_elements_base_vertex GL_ARB_explicit_attrib_location GL_ARB_fragment_coord_conventions GL_ARB_provoking_vertex GL_ARB_sampler_objects GL_ARB_seamless_cube_map GL_ARB_shader_texture_lod GL_ARB_texture_cube_map_array GL_ARB_texture_multisample GL_ARB_texture_query_lod GL_ARB_texture_rgb10_a2ui GL_ARB_uniform_buffer_object GL_ARB_vertex_type_2_10_10_10_rev GL_EXT_provoking_vertex GL_EXT_texture_snorm GL_MESA_texture_signed_rgba GL_ARB_get_program_binary GL_ARB_robustness GL_ARB_shader_bit_encoding GL_ARB_timer_query GL_ANGLE_texture_compression_dxt3 GL_ANGLE_texture_compression_dxt5 GL_ARB_internalformat_query GL_ARB_shading_language_420pack GL_ARB_shading_language_packing GL_ARB_texture_storage GL_EXT_framebuffer_multisample_blit_scaled GL_EXT_transform_feedback GL_ARB_ES3_compatibility GL_ARB_invalidate_subdata GL_ARB_texture_storage_multisample 
22:11:51: Supported GLX extensions: GLX_ARB_create_context GLX_ARB_create_context_profile GLX_ARB_get_proc_address GLX_ARB_multisample GLX_EXT_import_context GLX_EXT_visual_info GLX_EXT_visual_rating GLX_EXT_create_context_es2_profile GLX_MESA_copy_sub_buffer GLX_MESA_multithread_makecurrent GLX_MESA_swap_control GLX_OML_swap_method GLX_OML_sync_control GLX_SGI_make_current_read GLX_SGI_swap_control GLX_SGI_video_sync GLX_SGIS_multisample GLX_SGIX_fbconfig GLX_SGIX_pbuffer GLX_SGIX_visual_select_group GLX_EXT_texture_from_pixmap GLX_INTEL_swap_event 
22:11:51: ***************************
22:11:51: *** GL Renderer Started ***
22:11:51: ***************************
22:11:51: Registering ResourceManager for type GpuProgram
22:11:51: GLSL support detected
22:11:51: GL: Using GL_EXT_framebuffer_object for rendering to textures (best)
22:11:51: FBO PF_UNKNOWN depth/stencil support: D0S1 D0S4 D0S8 D0S16 D16S0 D16S1 D16S4 D16S8 D16S16 D24S0 D24S1 D24S4 D24S8 D24S16 D32S0 D32S1 D32S4 D32S8 D32S16 Packed-D24S8 
22:11:51: FBO PF_A8 depth/stencil support: D0S0 D0S1 D0S4 D0S8 D0S16 D16S0 D16S1 D16S4 D16S8 D16S16 D24S0 D24S1 D24S4 D24S8 D24S16 D32S0 D32S1 D32S4 D32S8 D32S16 Packed-D24S8 
22:11:51: FBO PF_R5G6B5 depth/stencil support: D0S0 D0S1 D0S4 D0S8 D0S16 D16S0 D16S1 D16S4 D16S8 D16S16 D24S0 D24S1 D24S4 D24S8 D24S16 D32S0 D32S1 D32S4 D32S8 D32S16 Packed-D24S8 
22:11:51: FBO PF_B5G6R5 depth/stencil support: D0S0 D0S1 D0S4 D0S8 D0S16 D16S0 D16S1 D16S4 D16S8 D16S16 D24S0 D24S1 D24S4 D24S8 D24S16 D32S0 D32S1 D32S4 D32S8 D32S16 Packed-D24S8 
22:11:51: FBO PF_A4R4G4B4 depth/stencil support: D0S0 D0S1 D0S4 D0S8 D0S16 D16S0 D16S1 D16S4 D16S8 D16S16 D24S0 D24S1 D24S4 D24S8 D24S16 D32S0 D32S1 D32S4 D32S8 D32S16 Packed-D24S8 
22:11:51: FBO PF_A1R5G5B5 depth/stencil support: D0S0 D0S1 D0S4 D0S8 D0S16 D16S0 D16S1 D16S4 D16S8 D16S16 D24S0 D24S1 D24S4 D24S8 D24S16 D32S0 D32S1 D32S4 D32S8 D32S16 Packed-D24S8 
22:11:51: FBO PF_R8G8B8 depth/stencil support: D0S0 D0S1 D0S4 D0S8 D0S16 D16S0 D16S1 D16S4 D16S8 D16S16 D24S0 D24S1 D24S4 D24S8 D24S16 D32S0 D32S1 D32S4 D32S8 D32S16 Packed-D24S8 
22:11:51: FBO PF_B8G8R8 depth/stencil support: D0S0 D0S1 D0S4 D0S8 D0S16 D16S0 D16S1 D16S4 D16S8 D16S16 D24S0 D24S1 D24S4 D24S8 D24S16 D32S0 D32S1 D32S4 D32S8 D32S16 Packed-D24S8 
22:11:51: FBO PF_A8R8G8B8 depth/stencil support: D0S0 D0S1 D0S4 D0S8 D0S16 D16S0 D16S1 D16S4 D16S8 D16S16 D24S0 D24S1 D24S4 D24S8 D24S16 D32S0 D32S1 D32S4 D32S8 D32S16 Packed-D24S8 
22:11:51: FBO PF_B8G8R8A8 depth/stencil support: D0S0 D0S1 D0S4 D0S8 D0S16 D16S0 D16S1 D16S4 D16S8 D16S16 D24S0 D24S1 D24S4 D24S8 D24S16 D32S0 D32S1 D32S4 D32S8 D32S16 Packed-D24S8 
22:11:51: FBO PF_A2R10G10B10 depth/stencil support: D0S0 D0S1 D0S4 D0S8 D0S16 D16S0 D16S1 D16S4 D16S8 D16S16 D24S0 D24S1 D24S4 D24S8 D24S16 D32S0 D32S1 D32S4 D32S8 D32S16 Packed-D24S8 
22:11:51: FBO PF_A2B10G10R10 depth/stencil support: D0S0 D0S1 D0S4 D0S8 D0S16 D16S0 D16S1 D16S4 D16S8 D16S16 D24S0 D24S1 D24S4 D24S8 D24S16 D32S0 D32S1 D32S4 D32S8 D32S16 Packed-D24S8 
22:11:51: FBO PF_FLOAT16_RGBA depth/stencil support: D0S0 D0S1 D0S4 D0S8 D0S16 D16S0 D16S1 D16S4 D16S8 D16S16 D24S0 D24S1 D24S4 D24S8 D24S16 D32S0 D32S1 D32S4 D32S8 D32S16 Packed-D24S8 
22:11:51: FBO PF_FLOAT32_RGBA depth/stencil support: D0S0 D0S1 D0S4 D0S8 D0S16 D16S0 D16S1 D16S4 D16S8 D16S16 D24S0 D24S1 D24S4 D24S8 D24S16 D32S0 D32S1 D32S4 D32S8 D32S16 Packed-D24S8 
22:11:51: FBO PF_X8R8G8B8 depth/stencil support: D0S0 D0S1 D0S4 D0S8 D0S16 D16S0 D16S1 D16S4 D16S8 D16S16 D24S0 D24S1 D24S4 D24S8 D24S16 D32S0 D32S1 D32S4 D32S8 D32S16 Packed-D24S8 
22:11:51: FBO PF_X8B8G8R8 depth/stencil support: D0S0 D0S1 D0S4 D0S8 D0S16 D16S0 D16S1 D16S4 D16S8 D16S16 D24S0 D24S1 D24S4 D24S8 D24S16 D32S0 D32S1 D32S4 D32S8 D32S16 Packed-D24S8 
22:11:51: FBO PF_SHORT_RGBA depth/stencil support: D0S0 D0S1 D0S4 D0S8 D0S16 D16S0 D16S1 D16S4 D16S8 D16S16 D24S0 D24S1 D24S4 D24S8 D24S16 D32S0 D32S1 D32S4 D32S8 D32S16 Packed-D24S8 
22:11:51: FBO PF_R3G3B2 depth/stencil support: D0S0 D0S1 D0S4 D0S8 D0S16 D16S0 D16S1 D16S4 D16S8 D16S16 D24S0 D24S1 D24S4 D24S8 D24S16 D32S0 D32S1 D32S4 D32S8 D32S16 Packed-D24S8 
22:11:51: FBO PF_FLOAT16_R depth/stencil support: D0S0 D0S1 D0S4 D0S8 D0S16 D16S0 D16S1 D16S4 D16S8 D16S16 D24S0 D24S1 D24S4 D24S8 D24S16 D32S0 D32S1 D32S4 D32S8 D32S16 Packed-D24S8 
22:11:51: FBO PF_FLOAT32_R depth/stencil support: D0S0 D0S1 D0S4 D0S8 D0S16 D16S0 D16S1 D16S4 D16S8 D16S16 D24S0 D24S1 D24S4 D24S8 D24S16 D32S0 D32S1 D32S4 D32S8 D32S16 Packed-D24S8 
22:11:51: [GL] : Valid FBO targets PF_UNKNOWN PF_A8 PF_R5G6B5 PF_B5G6R5 PF_A4R4G4B4 PF_A1R5G5B5 PF_R8G8B8 PF_B8G8R8 PF_A8R8G8B8 PF_B8G8R8A8 PF_A2R10G10B10 PF_A2B10G10R10 PF_FLOAT16_RGBA PF_FLOAT32_RGBA PF_X8R8G8B8 PF_X8B8G8R8 PF_SHORT_RGBA PF_R3G3B2 PF_FLOAT16_R PF_FLOAT32_R 
22:11:51: RenderSystem capabilities
22:11:51: -------------------------
22:11:51: RenderSystem Name: OpenGL Rendering Subsystem
22:11:51: GPU Vendor: intel
22:11:51: Device Name: Mesa DRI Intel(R) Sandybridge Mobile 
22:11:51: Driver Version: 3.0.0.0
22:11:51:  * Fixed function pipeline: yes
22:11:51:  * Hardware generation of mipmaps: no
22:11:51:  * Texture blending: yes
22:11:51:  * Anisotropic texture filtering: yes
22:11:51:  * Dot product texture operation: yes
22:11:51:  * Cube mapping: yes
22:11:51:  * Hardware stencil buffer: yes
22:11:51:    - Stencil depth: 8
22:11:51:    - Two sided stencil support: yes
22:11:51:    - Wrap stencil values: yes
22:11:51:  * Hardware vertex / index buffers: yes
22:11:51:  * Vertex programs: yes
22:11:51:  * Number of floating-point constants for vertex programs: 4096
22:11:51:  * Number of integer constants for vertex programs: 0
22:11:51:  * Number of boolean constants for vertex programs: 0
22:11:51:  * Fragment programs: yes
22:11:51:  * Number of floating-point constants for fragment programs: 4096
22:11:51:  * Number of integer constants for fragment programs: 0
22:11:51:  * Number of boolean constants for fragment programs: 0
22:11:51:  * Geometry programs: no
22:11:51:  * Number of floating-point constants for geometry programs: 0
22:11:51:  * Number of integer constants for geometry programs: 0
22:11:51:  * Number of boolean constants for geometry programs: 0
22:11:51:  * Supported Shader Profiles: arbfp1 arbvp1 glsl
22:11:51:  * Texture Compression: yes
22:11:51:    - DXT: yes
22:11:51:    - VTC: no
22:11:51:    - PVRTC: no
22:11:51:  * Scissor Rectangle: yes
22:11:51:  * Hardware Occlusion Query: yes
22:11:51:  * User clip planes: yes
22:11:51:  * VET_UBYTE4 vertex element type: yes
22:11:51:  * Infinite far plane projection: yes
22:11:51:  * Hardware render-to-texture: yes
22:11:51:  * Floating point textures: yes
22:11:51:  * Non-power-of-two textures: yes
22:11:51:  * Volume textures: yes
22:11:51:  * Multiple Render Targets: 8
22:11:51:    - With different bit depths: yes
22:11:51:  * Point Sprites: yes
22:11:51:  * Extended point parameters: yes
22:11:51:  * Max Point Size: 255
22:11:51:  * Vertex texture fetch: yes
22:11:51:  * Number of world matrices: 0
22:11:51:  * Number of texture units: 16
22:11:51:  * Stencil buffer depth: 8
22:11:51:  * Number of vertex blend matrices: 0
22:11:51:    - Max vertex textures: 16
22:11:51:    - Vertex textures shared: yes
22:11:51:  * Render to Vertex Buffer : no
22:11:51:  * GL 1.5 without VBO workaround: no
22:11:51:  * Frame Buffer objects: yes
22:11:51:  * Frame Buffer objects (ARB extension): no
22:11:51:  * Frame Buffer objects (ATI extension): no
22:11:51:  * PBuffer support: yes
22:11:51:  * GL 1.5 without HW-occlusion workaround: no
22:11:51:  * Separate shader objects: no
22:11:51: DefaultWorkQueue('Root') initialising on thread 7ff076bae800.
22:11:51: DefaultWorkQueue('Root')::WorkerFunc - thread 7ff068976700 starting.
22:11:51: DefaultWorkQueue('Root')::WorkerFunc - thread 7ff068175700 starting.
22:11:51: DefaultWorkQueue('Root')::WorkerFunc - thread 7ff067974700 starting.
22:11:51: DefaultWorkQueue('Root')::WorkerFunc - thread 7ff067173700 starting.
22:11:51: Particle Renderer Type 'billboard' registered
22:11:51: SceneManagerFactory for type 'BspSceneManager' registered.
22:11:51: Registering ResourceManager for type BspLevel
22:11:51: SceneManagerFactory for type 'PCZSceneManager' registered.
22:11:51: MovableObjectFactory for type 'PCZLight' registered.
22:11:51: MovableObjectFactory for type 'Portal' registered.
22:11:51: MovableObjectFactory for type 'AntiPortal' registered.
22:11:51: PCZone Factory Type 'ZoneType_Octree' registered
22:11:51: SceneManagerFactory for type 'OctreeSceneManager' registered.
22:11:51: Parsing scripts for resource group Autodetect
22:11:51: Finished parsing scripts for resource group Autodetect
22:11:51: Creating resources for group Autodetect
22:11:51: All done
22:11:51: Parsing scripts for resource group Essential
22:11:51: Parsing script SdkTrays.material
22:11:51: Parsing script OgreProfiler.material
22:11:51: Parsing script SdkTrays.fontdef
22:11:51: Parsing script SdkTrays.overlay
22:11:51: Texture: sdk_cursor.png: Loading 1 faces(PF_A8R8G8B8,32x32x1) with 5 generated mipmaps from Image. Internal format is PF_A8R8G8B8,32x32x1.
22:11:51: Texture: sdk_tray.png: Loading 1 faces(PF_A8R8G8B8,64x64x1) with 5 generated mipmaps from Image. Internal format is PF_A8R8G8B8,64x64x1.
22:11:51: Texture: sdk_button_up.png: Loading 1 faces(PF_A8R8G8B8,128x32x1) with 5 generated mipmaps from Image. Internal format is PF_A8R8G8B8,128x32x1.
22:11:51: Texture: sdk_text_box.png: Loading 1 faces(PF_A8R8G8B8,32x32x1) with 5 generated mipmaps from Image. Internal format is PF_A8R8G8B8,32x32x1.
22:11:51: Texture: sdk_mini_tray.png: Loading 1 faces(PF_A8R8G8B8,32x32x1) with 5 generated mipmaps from Image. Internal format is PF_A8R8G8B8,32x32x1.
22:11:51: Texture: sdk_track.png: Loading 1 faces(PF_A8R8G8B8,16x32x1) with 5 generated mipmaps from Image. Internal format is PF_A8R8G8B8,16x32x1.
22:11:51: Texture: sdk_handle.png: Loading 1 faces(PF_A8R8G8B8,16x16x1) with 4 generated mipmaps from Image. Internal format is PF_A8R8G8B8,16x16x1.
22:11:51: Texture: sdk_mini_text_box.png: Loading 1 faces(PF_A8R8G8B8,32x32x1) with 5 generated mipmaps from Image. Internal format is PF_A8R8G8B8,32x32x1.
22:11:51: Texture: sdk_label.png: Loading 1 faces(PF_A8R8G8B8,32x32x1) with 5 generated mipmaps from Image. Internal format is PF_A8R8G8B8,32x32x1.
22:11:51: Texture: sdk_separator.png: Loading 1 faces(PF_A8R8G8B8,64x16x1) with 5 generated mipmaps from Image. Internal format is PF_A8R8G8B8,64x16x1.
22:11:51: Texture: sdk_logo.png: Loading 1 faces(PF_A8R8G8B8,128x64x1) with 5 generated mipmaps from Image. Internal format is PF_A8R8G8B8,128x64x1.
22:11:51: Texture: sdk_shade.png: Loading 1 faces(PF_A8R8G8B8,64x48x1) with 5 generated mipmaps from Image. Internal format is PF_A8R8G8B8,64x48x1.
22:11:51: Texture: sdk_frame.png: Loading 1 faces(PF_A8R8G8B8,32x32x1) with 5 generated mipmaps from Image. Internal format is PF_A8R8G8B8,32x32x1.
22:11:51: Texture: sdk_mini_text_box_over.png: Loading 1 faces(PF_A8R8G8B8,32x32x1) with 5 generated mipmaps from Image. Internal format is PF_A8R8G8B8,32x32x1.
22:11:51: Texture: sdk_pulse.png: Loading 1 faces(PF_R8G8B8,8x1x1) with 3 generated mipmaps from Image. Internal format is PF_X8R8G8B8,8x1x1.
22:11:51: Finished parsing scripts for resource group Essential
22:11:51: Creating resources for group Essential
22:11:51: All done
22:11:51: Parsing scripts for resource group Fonts
22:11:51: Finished parsing scripts for resource group Fonts
22:11:51: Creating resources for group Fonts
22:11:51: All done
22:11:51: Parsing scripts for resource group General
22:11:51: Finished parsing scripts for resource group General
22:11:51: Creating resources for group General
22:11:51: All done
22:11:51: Parsing scripts for resource group Imagesets
22:11:51: Finished parsing scripts for resource group Imagesets
22:11:51: Creating resources for group Imagesets
22:11:51: All done
22:11:51: Parsing scripts for resource group Internal
22:11:51: Finished parsing scripts for resource group Internal
22:11:51: Creating resources for group Internal
22:11:51: All done
22:11:51: Parsing scripts for resource group Layouts
22:11:51: Finished parsing scripts for resource group Layouts
22:11:51: Creating resources for group Layouts
22:11:51: All done
22:11:51: Parsing scripts for resource group LookNFeel
22:11:51: Finished parsing scripts for resource group LookNFeel
22:11:51: Creating resources for group LookNFeel
22:11:51: All done
22:11:51: Parsing scripts for resource group Popular
22:11:51: Parsing script Instancing.program
22:11:51: Parsing script StdQuad_vp.program
22:11:51: Parsing script Examples.program
22:11:51: Parsing script DualQuaternion.program
22:11:51: OGRE EXCEPTION(7:InternalErrorException): Unable to compile Cg program Ogre/DualQuaternionHardwareSkinningTwoWeightsTwoPhaseCg: The compile returned an error.
DualQuaternion_Common.cg(167) : warning C7019: "blendWgt" is too large for semantic "BLENDWEIGHT", which is size 1
(0) : error C6007: Constant register limit exceeded; more than 96 constant registers needed to compiled program
(0) : error C6007: Constant register limit exceeded; more than 96 constant registers needed to compiled program
(0) : error C6007: Constant register limit exceeded; more than 96 constant registers needed to compiled program
(0) : error C6007: Constant register limit exceeded; more than 96 constant registers needed to compiled program
(0) : error C6007: Constant register limit exceeded; more than 96 constant registers needed to compiled program
(0) : error C6007: Constant register limit exceeded; more than 96 constant registers needed to compiled program
(0) : error C6007: Constant register limit exceeded; more than 96 constant registers needed to compiled program
(0) : error C6007: Constant register limit exceeded; more than 96 constant registers needed to compiled program
 in CgProgram::compileMicrocode at /home/lq/桌面/orge3d/ogre_src_v1-8-1/PlugIns/CgProgramManager/src/OgreCgProgramManagerDll.cpp (line 67)
22:11:51: High-level program Ogre/DualQuaternionHardwareSkinningTwoWeightsTwoPhaseCg encountered an error during loading and is thus not supported.
OGRE EXCEPTION(7:InternalErrorException): Unable to compile Cg program Ogre/DualQuaternionHardwareSkinningTwoWeightsTwoPhaseCg: The compile returned an error.
DualQuaternion_Common.cg(167) : warning C7019: "blendWgt" is too large for semantic "BLENDWEIGHT", which is size 1
(0) : error C6007: Constant register limit exceeded; more than 96 constant registers needed to compiled program
(0) : error C6007: Constant register limit exceeded; more than 96 constant registers needed to compiled program
(0) : error C6007: Constant register limit exceeded; more than 96 constant registers needed to compiled program
(0) : error C6007: Constant register limit exceeded; more than 96 constant registers needed to compiled program
(0) : error C6007: Constant register limit exceeded; more than 96 constant registers needed to compiled program
(0) : error C6007: Constant register limit exceeded; more than 96 constant registers needed to compiled program
(0) : error C6007: Constant register limit exceeded; more than 96 constant registers needed to compiled program
(0) : error C6007: Constant register limit exceeded; more than 96 constant registers needed to compiled program
 in CgProgram::compileMicrocode at /home/lq/桌面/orge3d/ogre_src_v1-8-1/PlugIns/CgProgramManager/src/OgreCgProgramManagerDll.cpp (line 67)
22:11:51: OGRE EXCEPTION(2:InvalidParametersException): Named constants have not been initialised, perhaps a compile error. in GpuProgramParameters::_findNamedConstantDefinition at /home/lq/桌面/orge3d/ogre_src_v1-8-1/OgreMain/src/OgreGpuProgramParams.cpp (line 1441)
22:11:51: Compiler error: invalid parameters in DualQuaternion.program(28): setting of constant failed
22:11:51: Parsing script CGSwizzle.material
22:11:51: Parsing script Examples-Water.material
22:11:51: Parsing script Penguin.material
22:11:51: Parsing script VTFInstancing.material
22:11:51: Parsing script ParticleGS.material
22:11:51: Parsing script Tiling.material
22:11:51: Parsing script sibenik.material
22:11:51: Parsing script Posterize.material
22:11:51: Parsing script Examples-DynTex.material
22:11:51: Parsing script ShaderInstancing.material
22:11:51: Parsing script Halftone.material
22:11:51: Parsing script DepthShadowmap.material
22:11:51: Parsing script OldMovie.material
22:11:51: Parsing script Examples.material
22:11:51: Parsing script HW_VTF_LUTInstancing.material
22:11:51: Parsing script Bloom2.material
22:11:51: Parsing script DualQuaternion.material
22:11:51: Parsing script GLSLSwizzle.material
22:11:51: Parsing script ASMSwizzle.material
22:11:51: Compiler error: object unsupported by render system in ASMSwizzle.material(1)
22:11:51: Parsing script hdr.material
22:11:51: Parsing script IsoSurf.material
22:11:51: Parsing script ShaderSystem.material
22:11:51: Parsing script ASCII.material
22:11:51: Parsing script Dither.material
22:11:51: Parsing script Embossed.material
22:11:51: Parsing script RadialBlur.material
22:11:51: Parsing script Glass.material
22:11:51: Parsing script pssm.material
22:11:51: Parsing script facial.material
22:11:51: Parsing script HWInstancing.material
22:11:51: Parsing script OldTV.material
22:11:51: Parsing script HW_VTFInstancing.material
22:11:51: Parsing script VarianceShadowmap.material
22:11:51: Parsing script MRTtest.material
22:11:51: Parsing script BlackAndWhite.material
22:11:51: Parsing script Bloom.material
22:11:51: Parsing script MotionBlur.material
22:11:51: Parsing script Laplace.material
22:11:51: Parsing script Hurt.material
22:11:51: Parsing script InstancingMisc.material
22:11:51: Parsing script SharpenEdges.material
22:11:51: Parsing script Invert.material
22:11:51: Parsing script CompositorDemo.material
22:11:51: Parsing script Examples-Advanced.material
22:11:51: Compiler error: object unsupported by render system in Examples-Advanced.material(524)
22:11:51: Compiler error: object unsupported by render system in Examples-Advanced.material(787)
22:11:51: Parsing script NightVision.material
22:11:51: Parsing script smoke.material
22:11:51: Parsing script Example-Water.material
22:11:51: Parsing script DOF.material
22:11:51: Parsing script HeatVision.material
22:11:51: Parsing script RZR-002.material
22:11:51: Parsing script shadows.material
22:11:51: Parsing script OffsetMapping.material
22:11:51: Compiler error: object unsupported by render system in OffsetMapping.material(35)
22:11:51: Parsing script instancing.material
22:11:51: Parsing script Ocean.material
22:11:51: Parsing script Ogre.material
22:11:51: Parsing script HorizonBased.material
22:11:51: Parsing script HemisphereMC.material
22:11:51: Parsing script UnsharpMask.material
22:11:51: Parsing script SSAOPost.material
22:11:51: Parsing script ShowViewPos.material
22:11:51: Parsing script Crytek.material
22:11:51: Parsing script GBuffer.material
22:11:51: Parsing script ShowNormals.material
22:11:51: Parsing script ShowDepth.material
22:11:51: Parsing script Volumetric.material
22:11:51: Parsing script CreaseShading.material
22:11:51: Parsing script Examples.compositor
22:11:51: Parsing script SSAO.compositor
22:11:51: Parsing script SSAOPost.compositor
22:11:51: Parsing script sample.fontdef
22:11:51: Finished parsing scripts for resource group Popular
22:11:51: Creating resources for group Popular
22:11:51: All done
22:11:51: Parsing scripts for resource group Schemes
22:11:51: Finished parsing scripts for resource group Schemes
22:11:51: Creating resources for group Schemes
22:11:51: All done
22:11:51: Mesh: Loading ninja.mesh.
22:11:51: Skeleton: Loading ninja.skeleton
22:11:51: Texture: nskingr.jpg: Loading 1 faces(PF_R8G8B8,512x512x1) with 5 generated mipmaps from Image. Internal format is PF_X8R8G8B8,512x512x1.
22:11:51: *** Initializing OIS ***
22:11:51: Font SdkTrays/Caption using texture size 512x256
22:11:51: Info: Freetype returned null for character 160 in font SdkTrays/Caption
22:11:51: Texture: SdkTrays/CaptionTexture: Loading 1 faces(PF_BYTE_LA,512x256x1) with 0 generated mipmaps from Image. Internal format is PF_BYTE_LA,512x256x1.
22:11:51: Font SdkTrays/Value using texture size 512x256
22:11:51: Info: Freetype returned null for character 127 in font SdkTrays/Value
22:11:51: Info: Freetype returned null for character 128 in font SdkTrays/Value
22:11:51: Info: Freetype returned null for character 129 in font SdkTrays/Value
22:11:51: Info: Freetype returned null for character 130 in font SdkTrays/Value
22:11:51: Info: Freetype returned null for character 131 in font SdkTrays/Value
22:11:51: Info: Freetype returned null for character 132 in font SdkTrays/Value
22:11:51: Info: Freetype returned null for character 133 in font SdkTrays/Value
22:11:51: Info: Freetype returned null for character 134 in font SdkTrays/Value
22:11:51: Info: Freetype returned null for character 135 in font SdkTrays/Value
22:11:51: Info: Freetype returned null for character 136 in font SdkTrays/Value
22:11:51: Info: Freetype returned null for character 137 in font SdkTrays/Value
22:11:51: Info: Freetype returned null for character 138 in font SdkTrays/Value
22:11:51: Info: Freetype returned null for character 139 in font SdkTrays/Value
22:11:51: Info: Freetype returned null for character 140 in font SdkTrays/Value
22:11:51: Info: Freetype returned null for character 141 in font SdkTrays/Value
22:11:51: Info: Freetype returned null for character 142 in font SdkTrays/Value
22:11:51: Info: Freetype returned null for character 143 in font SdkTrays/Value
22:11:51: Info: Freetype returned null for character 144 in font SdkTrays/Value
22:11:51: Info: Freetype returned null for character 145 in font SdkTrays/Value
22:11:51: Info: Freetype returned null for character 146 in font SdkTrays/Value
22:11:51: Info: Freetype returned null for character 147 in font SdkTrays/Value
22:11:51: Info: Freetype returned null for character 148 in font SdkTrays/Value
22:11:51: Info: Freetype returned null for character 149 in font SdkTrays/Value
22:11:51: Info: Freetype returned null for character 150 in font SdkTrays/Value
22:11:51: Info: Freetype returned null for character 151 in font SdkTrays/Value
22:11:51: Info: Freetype returned null for character 152 in font SdkTrays/Value
22:11:51: Info: Freetype returned null for character 153 in font SdkTrays/Value
22:11:51: Info: Freetype returned null for character 154 in font SdkTrays/Value
22:11:51: Info: Freetype returned null for character 155 in font SdkTrays/Value
22:11:51: Info: Freetype returned null for character 156 in font SdkTrays/Value
22:11:51: Info: Freetype returned null for character 157 in font SdkTrays/Value
22:11:51: Info: Freetype returned null for character 158 in font SdkTrays/Value
22:11:51: Info: Freetype returned null for character 159 in font SdkTrays/Value
22:11:51: Info: Freetype returned null for character 160 in font SdkTrays/Value
22:11:51: Texture: SdkTrays/ValueTexture: Loading 1 faces(PF_BYTE_LA,512x256x1) with 0 generated mipmaps from Image. Internal format is PF_BYTE_LA,512x256x1.
